ARM GAS  C:\Users\Mattia40\AppData\Local\Temp\ccnH2pDd.s 			page 1


   1              		.syntax unified
   2              		.cpu cortex-m3
   3              		.fpu softvfp
   4              		.eabi_attribute 20, 1
   5              		.eabi_attribute 21, 1
   6              		.eabi_attribute 23, 3
   7              		.eabi_attribute 24, 1
   8              		.eabi_attribute 25, 1
   9              		.eabi_attribute 26, 1
  10              		.eabi_attribute 30, 1
  11              		.eabi_attribute 34, 1
  12              		.eabi_attribute 18, 4
  13              		.thumb
  14              		.syntax unified
  15              		.file	"main.c"
  16              		.text
  17              	.Ltext0:
  18              		.cfi_sections	.debug_frame
  19              		.section	.text.main,"ax",%progbits
  20              		.align	2
  21              		.global	main
  22              		.thumb
  23              		.thumb_func
  24              		.type	main, %function
  25              	main:
  26              	.LFB64:
  27              		.file 1 "main.c"
   1:main.c        **** /**
   2:main.c        **** *
   3:main.c        **** * In this project we set up a I2C master device with
   4:main.c        **** * to understand the I2C protocol and communicate with a
   5:main.c        **** * a I2C Slave device (LIS3DH Accelerometer).
   6:main.c        **** *
   7:main.c        **** * we have to use the accelerometer in Normal mode  
   8:main.c        **** * in order to acquire the data relating to the acceleration in 
   9:main.c        **** * the three directions. Then we visualize values with
  10:main.c        **** * Bridge Control Panel
  11:main.c        **** *
  12:main.c        **** * For the comunication we use a baud rate of 9600 because
  13:main.c        **** * we have to sample with a frequency of 100Hz, so we have 
  14:main.c        **** * 100 sample per second; we have to send to the 
  15:main.c        **** * UART an array with size of 8. So 8*8*100=6400 that is lower
  16:main.c        **** * than 9600
  17:main.c        **** */
  18:main.c        **** 
  19:main.c        **** // Include required header files
  20:main.c        **** #include "I2C_Interface.h"
  21:main.c        **** #include "project.h"
  22:main.c        **** #include "stdio.h"
  23:main.c        **** #include "Defines.h"
  24:main.c        **** 
  25:main.c        **** int main(void)
  26:main.c        **** {
  28              		.loc 1 26 0
  29              		.cfi_startproc
  30              		@ args = 0, pretend = 0, frame = 80
  31              		@ frame_needed = 0, uses_anonymous_args = 0
ARM GAS  C:\Users\Mattia40\AppData\Local\Temp\ccnH2pDd.s 			page 2


  32 0000 10B5     		push	{r4, lr}
  33              		.cfi_def_cfa_offset 8
  34              		.cfi_offset 4, -8
  35              		.cfi_offset 14, -4
  36 0002 94B0     		sub	sp, sp, #80
  37              		.cfi_def_cfa_offset 88
  27:main.c        ****     CyGlobalIntEnable; /* Enable global interrupts. */
  38              		.loc 1 27 0
  39              		.syntax unified
  40              	@ 27 "main.c" 1
  41 0004 62B6     		CPSIE   i
  42              	@ 0 "" 2
  28:main.c        **** 
  29:main.c        ****     /* Place your initialization/startup code here (e.g. MyInst_Start()) */
  30:main.c        ****     I2C_Peripheral_Start();
  43              		.loc 1 30 0
  44              		.thumb
  45              		.syntax unified
  46 0006 FFF7FEFF 		bl	I2C_Peripheral_Start
  47              	.LVL0:
  31:main.c        ****     UART_Debug_Start();
  48              		.loc 1 31 0
  49 000a FFF7FEFF 		bl	UART_Debug_Start
  50              	.LVL1:
  32:main.c        ****     
  33:main.c        ****     CyDelay(5); //"The boot procedure is complete about 5 milliseconds after device power-up."
  51              		.loc 1 33 0
  52 000e 0520     		movs	r0, #5
  53 0010 FFF7FEFF 		bl	CyDelay
  54              	.LVL2:
  55              	.LBB2:
  34:main.c        ****     
  35:main.c        ****     // String to print out messages on the UART
  36:main.c        ****     char message[50];
  37:main.c        **** 
  38:main.c        ****     // Check which devices are present on the I2C bus
  39:main.c        ****     for (int i = 0 ; i < 128; i++)
  56              		.loc 1 39 0
  57 0014 0024     		movs	r4, #0
  58 0016 0CE0     		b	.L2
  59              	.LVL3:
  60              	.L4:
  40:main.c        ****     {
  41:main.c        ****         if (I2C_Peripheral_IsDeviceConnected(i))
  61              		.loc 1 41 0
  62 0018 E0B2     		uxtb	r0, r4
  63 001a FFF7FEFF 		bl	I2C_Peripheral_IsDeviceConnected
  64              	.LVL4:
  65 001e 38B1     		cbz	r0, .L3
  42:main.c        ****         {
  43:main.c        ****             // print out the address is hex format
  44:main.c        ****             sprintf(message, "Device 0x%02X is connected\r\n", i);
  66              		.loc 1 44 0
  67 0020 2246     		mov	r2, r4
  68 0022 7649     		ldr	r1, .L23
  69 0024 07A8     		add	r0, sp, #28
  70 0026 FFF7FEFF 		bl	sprintf
ARM GAS  C:\Users\Mattia40\AppData\Local\Temp\ccnH2pDd.s 			page 3


  71              	.LVL5:
  45:main.c        ****             UART_Debug_PutString(message); 
  72              		.loc 1 45 0
  73 002a 07A8     		add	r0, sp, #28
  74 002c FFF7FEFF 		bl	UART_Debug_PutString
  75              	.LVL6:
  76              	.L3:
  39:main.c        ****     {
  77              		.loc 1 39 0 discriminator 2
  78 0030 0134     		adds	r4, r4, #1
  79              	.LVL7:
  80              	.L2:
  39:main.c        ****     {
  81              		.loc 1 39 0 is_stmt 0 discriminator 1
  82 0032 7F2C     		cmp	r4, #127
  83 0034 F0DD     		ble	.L4
  84              	.LBE2:
  46:main.c        ****         }
  47:main.c        ****         
  48:main.c        ****     }
  49:main.c        ****     
  50:main.c        ****     /******************************************/
  51:main.c        ****     /*            I2C Reading                 */
  52:main.c        ****     /******************************************/
  53:main.c        ****     
  54:main.c        ****     /* Read WHO AM I REGISTER register */
  55:main.c        ****     uint8_t who_am_i_reg;
  56:main.c        ****     ErrorCode error = I2C_Peripheral_ReadRegister(LIS3DH_DEVICE_ADDRESS,
  85              		.loc 1 56 0 is_stmt 1
  86 0036 0DF11B02 		add	r2, sp, #27
  87 003a 0F21     		movs	r1, #15
  88 003c 1820     		movs	r0, #24
  89 003e FFF7FEFF 		bl	I2C_Peripheral_ReadRegister
  90              	.LVL8:
  57:main.c        ****                                                   LIS3DH_WHO_AM_I_REG_ADDR, 
  58:main.c        ****                                                   &who_am_i_reg);
  59:main.c        ****     if (error == NO_ERROR)
  91              		.loc 1 59 0
  92 0042 48B9     		cbnz	r0, .L5
  60:main.c        ****     {
  61:main.c        ****         sprintf(message, "WHO AM I REG: 0x%02X [Expected: 0x33]\r\n", who_am_i_reg);
  93              		.loc 1 61 0
  94 0044 9DF81B20 		ldrb	r2, [sp, #27]	@ zero_extendqisi2
  95 0048 6D49     		ldr	r1, .L23+4
  96 004a 07A8     		add	r0, sp, #28
  97              	.LVL9:
  98 004c FFF7FEFF 		bl	sprintf
  99              	.LVL10:
  62:main.c        ****         UART_Debug_PutString(message); 
 100              		.loc 1 62 0
 101 0050 07A8     		add	r0, sp, #28
 102 0052 FFF7FEFF 		bl	UART_Debug_PutString
 103              	.LVL11:
 104 0056 02E0     		b	.L6
 105              	.LVL12:
 106              	.L5:
  63:main.c        ****     }
ARM GAS  C:\Users\Mattia40\AppData\Local\Temp\ccnH2pDd.s 			page 4


  64:main.c        ****     else
  65:main.c        ****     {
  66:main.c        ****         UART_Debug_PutString("Error occurred during I2C comm\r\n");   
 107              		.loc 1 66 0
 108 0058 6A48     		ldr	r0, .L23+8
 109              	.LVL13:
 110 005a FFF7FEFF 		bl	UART_Debug_PutString
 111              	.LVL14:
 112              	.L6:
  67:main.c        ****     }
  68:main.c        ****     
  69:main.c        ****     /*      I2C Reading Status Register       */
  70:main.c        ****     
  71:main.c        ****     uint8_t status_register; 
  72:main.c        ****     error = I2C_Peripheral_ReadRegister(LIS3DH_DEVICE_ADDRESS,
 113              		.loc 1 72 0
 114 005e 0DF11A02 		add	r2, sp, #26
 115 0062 2721     		movs	r1, #39
 116 0064 1820     		movs	r0, #24
 117 0066 FFF7FEFF 		bl	I2C_Peripheral_ReadRegister
 118              	.LVL15:
  73:main.c        ****                                         LIS3DH_STATUS_REG,
  74:main.c        ****                                         &status_register);
  75:main.c        ****     
  76:main.c        ****     if (error == NO_ERROR)
 119              		.loc 1 76 0
 120 006a 48B9     		cbnz	r0, .L7
  77:main.c        ****     {
  78:main.c        ****         sprintf(message, "STATUS REGISTER: 0x%02X\r\n", status_register);
 121              		.loc 1 78 0
 122 006c 9DF81A20 		ldrb	r2, [sp, #26]	@ zero_extendqisi2
 123 0070 6549     		ldr	r1, .L23+12
 124 0072 07A8     		add	r0, sp, #28
 125              	.LVL16:
 126 0074 FFF7FEFF 		bl	sprintf
 127              	.LVL17:
  79:main.c        ****         UART_Debug_PutString(message); 
 128              		.loc 1 79 0
 129 0078 07A8     		add	r0, sp, #28
 130 007a FFF7FEFF 		bl	UART_Debug_PutString
 131              	.LVL18:
 132 007e 02E0     		b	.L8
 133              	.LVL19:
 134              	.L7:
  80:main.c        ****     }
  81:main.c        ****     else
  82:main.c        ****     {
  83:main.c        ****         UART_Debug_PutString("Error occurred during I2C comm to read status register\r\n");   
 135              		.loc 1 83 0
 136 0080 6248     		ldr	r0, .L23+16
 137              	.LVL20:
 138 0082 FFF7FEFF 		bl	UART_Debug_PutString
 139              	.LVL21:
 140              	.L8:
  84:main.c        ****     }
  85:main.c        ****     
  86:main.c        ****     
ARM GAS  C:\Users\Mattia40\AppData\Local\Temp\ccnH2pDd.s 			page 5


  87:main.c        ****     /******************************************/
  88:main.c        ****     /*        Read Control Register 1         */
  89:main.c        ****     /******************************************/
  90:main.c        ****     uint8_t ctrl_reg1; 
  91:main.c        ****     error = I2C_Peripheral_ReadRegister(LIS3DH_DEVICE_ADDRESS,
 141              		.loc 1 91 0
 142 0086 0DF11902 		add	r2, sp, #25
 143 008a 2021     		movs	r1, #32
 144 008c 1820     		movs	r0, #24
 145 008e FFF7FEFF 		bl	I2C_Peripheral_ReadRegister
 146              	.LVL22:
  92:main.c        ****                                         LIS3DH_CTRL_REG1,
  93:main.c        ****                                         &ctrl_reg1);
  94:main.c        ****     
  95:main.c        ****     if (error == NO_ERROR)
 147              		.loc 1 95 0
 148 0092 48B9     		cbnz	r0, .L9
  96:main.c        ****     {
  97:main.c        ****         sprintf(message, "CONTROL REGISTER 1: 0x%02X\r\n", ctrl_reg1);
 149              		.loc 1 97 0
 150 0094 9DF81920 		ldrb	r2, [sp, #25]	@ zero_extendqisi2
 151 0098 5D49     		ldr	r1, .L23+20
 152 009a 07A8     		add	r0, sp, #28
 153              	.LVL23:
 154 009c FFF7FEFF 		bl	sprintf
 155              	.LVL24:
  98:main.c        ****         UART_Debug_PutString(message); 
 156              		.loc 1 98 0
 157 00a0 07A8     		add	r0, sp, #28
 158 00a2 FFF7FEFF 		bl	UART_Debug_PutString
 159              	.LVL25:
 160 00a6 02E0     		b	.L10
 161              	.LVL26:
 162              	.L9:
  99:main.c        ****     }
 100:main.c        ****     else
 101:main.c        ****     {
 102:main.c        ****         UART_Debug_PutString("Error occurred during I2C comm to read control register 1\r\n");   
 163              		.loc 1 102 0
 164 00a8 5A48     		ldr	r0, .L23+24
 165              	.LVL27:
 166 00aa FFF7FEFF 		bl	UART_Debug_PutString
 167              	.LVL28:
 168              	.L10:
 103:main.c        ****     }
 104:main.c        ****     
 105:main.c        ****     /******************************************/
 106:main.c        ****     /*            I2C Writing                 */
 107:main.c        ****     /******************************************/
 108:main.c        ****     
 109:main.c        ****         
 110:main.c        ****     UART_Debug_PutString("\r\nWriting new values..\r\n");
 169              		.loc 1 110 0
 170 00ae 5A48     		ldr	r0, .L23+28
 171 00b0 FFF7FEFF 		bl	UART_Debug_PutString
 172              	.LVL29:
 111:main.c        ****     
ARM GAS  C:\Users\Mattia40\AppData\Local\Temp\ccnH2pDd.s 			page 6


 112:main.c        ****     if (ctrl_reg1 != LIS3DH_NORMAL_MODE_CTRL_REG1)//LP a 0
 173              		.loc 1 112 0
 174 00b4 9DF81930 		ldrb	r3, [sp, #25]	@ zero_extendqisi2
 175 00b8 572B     		cmp	r3, #87
 176 00ba 14D0     		beq	.L11
 113:main.c        ****     {
 114:main.c        ****         ctrl_reg1 = LIS3DH_NORMAL_MODE_CTRL_REG1;
 177              		.loc 1 114 0
 178 00bc 5722     		movs	r2, #87
 179 00be 8DF81920 		strb	r2, [sp, #25]
 115:main.c        ****     
 116:main.c        ****         error = I2C_Peripheral_WriteRegister(LIS3DH_DEVICE_ADDRESS,
 180              		.loc 1 116 0
 181 00c2 2021     		movs	r1, #32
 182 00c4 1820     		movs	r0, #24
 183 00c6 FFF7FEFF 		bl	I2C_Peripheral_WriteRegister
 184              	.LVL30:
 117:main.c        ****                                              LIS3DH_CTRL_REG1,
 118:main.c        ****                                              ctrl_reg1);
 119:main.c        ****     
 120:main.c        ****         if (error == NO_ERROR)
 185              		.loc 1 120 0
 186 00ca 48B9     		cbnz	r0, .L12
 121:main.c        ****         {
 122:main.c        ****             sprintf(message, "CONTROL REGISTER 1 successfully written as: 0x%02X\r\n", ctrl_reg1);
 187              		.loc 1 122 0
 188 00cc 9DF81920 		ldrb	r2, [sp, #25]	@ zero_extendqisi2
 189 00d0 5249     		ldr	r1, .L23+32
 190 00d2 07A8     		add	r0, sp, #28
 191              	.LVL31:
 192 00d4 FFF7FEFF 		bl	sprintf
 193              	.LVL32:
 123:main.c        ****             UART_Debug_PutString(message); 
 194              		.loc 1 123 0
 195 00d8 07A8     		add	r0, sp, #28
 196 00da FFF7FEFF 		bl	UART_Debug_PutString
 197              	.LVL33:
 198 00de 02E0     		b	.L11
 199              	.LVL34:
 200              	.L12:
 124:main.c        ****         }
 125:main.c        ****         else
 126:main.c        ****         {
 127:main.c        ****             UART_Debug_PutString("Error occurred during I2C comm to set control register 1\r\n");  
 201              		.loc 1 127 0
 202 00e0 4F48     		ldr	r0, .L23+36
 203              	.LVL35:
 204 00e2 FFF7FEFF 		bl	UART_Debug_PutString
 205              	.LVL36:
 206              	.L11:
 128:main.c        ****         }
 129:main.c        ****     }
 130:main.c        ****     
 131:main.c        ****     /******************************************/
 132:main.c        ****     /*     Read Control Register 1 again      */
 133:main.c        ****     /******************************************/
 134:main.c        **** 
ARM GAS  C:\Users\Mattia40\AppData\Local\Temp\ccnH2pDd.s 			page 7


 135:main.c        ****     error = I2C_Peripheral_ReadRegister(LIS3DH_DEVICE_ADDRESS,
 207              		.loc 1 135 0
 208 00e6 0DF11902 		add	r2, sp, #25
 209 00ea 2021     		movs	r1, #32
 210 00ec 1820     		movs	r0, #24
 211 00ee FFF7FEFF 		bl	I2C_Peripheral_ReadRegister
 212              	.LVL37:
 136:main.c        ****                                         LIS3DH_CTRL_REG1,
 137:main.c        ****                                         &ctrl_reg1);
 138:main.c        ****     
 139:main.c        ****     if (error == NO_ERROR)
 213              		.loc 1 139 0
 214 00f2 48B9     		cbnz	r0, .L13
 140:main.c        ****     {
 141:main.c        ****         sprintf(message, "CONTROL REGISTER 1 after overwrite operation: 0x%02X\r\n", ctrl_reg1);
 215              		.loc 1 141 0
 216 00f4 9DF81920 		ldrb	r2, [sp, #25]	@ zero_extendqisi2
 217 00f8 4A49     		ldr	r1, .L23+40
 218 00fa 07A8     		add	r0, sp, #28
 219              	.LVL38:
 220 00fc FFF7FEFF 		bl	sprintf
 221              	.LVL39:
 142:main.c        ****         UART_Debug_PutString(message); 
 222              		.loc 1 142 0
 223 0100 07A8     		add	r0, sp, #28
 224 0102 FFF7FEFF 		bl	UART_Debug_PutString
 225              	.LVL40:
 226 0106 02E0     		b	.L14
 227              	.LVL41:
 228              	.L13:
 143:main.c        ****     }
 144:main.c        ****     else
 145:main.c        ****     {
 146:main.c        ****         UART_Debug_PutString("Error occurred during I2C comm to read control register 1\r\n");   
 229              		.loc 1 146 0
 230 0108 4248     		ldr	r0, .L23+24
 231              	.LVL42:
 232 010a FFF7FEFF 		bl	UART_Debug_PutString
 233              	.LVL43:
 234              	.L14:
 147:main.c        ****     }
 148:main.c        ****     
 149:main.c        ****         /******************************************/
 150:main.c        ****     /*     Read Control Register 4    */
 151:main.c        ****     /******************************************/
 152:main.c        ****     
 153:main.c        ****     uint8_t ctrl_reg4;
 154:main.c        **** 
 155:main.c        ****     error = I2C_Peripheral_ReadRegister(LIS3DH_DEVICE_ADDRESS,
 235              		.loc 1 155 0
 236 010e 06AA     		add	r2, sp, #24
 237 0110 2321     		movs	r1, #35
 238 0112 1820     		movs	r0, #24
 239 0114 FFF7FEFF 		bl	I2C_Peripheral_ReadRegister
 240              	.LVL44:
 156:main.c        ****                                         LIS3DH_CTRL_REG4,
 157:main.c        ****                                         &ctrl_reg4);
ARM GAS  C:\Users\Mattia40\AppData\Local\Temp\ccnH2pDd.s 			page 8


 158:main.c        ****     
 159:main.c        ****     if (error == NO_ERROR)
 241              		.loc 1 159 0
 242 0118 48B9     		cbnz	r0, .L15
 160:main.c        ****     {
 161:main.c        ****         sprintf(message, "CONTROL REGISTER 4: 0x%02X\r\n", ctrl_reg4);
 243              		.loc 1 161 0
 244 011a 9DF81820 		ldrb	r2, [sp, #24]	@ zero_extendqisi2
 245 011e 4249     		ldr	r1, .L23+44
 246 0120 07A8     		add	r0, sp, #28
 247              	.LVL45:
 248 0122 FFF7FEFF 		bl	sprintf
 249              	.LVL46:
 162:main.c        ****         UART_Debug_PutString(message); 
 250              		.loc 1 162 0
 251 0126 07A8     		add	r0, sp, #28
 252 0128 FFF7FEFF 		bl	UART_Debug_PutString
 253              	.LVL47:
 254 012c 02E0     		b	.L16
 255              	.LVL48:
 256              	.L15:
 163:main.c        ****     }
 164:main.c        ****     else
 165:main.c        ****     {
 166:main.c        ****         UART_Debug_PutString("Error occurred during I2C comm to read control register4\r\n");   
 257              		.loc 1 166 0
 258 012e 3F48     		ldr	r0, .L23+48
 259              	.LVL49:
 260 0130 FFF7FEFF 		bl	UART_Debug_PutString
 261              	.LVL50:
 262              	.L16:
 167:main.c        ****     }
 168:main.c        ****     
 169:main.c        ****     
 170:main.c        ****     ctrl_reg4 = LIS3DH_CTRL_REG4_BDU_ACTIVE; // must be changed to the appropriate value
 263              		.loc 1 170 0
 264 0134 8022     		movs	r2, #128
 265 0136 14AC     		add	r4, sp, #80
 266              	.LVL51:
 267 0138 04F8382D 		strb	r2, [r4, #-56]!
 171:main.c        ****     
 172:main.c        ****     error = I2C_Peripheral_WriteRegister(LIS3DH_DEVICE_ADDRESS,
 268              		.loc 1 172 0
 269 013c 2321     		movs	r1, #35
 270 013e 1820     		movs	r0, #24
 271 0140 FFF7FEFF 		bl	I2C_Peripheral_WriteRegister
 272              	.LVL52:
 173:main.c        ****                                          LIS3DH_CTRL_REG4,
 174:main.c        ****                                          ctrl_reg4);
 175:main.c        ****     
 176:main.c        ****     error = I2C_Peripheral_ReadRegister(LIS3DH_DEVICE_ADDRESS,
 273              		.loc 1 176 0
 274 0144 2246     		mov	r2, r4
 275 0146 2321     		movs	r1, #35
 276 0148 1820     		movs	r0, #24
 277 014a FFF7FEFF 		bl	I2C_Peripheral_ReadRegister
 278              	.LVL53:
ARM GAS  C:\Users\Mattia40\AppData\Local\Temp\ccnH2pDd.s 			page 9


 177:main.c        ****                                         LIS3DH_CTRL_REG4,
 178:main.c        ****                                         &ctrl_reg4);
 179:main.c        ****     
 180:main.c        ****     
 181:main.c        ****     if (error == NO_ERROR)
 279              		.loc 1 181 0
 280 014e 48B9     		cbnz	r0, .L17
 182:main.c        ****     {
 183:main.c        ****         sprintf(message, "CONTROL REGISTER 4 after being updated: 0x%02X\r\n", ctrl_reg4);
 281              		.loc 1 183 0
 282 0150 9DF81820 		ldrb	r2, [sp, #24]	@ zero_extendqisi2
 283 0154 3649     		ldr	r1, .L23+52
 284 0156 07A8     		add	r0, sp, #28
 285              	.LVL54:
 286 0158 FFF7FEFF 		bl	sprintf
 287              	.LVL55:
 184:main.c        ****         UART_Debug_PutString(message); 
 288              		.loc 1 184 0
 289 015c 07A8     		add	r0, sp, #28
 290 015e FFF7FEFF 		bl	UART_Debug_PutString
 291              	.LVL56:
 292 0162 02E0     		b	.L18
 293              	.LVL57:
 294              	.L17:
 185:main.c        ****     }
 186:main.c        ****     else
 187:main.c        ****     {
 188:main.c        ****         UART_Debug_PutString("Error occurred during I2C comm to read control register4\r\n");   
 295              		.loc 1 188 0
 296 0164 3148     		ldr	r0, .L23+48
 297              	.LVL58:
 298 0166 FFF7FEFF 		bl	UART_Debug_PutString
 299              	.LVL59:
 300              	.L18:
 189:main.c        ****     }
 190:main.c        ****     
 191:main.c        ****      
 192:main.c        ****     
 193:main.c        ****     int16_t OutX;//used to merge the two uint8_t value from the array XYZData relative to the x dir
 194:main.c        ****     int16_t OutY;//used to merge the two uint8_t value from the array XYZData relative to the y dir
 195:main.c        ****     int16_t OutZ;//used to merge the two uint8_t value from the array XYZData relative to the z dir
 196:main.c        ****     uint8_t header = 0xA0;//header for UART comunication
 197:main.c        ****     uint8_t footer = 0xC0;//header for UART comunication
 198:main.c        ****     uint8_t OutArray[8]; //array to be sent through UART
 199:main.c        ****     uint8_t XYZData[10];//Array used to read data
 200:main.c        ****     uint8_t register_count=5;//it is 5--> we need to read six value, from *(data) to  *(data+5)
 201:main.c        **** 
 202:main.c        ****     OutArray[0] = header;
 301              		.loc 1 202 0
 302 016a A023     		movs	r3, #160
 303 016c 8DF81030 		strb	r3, [sp, #16]
 203:main.c        ****     OutArray[7] = footer;
 304              		.loc 1 203 0
 305 0170 C023     		movs	r3, #192
 306 0172 8DF81730 		strb	r3, [sp, #23]
 307              	.L19:
 204:main.c        ****     
ARM GAS  C:\Users\Mattia40\AppData\Local\Temp\ccnH2pDd.s 			page 10


 205:main.c        ****     for(;;)
 206:main.c        ****     {
 207:main.c        ****         //verify new Data is available using StatusReg information
 208:main.c        ****         error = I2C_Peripheral_ReadRegister(LIS3DH_DEVICE_ADDRESS,
 308              		.loc 1 208 0
 309 0176 0DF11A02 		add	r2, sp, #26
 310 017a 2721     		movs	r1, #39
 311 017c 1820     		movs	r0, #24
 312 017e FFF7FEFF 		bl	I2C_Peripheral_ReadRegister
 313              	.LVL60:
 209:main.c        ****                                         LIS3DH_STATUS_REG,
 210:main.c        ****                                         &status_register);
 211:main.c        ****         
 212:main.c        ****         // only if there are new Data  available, we comunicate with the UART
 213:main.c        ****         if(status_register & (1<<LIS3DH_STATUS_REG_ACTIVE_ZYXDA))
 314              		.loc 1 213 0
 315 0182 9DF81A30 		ldrb	r3, [sp, #26]	@ zero_extendqisi2
 316 0186 13F0080F 		tst	r3, #8
 317 018a F4D0     		beq	.L19
 214:main.c        ****         {
 215:main.c        ****             //Use of multi-read function to read 6 consequent registers starting from OUT_X_L
 216:main.c        ****             error = I2C_Peripheral_ReadRegisterMulti(LIS3DH_DEVICE_ADDRESS,
 318              		.loc 1 216 0
 319 018c 01AB     		add	r3, sp, #4
 320 018e 0522     		movs	r2, #5
 321 0190 2821     		movs	r1, #40
 322 0192 1820     		movs	r0, #24
 323 0194 FFF7FEFF 		bl	I2C_Peripheral_ReadRegisterMulti
 324              	.LVL61:
 217:main.c        ****                                             LIS3DH_OUT_X_L,
 218:main.c        ****                                             register_count,
 219:main.c        ****                                             &XYZData[0]);
 220:main.c        ****            
 221:main.c        ****             if(error == NO_ERROR)
 325              		.loc 1 221 0
 326 0198 0028     		cmp	r0, #0
 327 019a ECD1     		bne	.L19
 222:main.c        ****             {
 223:main.c        **** 
 224:main.c        ****                 OutX = (int16)((XYZData[0] | (XYZData[1]<<8)))>>6;//merge data into a single int16 
 328              		.loc 1 224 0
 329 019c 9DF80430 		ldrb	r3, [sp, #4]	@ zero_extendqisi2
 330 01a0 9DF80510 		ldrb	r1, [sp, #5]	@ zero_extendqisi2
 331 01a4 43EA0121 		orr	r1, r3, r1, lsl #8
 332 01a8 41F38911 		sbfx	r1, r1, #6, #10
 333              	.LVL62:
 225:main.c        ****                 OutY = (int16)((XYZData[2] | (XYZData[3]<<8)))>>6;//merge data into a single int16 
 334              		.loc 1 225 0
 335 01ac 9DF80630 		ldrb	r3, [sp, #6]	@ zero_extendqisi2
 336 01b0 9DF80720 		ldrb	r2, [sp, #7]	@ zero_extendqisi2
 337 01b4 43EA0222 		orr	r2, r3, r2, lsl #8
 338 01b8 42F38912 		sbfx	r2, r2, #6, #10
 339              	.LVL63:
 226:main.c        ****                 OutZ = (int16)((XYZData[4] | (XYZData[5]<<8)))>>6;//merge data into a single int16 
 340              		.loc 1 226 0
 341 01bc 9DF80830 		ldrb	r3, [sp, #8]	@ zero_extendqisi2
 342 01c0 9DF80900 		ldrb	r0, [sp, #9]	@ zero_extendqisi2
ARM GAS  C:\Users\Mattia40\AppData\Local\Temp\ccnH2pDd.s 			page 11


 343              	.LVL64:
 344 01c4 43EA0023 		orr	r3, r3, r0, lsl #8
 345 01c8 43F38913 		sbfx	r3, r3, #6, #10
 346              	.LVL65:
 227:main.c        ****                
 228:main.c        ****                 OutArray[1] = (uint8_t)(OutX & 0xFF);//copy of the LSB of x into the position 1 of 
 347              		.loc 1 228 0
 348 01cc 8DF81110 		strb	r1, [sp, #17]
 229:main.c        ****                 OutArray[2] = (uint8_t)(OutX >> 8);//copy of the MSB of x into the position 2 of th
 349              		.loc 1 229 0
 350 01d0 C1F30721 		ubfx	r1, r1, #8, #8
 351              	.LVL66:
 352 01d4 8DF81210 		strb	r1, [sp, #18]
 230:main.c        ****                 OutArray[3] = (uint8_t)(OutY & 0xFF);//copy of the LSB of y into the position 3 of 
 353              		.loc 1 230 0
 354 01d8 8DF81320 		strb	r2, [sp, #19]
 231:main.c        ****                 OutArray[4] = (uint8_t)(OutY >> 8);//copy of the MSB of y into the position 4 of th
 355              		.loc 1 231 0
 356 01dc C2F30722 		ubfx	r2, r2, #8, #8
 357              	.LVL67:
 358 01e0 8DF81420 		strb	r2, [sp, #20]
 232:main.c        ****                 OutArray[5] = (uint8_t)(OutZ & 0xFF);//copy of the LSB of z into the position 5 of 
 359              		.loc 1 232 0
 360 01e4 8DF81530 		strb	r3, [sp, #21]
 233:main.c        ****                 OutArray[6] = (uint8_t)(OutZ >> 8);//copy of the MSB of z into the position 6 of th
 361              		.loc 1 233 0
 362 01e8 C3F30723 		ubfx	r3, r3, #8, #8
 363              	.LVL68:
 364 01ec 8DF81630 		strb	r3, [sp, #22]
 234:main.c        ****                 UART_Debug_PutArray(OutArray, 8);//UART comunication
 365              		.loc 1 234 0
 366 01f0 0821     		movs	r1, #8
 367 01f2 04A8     		add	r0, sp, #16
 368              	.LVL69:
 369 01f4 FFF7FEFF 		bl	UART_Debug_PutArray
 370              	.LVL70:
 371 01f8 BDE7     		b	.L19
 372              	.L24:
 373 01fa 00BF     		.align	2
 374              	.L23:
 375 01fc 00000000 		.word	.LC0
 376 0200 20000000 		.word	.LC1
 377 0204 48000000 		.word	.LC2
 378 0208 6C000000 		.word	.LC3
 379 020c 88000000 		.word	.LC4
 380 0210 C4000000 		.word	.LC5
 381 0214 E4000000 		.word	.LC6
 382 0218 20010000 		.word	.LC7
 383 021c 3C010000 		.word	.LC8
 384 0220 74010000 		.word	.LC9
 385 0224 B0010000 		.word	.LC10
 386 0228 E8010000 		.word	.LC11
 387 022c 08020000 		.word	.LC12
 388 0230 44020000 		.word	.LC13
 389              		.cfi_endproc
 390              	.LFE64:
 391              		.size	main, .-main
ARM GAS  C:\Users\Mattia40\AppData\Local\Temp\ccnH2pDd.s 			page 12


 392              		.section	.rodata.str1.4,"aMS",%progbits,1
 393              		.align	2
 394              	.LC0:
 395 0000 44657669 		.ascii	"Device 0x%02X is connected\015\012\000"
 395      63652030 
 395      78253032 
 395      58206973 
 395      20636F6E 
 396 001d 000000   		.space	3
 397              	.LC1:
 398 0020 57484F20 		.ascii	"WHO AM I REG: 0x%02X [Expected: 0x33]\015\012\000"
 398      414D2049 
 398      20524547 
 398      3A203078 
 398      25303258 
 399              	.LC2:
 400 0048 4572726F 		.ascii	"Error occurred during I2C comm\015\012\000"
 400      72206F63 
 400      63757272 
 400      65642064 
 400      7572696E 
 401 0069 000000   		.space	3
 402              	.LC3:
 403 006c 53544154 		.ascii	"STATUS REGISTER: 0x%02X\015\012\000"
 403      55532052 
 403      45474953 
 403      5445523A 
 403      20307825 
 404 0086 0000     		.space	2
 405              	.LC4:
 406 0088 4572726F 		.ascii	"Error occurred during I2C comm to read status regis"
 406      72206F63 
 406      63757272 
 406      65642064 
 406      7572696E 
 407 00bb 7465720D 		.ascii	"ter\015\012\000"
 407      0A00
 408 00c1 000000   		.space	3
 409              	.LC5:
 410 00c4 434F4E54 		.ascii	"CONTROL REGISTER 1: 0x%02X\015\012\000"
 410      524F4C20 
 410      52454749 
 410      53544552 
 410      20313A20 
 411 00e1 000000   		.space	3
 412              	.LC6:
 413 00e4 4572726F 		.ascii	"Error occurred during I2C comm to read control regi"
 413      72206F63 
 413      63757272 
 413      65642064 
 413      7572696E 
 414 0117 73746572 		.ascii	"ster 1\015\012\000"
 414      20310D0A 
 414      00
 415              	.LC7:
 416 0120 0D0A5772 		.ascii	"\015\012Writing new values..\015\012\000"
 416      6974696E 
ARM GAS  C:\Users\Mattia40\AppData\Local\Temp\ccnH2pDd.s 			page 13


 416      67206E65 
 416      77207661 
 416      6C756573 
 417 0139 000000   		.space	3
 418              	.LC8:
 419 013c 434F4E54 		.ascii	"CONTROL REGISTER 1 successfully written as: 0x%02X\015"
 419      524F4C20 
 419      52454749 
 419      53544552 
 419      20312073 
 420 016f 0A00     		.ascii	"\012\000"
 421 0171 000000   		.space	3
 422              	.LC9:
 423 0174 4572726F 		.ascii	"Error occurred during I2C comm to set control regis"
 423      72206F63 
 423      63757272 
 423      65642064 
 423      7572696E 
 424 01a7 74657220 		.ascii	"ter 1\015\012\000"
 424      310D0A00 
 425 01af 00       		.space	1
 426              	.LC10:
 427 01b0 434F4E54 		.ascii	"CONTROL REGISTER 1 after overwrite operation: 0x%02"
 427      524F4C20 
 427      52454749 
 427      53544552 
 427      20312061 
 428 01e3 580D0A00 		.ascii	"X\015\012\000"
 429 01e7 00       		.space	1
 430              	.LC11:
 431 01e8 434F4E54 		.ascii	"CONTROL REGISTER 4: 0x%02X\015\012\000"
 431      524F4C20 
 431      52454749 
 431      53544552 
 431      20343A20 
 432 0205 000000   		.space	3
 433              	.LC12:
 434 0208 4572726F 		.ascii	"Error occurred during I2C comm to read control regi"
 434      72206F63 
 434      63757272 
 434      65642064 
 434      7572696E 
 435 023b 73746572 		.ascii	"ster4\015\012\000"
 435      340D0A00 
 436 0243 00       		.space	1
 437              	.LC13:
 438 0244 434F4E54 		.ascii	"CONTROL REGISTER 4 after being updated: 0x%02X\015\012"
 438      524F4C20 
 438      52454749 
 438      53544552 
 438      20342061 
 439 0274 00       		.ascii	"\000"
 440              		.text
 441              	.Letext0:
 442              		.file 2 "c:\\program files (x86)\\cypress\\psoc creator\\4.3\\psoc creator\\import\\gnu\\arm\\5.4.
 443              		.file 3 "c:\\program files (x86)\\cypress\\psoc creator\\4.3\\psoc creator\\import\\gnu\\arm\\5.4.
 444              		.file 4 "Generated_Source\\PSoC5/cytypes.h"
ARM GAS  C:\Users\Mattia40\AppData\Local\Temp\ccnH2pDd.s 			page 14


 445              		.file 5 "ErrorCodes.h"
 446              		.file 6 "I2C_Interface.h"
 447              		.file 7 "c:\\program files (x86)\\cypress\\psoc creator\\4.3\\psoc creator\\import\\gnu\\arm\\5.4.
 448              		.file 8 "Generated_Source\\PSoC5/UART_Debug.h"
 449              		.file 9 "Generated_Source\\PSoC5/CyLib.h"
 450              		.file 10 "Generated_Source\\PSoC5/core_cm3.h"
 451              		.section	.debug_info,"",%progbits
 452              	.Ldebug_info0:
 453 0000 72060000 		.4byte	0x672
 454 0004 0400     		.2byte	0x4
 455 0006 00000000 		.4byte	.Ldebug_abbrev0
 456 000a 04       		.byte	0x4
 457 000b 01       		.uleb128 0x1
 458 000c 68010000 		.4byte	.LASF48
 459 0010 0C       		.byte	0xc
 460 0011 0E030000 		.4byte	.LASF49
 461 0015 88000000 		.4byte	.LASF50
 462 0019 00000000 		.4byte	.Ldebug_ranges0+0
 463 001d 00000000 		.4byte	0
 464 0021 00000000 		.4byte	.Ldebug_line0
 465 0025 02       		.uleb128 0x2
 466 0026 01       		.byte	0x1
 467 0027 06       		.byte	0x6
 468 0028 6B030000 		.4byte	.LASF0
 469 002c 03       		.uleb128 0x3
 470 002d 0F000000 		.4byte	.LASF2
 471 0031 02       		.byte	0x2
 472 0032 1D       		.byte	0x1d
 473 0033 37000000 		.4byte	0x37
 474 0037 02       		.uleb128 0x2
 475 0038 01       		.byte	0x1
 476 0039 08       		.byte	0x8
 477 003a 5A010000 		.4byte	.LASF1
 478 003e 03       		.uleb128 0x3
 479 003f 72020000 		.4byte	.LASF3
 480 0043 02       		.byte	0x2
 481 0044 29       		.byte	0x29
 482 0045 49000000 		.4byte	0x49
 483 0049 02       		.uleb128 0x2
 484 004a 02       		.byte	0x2
 485 004b 05       		.byte	0x5
 486 004c 36030000 		.4byte	.LASF4
 487 0050 02       		.uleb128 0x2
 488 0051 02       		.byte	0x2
 489 0052 07       		.byte	0x7
 490 0053 0E020000 		.4byte	.LASF5
 491 0057 03       		.uleb128 0x3
 492 0058 4F000000 		.4byte	.LASF6
 493 005c 02       		.byte	0x2
 494 005d 3F       		.byte	0x3f
 495 005e 62000000 		.4byte	0x62
 496 0062 02       		.uleb128 0x2
 497 0063 04       		.byte	0x4
 498 0064 05       		.byte	0x5
 499 0065 61000000 		.4byte	.LASF7
 500 0069 02       		.uleb128 0x2
 501 006a 04       		.byte	0x4
ARM GAS  C:\Users\Mattia40\AppData\Local\Temp\ccnH2pDd.s 			page 15


 502 006b 07       		.byte	0x7
 503 006c FC010000 		.4byte	.LASF8
 504 0070 02       		.uleb128 0x2
 505 0071 08       		.byte	0x8
 506 0072 05       		.byte	0x5
 507 0073 EF020000 		.4byte	.LASF9
 508 0077 02       		.uleb128 0x2
 509 0078 08       		.byte	0x8
 510 0079 07       		.byte	0x7
 511 007a 9D020000 		.4byte	.LASF10
 512 007e 04       		.uleb128 0x4
 513 007f 04       		.byte	0x4
 514 0080 05       		.byte	0x5
 515 0081 696E7400 		.ascii	"int\000"
 516 0085 02       		.uleb128 0x2
 517 0086 04       		.byte	0x4
 518 0087 07       		.byte	0x7
 519 0088 90020000 		.4byte	.LASF11
 520 008c 03       		.uleb128 0x3
 521 008d B4020000 		.4byte	.LASF12
 522 0091 03       		.byte	0x3
 523 0092 18       		.byte	0x18
 524 0093 2C000000 		.4byte	0x2c
 525 0097 03       		.uleb128 0x3
 526 0098 BC020000 		.4byte	.LASF13
 527 009c 03       		.byte	0x3
 528 009d 20       		.byte	0x20
 529 009e 3E000000 		.4byte	0x3e
 530 00a2 03       		.uleb128 0x3
 531 00a3 43010000 		.4byte	.LASF14
 532 00a7 03       		.byte	0x3
 533 00a8 2C       		.byte	0x2c
 534 00a9 57000000 		.4byte	0x57
 535 00ad 05       		.uleb128 0x5
 536 00ae F6010000 		.4byte	.LASF15
 537 00b2 04       		.byte	0x4
 538 00b3 E801     		.2byte	0x1e8
 539 00b5 49000000 		.4byte	0x49
 540 00b9 02       		.uleb128 0x2
 541 00ba 04       		.byte	0x4
 542 00bb 04       		.byte	0x4
 543 00bc 4B010000 		.4byte	.LASF16
 544 00c0 02       		.uleb128 0x2
 545 00c1 08       		.byte	0x8
 546 00c2 04       		.byte	0x4
 547 00c3 28020000 		.4byte	.LASF17
 548 00c7 02       		.uleb128 0x2
 549 00c8 01       		.byte	0x1
 550 00c9 08       		.byte	0x8
 551 00ca 15030000 		.4byte	.LASF18
 552 00ce 06       		.uleb128 0x6
 553 00cf 01       		.byte	0x1
 554 00d0 37000000 		.4byte	0x37
 555 00d4 05       		.byte	0x5
 556 00d5 15       		.byte	0x15
 557 00d6 E7000000 		.4byte	0xe7
 558 00da 07       		.uleb128 0x7
ARM GAS  C:\Users\Mattia40\AppData\Local\Temp\ccnH2pDd.s 			page 16


 559 00db 40030000 		.4byte	.LASF19
 560 00df 00       		.byte	0
 561 00e0 07       		.uleb128 0x7
 562 00e1 49030000 		.4byte	.LASF20
 563 00e5 01       		.byte	0x1
 564 00e6 00       		.byte	0
 565 00e7 03       		.uleb128 0x3
 566 00e8 7E000000 		.4byte	.LASF21
 567 00ec 05       		.byte	0x5
 568 00ed 18       		.byte	0x18
 569 00ee CE000000 		.4byte	0xce
 570 00f2 02       		.uleb128 0x2
 571 00f3 08       		.byte	0x8
 572 00f4 04       		.byte	0x4
 573 00f5 5F030000 		.4byte	.LASF22
 574 00f9 02       		.uleb128 0x2
 575 00fa 04       		.byte	0x4
 576 00fb 07       		.byte	0x7
 577 00fc E0020000 		.4byte	.LASF23
 578 0100 08       		.uleb128 0x8
 579 0101 6D020000 		.4byte	.LASF51
 580 0105 01       		.byte	0x1
 581 0106 19       		.byte	0x19
 582 0107 7E000000 		.4byte	0x7e
 583 010b 00000000 		.4byte	.LFB64
 584 010f 34020000 		.4byte	.LFE64-.LFB64
 585 0113 01       		.uleb128 0x1
 586 0114 9C       		.byte	0x9c
 587 0115 C6050000 		.4byte	0x5c6
 588 0119 09       		.uleb128 0x9
 589 011a 00000000 		.4byte	.LASF24
 590 011e 01       		.byte	0x1
 591 011f 24       		.byte	0x24
 592 0120 C6050000 		.4byte	0x5c6
 593 0124 02       		.uleb128 0x2
 594 0125 91       		.byte	0x91
 595 0126 44       		.sleb128 -60
 596 0127 09       		.uleb128 0x9
 597 0128 77030000 		.4byte	.LASF25
 598 012c 01       		.byte	0x1
 599 012d 37       		.byte	0x37
 600 012e 8C000000 		.4byte	0x8c
 601 0132 02       		.uleb128 0x2
 602 0133 91       		.byte	0x91
 603 0134 43       		.sleb128 -61
 604 0135 0A       		.uleb128 0xa
 605 0136 E9020000 		.4byte	.LASF26
 606 013a 01       		.byte	0x1
 607 013b 38       		.byte	0x38
 608 013c E7000000 		.4byte	0xe7
 609 0140 00000000 		.4byte	.LLST0
 610 0144 09       		.uleb128 0x9
 611 0145 4F030000 		.4byte	.LASF27
 612 0149 01       		.byte	0x1
 613 014a 47       		.byte	0x47
 614 014b 8C000000 		.4byte	0x8c
 615 014f 02       		.uleb128 0x2
ARM GAS  C:\Users\Mattia40\AppData\Local\Temp\ccnH2pDd.s 			page 17


 616 0150 91       		.byte	0x91
 617 0151 42       		.sleb128 -62
 618 0152 09       		.uleb128 0x9
 619 0153 7C020000 		.4byte	.LASF28
 620 0157 01       		.byte	0x1
 621 0158 5A       		.byte	0x5a
 622 0159 8C000000 		.4byte	0x8c
 623 015d 02       		.uleb128 0x2
 624 015e 91       		.byte	0x91
 625 015f 41       		.sleb128 -63
 626 0160 09       		.uleb128 0x9
 627 0161 86020000 		.4byte	.LASF29
 628 0165 01       		.byte	0x1
 629 0166 99       		.byte	0x99
 630 0167 8C000000 		.4byte	0x8c
 631 016b 02       		.uleb128 0x2
 632 016c 91       		.byte	0x91
 633 016d 40       		.sleb128 -64
 634 016e 0A       		.uleb128 0xa
 635 016f D1020000 		.4byte	.LASF30
 636 0173 01       		.byte	0x1
 637 0174 C1       		.byte	0xc1
 638 0175 97000000 		.4byte	0x97
 639 0179 AD000000 		.4byte	.LLST1
 640 017d 0A       		.uleb128 0xa
 641 017e D6020000 		.4byte	.LASF31
 642 0182 01       		.byte	0x1
 643 0183 C2       		.byte	0xc2
 644 0184 97000000 		.4byte	0x97
 645 0188 E4000000 		.4byte	.LLST2
 646 018c 0A       		.uleb128 0xa
 647 018d DB020000 		.4byte	.LASF32
 648 0191 01       		.byte	0x1
 649 0192 C3       		.byte	0xc3
 650 0193 97000000 		.4byte	0x97
 651 0197 1B010000 		.4byte	.LLST3
 652 019b 0B       		.uleb128 0xb
 653 019c 08000000 		.4byte	.LASF33
 654 01a0 01       		.byte	0x1
 655 01a1 C4       		.byte	0xc4
 656 01a2 8C000000 		.4byte	0x8c
 657 01a6 A07F     		.sleb128 -96
 658 01a8 0B       		.uleb128 0xb
 659 01a9 21020000 		.4byte	.LASF34
 660 01ad 01       		.byte	0x1
 661 01ae C5       		.byte	0xc5
 662 01af 8C000000 		.4byte	0x8c
 663 01b3 40       		.sleb128 -64
 664 01b4 09       		.uleb128 0x9
 665 01b5 51010000 		.4byte	.LASF35
 666 01b9 01       		.byte	0x1
 667 01ba C6       		.byte	0xc6
 668 01bb D6050000 		.4byte	0x5d6
 669 01bf 03       		.uleb128 0x3
 670 01c0 91       		.byte	0x91
 671 01c1 B87F     		.sleb128 -72
 672 01c3 09       		.uleb128 0x9
ARM GAS  C:\Users\Mattia40\AppData\Local\Temp\ccnH2pDd.s 			page 18


 673 01c4 59000000 		.4byte	.LASF36
 674 01c8 01       		.byte	0x1
 675 01c9 C7       		.byte	0xc7
 676 01ca E6050000 		.4byte	0x5e6
 677 01ce 03       		.uleb128 0x3
 678 01cf 91       		.byte	0x91
 679 01d0 AC7F     		.sleb128 -84
 680 01d2 0C       		.uleb128 0xc
 681 01d3 34010000 		.4byte	.LASF37
 682 01d7 01       		.byte	0x1
 683 01d8 C8       		.byte	0xc8
 684 01d9 8C000000 		.4byte	0x8c
 685 01dd 05       		.byte	0x5
 686 01de 0D       		.uleb128 0xd
 687 01df 14000000 		.4byte	.LBB2
 688 01e3 22000000 		.4byte	.LBE2-.LBB2
 689 01e7 40020000 		.4byte	0x240
 690 01eb 0E       		.uleb128 0xe
 691 01ec 6900     		.ascii	"i\000"
 692 01ee 01       		.byte	0x1
 693 01ef 27       		.byte	0x27
 694 01f0 7E000000 		.4byte	0x7e
 695 01f4 70010000 		.4byte	.LLST4
 696 01f8 0F       		.uleb128 0xf
 697 01f9 1E000000 		.4byte	.LVL4
 698 01fd 07060000 		.4byte	0x607
 699 0201 0C020000 		.4byte	0x20c
 700 0205 10       		.uleb128 0x10
 701 0206 01       		.uleb128 0x1
 702 0207 50       		.byte	0x50
 703 0208 02       		.uleb128 0x2
 704 0209 74       		.byte	0x74
 705 020a 00       		.sleb128 0
 706 020b 00       		.byte	0
 707 020c 0F       		.uleb128 0xf
 708 020d 2A000000 		.4byte	.LVL5
 709 0211 12060000 		.4byte	0x612
 710 0215 2F020000 		.4byte	0x22f
 711 0219 10       		.uleb128 0x10
 712 021a 01       		.uleb128 0x1
 713 021b 50       		.byte	0x50
 714 021c 02       		.uleb128 0x2
 715 021d 91       		.byte	0x91
 716 021e 44       		.sleb128 -60
 717 021f 10       		.uleb128 0x10
 718 0220 01       		.uleb128 0x1
 719 0221 51       		.byte	0x51
 720 0222 05       		.uleb128 0x5
 721 0223 03       		.byte	0x3
 722 0224 00000000 		.4byte	.LC0
 723 0228 10       		.uleb128 0x10
 724 0229 01       		.uleb128 0x1
 725 022a 52       		.byte	0x52
 726 022b 02       		.uleb128 0x2
 727 022c 74       		.byte	0x74
 728 022d 00       		.sleb128 0
 729 022e 00       		.byte	0
ARM GAS  C:\Users\Mattia40\AppData\Local\Temp\ccnH2pDd.s 			page 19


 730 022f 11       		.uleb128 0x11
 731 0230 30000000 		.4byte	.LVL6
 732 0234 1D060000 		.4byte	0x61d
 733 0238 10       		.uleb128 0x10
 734 0239 01       		.uleb128 0x1
 735 023a 50       		.byte	0x50
 736 023b 02       		.uleb128 0x2
 737 023c 91       		.byte	0x91
 738 023d 44       		.sleb128 -60
 739 023e 00       		.byte	0
 740 023f 00       		.byte	0
 741 0240 12       		.uleb128 0x12
 742 0241 0A000000 		.4byte	.LVL0
 743 0245 28060000 		.4byte	0x628
 744 0249 12       		.uleb128 0x12
 745 024a 0E000000 		.4byte	.LVL1
 746 024e 33060000 		.4byte	0x633
 747 0252 0F       		.uleb128 0xf
 748 0253 14000000 		.4byte	.LVL2
 749 0257 3E060000 		.4byte	0x63e
 750 025b 65020000 		.4byte	0x265
 751 025f 10       		.uleb128 0x10
 752 0260 01       		.uleb128 0x1
 753 0261 50       		.byte	0x50
 754 0262 01       		.uleb128 0x1
 755 0263 35       		.byte	0x35
 756 0264 00       		.byte	0
 757 0265 0F       		.uleb128 0xf
 758 0266 42000000 		.4byte	.LVL8
 759 026a 49060000 		.4byte	0x649
 760 026e 83020000 		.4byte	0x283
 761 0272 10       		.uleb128 0x10
 762 0273 01       		.uleb128 0x1
 763 0274 50       		.byte	0x50
 764 0275 01       		.uleb128 0x1
 765 0276 48       		.byte	0x48
 766 0277 10       		.uleb128 0x10
 767 0278 01       		.uleb128 0x1
 768 0279 51       		.byte	0x51
 769 027a 01       		.uleb128 0x1
 770 027b 3F       		.byte	0x3f
 771 027c 10       		.uleb128 0x10
 772 027d 01       		.uleb128 0x1
 773 027e 52       		.byte	0x52
 774 027f 02       		.uleb128 0x2
 775 0280 91       		.byte	0x91
 776 0281 43       		.sleb128 -61
 777 0282 00       		.byte	0
 778 0283 0F       		.uleb128 0xf
 779 0284 50000000 		.4byte	.LVL10
 780 0288 12060000 		.4byte	0x612
 781 028c A0020000 		.4byte	0x2a0
 782 0290 10       		.uleb128 0x10
 783 0291 01       		.uleb128 0x1
 784 0292 50       		.byte	0x50
 785 0293 02       		.uleb128 0x2
 786 0294 91       		.byte	0x91
ARM GAS  C:\Users\Mattia40\AppData\Local\Temp\ccnH2pDd.s 			page 20


 787 0295 44       		.sleb128 -60
 788 0296 10       		.uleb128 0x10
 789 0297 01       		.uleb128 0x1
 790 0298 51       		.byte	0x51
 791 0299 05       		.uleb128 0x5
 792 029a 03       		.byte	0x3
 793 029b 20000000 		.4byte	.LC1
 794 029f 00       		.byte	0
 795 02a0 0F       		.uleb128 0xf
 796 02a1 56000000 		.4byte	.LVL11
 797 02a5 1D060000 		.4byte	0x61d
 798 02a9 B4020000 		.4byte	0x2b4
 799 02ad 10       		.uleb128 0x10
 800 02ae 01       		.uleb128 0x1
 801 02af 50       		.byte	0x50
 802 02b0 02       		.uleb128 0x2
 803 02b1 91       		.byte	0x91
 804 02b2 44       		.sleb128 -60
 805 02b3 00       		.byte	0
 806 02b4 0F       		.uleb128 0xf
 807 02b5 5E000000 		.4byte	.LVL14
 808 02b9 1D060000 		.4byte	0x61d
 809 02bd CB020000 		.4byte	0x2cb
 810 02c1 10       		.uleb128 0x10
 811 02c2 01       		.uleb128 0x1
 812 02c3 50       		.byte	0x50
 813 02c4 05       		.uleb128 0x5
 814 02c5 03       		.byte	0x3
 815 02c6 48000000 		.4byte	.LC2
 816 02ca 00       		.byte	0
 817 02cb 0F       		.uleb128 0xf
 818 02cc 6A000000 		.4byte	.LVL15
 819 02d0 49060000 		.4byte	0x649
 820 02d4 EA020000 		.4byte	0x2ea
 821 02d8 10       		.uleb128 0x10
 822 02d9 01       		.uleb128 0x1
 823 02da 50       		.byte	0x50
 824 02db 01       		.uleb128 0x1
 825 02dc 48       		.byte	0x48
 826 02dd 10       		.uleb128 0x10
 827 02de 01       		.uleb128 0x1
 828 02df 51       		.byte	0x51
 829 02e0 02       		.uleb128 0x2
 830 02e1 08       		.byte	0x8
 831 02e2 27       		.byte	0x27
 832 02e3 10       		.uleb128 0x10
 833 02e4 01       		.uleb128 0x1
 834 02e5 52       		.byte	0x52
 835 02e6 02       		.uleb128 0x2
 836 02e7 91       		.byte	0x91
 837 02e8 42       		.sleb128 -62
 838 02e9 00       		.byte	0
 839 02ea 0F       		.uleb128 0xf
 840 02eb 78000000 		.4byte	.LVL17
 841 02ef 12060000 		.4byte	0x612
 842 02f3 07030000 		.4byte	0x307
 843 02f7 10       		.uleb128 0x10
ARM GAS  C:\Users\Mattia40\AppData\Local\Temp\ccnH2pDd.s 			page 21


 844 02f8 01       		.uleb128 0x1
 845 02f9 50       		.byte	0x50
 846 02fa 02       		.uleb128 0x2
 847 02fb 91       		.byte	0x91
 848 02fc 44       		.sleb128 -60
 849 02fd 10       		.uleb128 0x10
 850 02fe 01       		.uleb128 0x1
 851 02ff 51       		.byte	0x51
 852 0300 05       		.uleb128 0x5
 853 0301 03       		.byte	0x3
 854 0302 6C000000 		.4byte	.LC3
 855 0306 00       		.byte	0
 856 0307 0F       		.uleb128 0xf
 857 0308 7E000000 		.4byte	.LVL18
 858 030c 1D060000 		.4byte	0x61d
 859 0310 1B030000 		.4byte	0x31b
 860 0314 10       		.uleb128 0x10
 861 0315 01       		.uleb128 0x1
 862 0316 50       		.byte	0x50
 863 0317 02       		.uleb128 0x2
 864 0318 91       		.byte	0x91
 865 0319 44       		.sleb128 -60
 866 031a 00       		.byte	0
 867 031b 0F       		.uleb128 0xf
 868 031c 86000000 		.4byte	.LVL21
 869 0320 1D060000 		.4byte	0x61d
 870 0324 32030000 		.4byte	0x332
 871 0328 10       		.uleb128 0x10
 872 0329 01       		.uleb128 0x1
 873 032a 50       		.byte	0x50
 874 032b 05       		.uleb128 0x5
 875 032c 03       		.byte	0x3
 876 032d 88000000 		.4byte	.LC4
 877 0331 00       		.byte	0
 878 0332 0F       		.uleb128 0xf
 879 0333 92000000 		.4byte	.LVL22
 880 0337 49060000 		.4byte	0x649
 881 033b 51030000 		.4byte	0x351
 882 033f 10       		.uleb128 0x10
 883 0340 01       		.uleb128 0x1
 884 0341 50       		.byte	0x50
 885 0342 01       		.uleb128 0x1
 886 0343 48       		.byte	0x48
 887 0344 10       		.uleb128 0x10
 888 0345 01       		.uleb128 0x1
 889 0346 51       		.byte	0x51
 890 0347 02       		.uleb128 0x2
 891 0348 08       		.byte	0x8
 892 0349 20       		.byte	0x20
 893 034a 10       		.uleb128 0x10
 894 034b 01       		.uleb128 0x1
 895 034c 52       		.byte	0x52
 896 034d 02       		.uleb128 0x2
 897 034e 91       		.byte	0x91
 898 034f 41       		.sleb128 -63
 899 0350 00       		.byte	0
 900 0351 0F       		.uleb128 0xf
ARM GAS  C:\Users\Mattia40\AppData\Local\Temp\ccnH2pDd.s 			page 22


 901 0352 A0000000 		.4byte	.LVL24
 902 0356 12060000 		.4byte	0x612
 903 035a 6E030000 		.4byte	0x36e
 904 035e 10       		.uleb128 0x10
 905 035f 01       		.uleb128 0x1
 906 0360 50       		.byte	0x50
 907 0361 02       		.uleb128 0x2
 908 0362 91       		.byte	0x91
 909 0363 44       		.sleb128 -60
 910 0364 10       		.uleb128 0x10
 911 0365 01       		.uleb128 0x1
 912 0366 51       		.byte	0x51
 913 0367 05       		.uleb128 0x5
 914 0368 03       		.byte	0x3
 915 0369 C4000000 		.4byte	.LC5
 916 036d 00       		.byte	0
 917 036e 0F       		.uleb128 0xf
 918 036f A6000000 		.4byte	.LVL25
 919 0373 1D060000 		.4byte	0x61d
 920 0377 82030000 		.4byte	0x382
 921 037b 10       		.uleb128 0x10
 922 037c 01       		.uleb128 0x1
 923 037d 50       		.byte	0x50
 924 037e 02       		.uleb128 0x2
 925 037f 91       		.byte	0x91
 926 0380 44       		.sleb128 -60
 927 0381 00       		.byte	0
 928 0382 0F       		.uleb128 0xf
 929 0383 AE000000 		.4byte	.LVL28
 930 0387 1D060000 		.4byte	0x61d
 931 038b 99030000 		.4byte	0x399
 932 038f 10       		.uleb128 0x10
 933 0390 01       		.uleb128 0x1
 934 0391 50       		.byte	0x50
 935 0392 05       		.uleb128 0x5
 936 0393 03       		.byte	0x3
 937 0394 E4000000 		.4byte	.LC6
 938 0398 00       		.byte	0
 939 0399 0F       		.uleb128 0xf
 940 039a B4000000 		.4byte	.LVL29
 941 039e 1D060000 		.4byte	0x61d
 942 03a2 B0030000 		.4byte	0x3b0
 943 03a6 10       		.uleb128 0x10
 944 03a7 01       		.uleb128 0x1
 945 03a8 50       		.byte	0x50
 946 03a9 05       		.uleb128 0x5
 947 03aa 03       		.byte	0x3
 948 03ab 20010000 		.4byte	.LC7
 949 03af 00       		.byte	0
 950 03b0 0F       		.uleb128 0xf
 951 03b1 CA000000 		.4byte	.LVL30
 952 03b5 54060000 		.4byte	0x654
 953 03b9 CF030000 		.4byte	0x3cf
 954 03bd 10       		.uleb128 0x10
 955 03be 01       		.uleb128 0x1
 956 03bf 50       		.byte	0x50
 957 03c0 01       		.uleb128 0x1
ARM GAS  C:\Users\Mattia40\AppData\Local\Temp\ccnH2pDd.s 			page 23


 958 03c1 48       		.byte	0x48
 959 03c2 10       		.uleb128 0x10
 960 03c3 01       		.uleb128 0x1
 961 03c4 51       		.byte	0x51
 962 03c5 02       		.uleb128 0x2
 963 03c6 08       		.byte	0x8
 964 03c7 20       		.byte	0x20
 965 03c8 10       		.uleb128 0x10
 966 03c9 01       		.uleb128 0x1
 967 03ca 52       		.byte	0x52
 968 03cb 02       		.uleb128 0x2
 969 03cc 08       		.byte	0x8
 970 03cd 57       		.byte	0x57
 971 03ce 00       		.byte	0
 972 03cf 0F       		.uleb128 0xf
 973 03d0 D8000000 		.4byte	.LVL32
 974 03d4 12060000 		.4byte	0x612
 975 03d8 EC030000 		.4byte	0x3ec
 976 03dc 10       		.uleb128 0x10
 977 03dd 01       		.uleb128 0x1
 978 03de 50       		.byte	0x50
 979 03df 02       		.uleb128 0x2
 980 03e0 91       		.byte	0x91
 981 03e1 44       		.sleb128 -60
 982 03e2 10       		.uleb128 0x10
 983 03e3 01       		.uleb128 0x1
 984 03e4 51       		.byte	0x51
 985 03e5 05       		.uleb128 0x5
 986 03e6 03       		.byte	0x3
 987 03e7 3C010000 		.4byte	.LC8
 988 03eb 00       		.byte	0
 989 03ec 0F       		.uleb128 0xf
 990 03ed DE000000 		.4byte	.LVL33
 991 03f1 1D060000 		.4byte	0x61d
 992 03f5 00040000 		.4byte	0x400
 993 03f9 10       		.uleb128 0x10
 994 03fa 01       		.uleb128 0x1
 995 03fb 50       		.byte	0x50
 996 03fc 02       		.uleb128 0x2
 997 03fd 91       		.byte	0x91
 998 03fe 44       		.sleb128 -60
 999 03ff 00       		.byte	0
 1000 0400 0F       		.uleb128 0xf
 1001 0401 E6000000 		.4byte	.LVL36
 1002 0405 1D060000 		.4byte	0x61d
 1003 0409 17040000 		.4byte	0x417
 1004 040d 10       		.uleb128 0x10
 1005 040e 01       		.uleb128 0x1
 1006 040f 50       		.byte	0x50
 1007 0410 05       		.uleb128 0x5
 1008 0411 03       		.byte	0x3
 1009 0412 74010000 		.4byte	.LC9
 1010 0416 00       		.byte	0
 1011 0417 0F       		.uleb128 0xf
 1012 0418 F2000000 		.4byte	.LVL37
 1013 041c 49060000 		.4byte	0x649
 1014 0420 36040000 		.4byte	0x436
ARM GAS  C:\Users\Mattia40\AppData\Local\Temp\ccnH2pDd.s 			page 24


 1015 0424 10       		.uleb128 0x10
 1016 0425 01       		.uleb128 0x1
 1017 0426 50       		.byte	0x50
 1018 0427 01       		.uleb128 0x1
 1019 0428 48       		.byte	0x48
 1020 0429 10       		.uleb128 0x10
 1021 042a 01       		.uleb128 0x1
 1022 042b 51       		.byte	0x51
 1023 042c 02       		.uleb128 0x2
 1024 042d 08       		.byte	0x8
 1025 042e 20       		.byte	0x20
 1026 042f 10       		.uleb128 0x10
 1027 0430 01       		.uleb128 0x1
 1028 0431 52       		.byte	0x52
 1029 0432 02       		.uleb128 0x2
 1030 0433 91       		.byte	0x91
 1031 0434 41       		.sleb128 -63
 1032 0435 00       		.byte	0
 1033 0436 0F       		.uleb128 0xf
 1034 0437 00010000 		.4byte	.LVL39
 1035 043b 12060000 		.4byte	0x612
 1036 043f 53040000 		.4byte	0x453
 1037 0443 10       		.uleb128 0x10
 1038 0444 01       		.uleb128 0x1
 1039 0445 50       		.byte	0x50
 1040 0446 02       		.uleb128 0x2
 1041 0447 91       		.byte	0x91
 1042 0448 44       		.sleb128 -60
 1043 0449 10       		.uleb128 0x10
 1044 044a 01       		.uleb128 0x1
 1045 044b 51       		.byte	0x51
 1046 044c 05       		.uleb128 0x5
 1047 044d 03       		.byte	0x3
 1048 044e B0010000 		.4byte	.LC10
 1049 0452 00       		.byte	0
 1050 0453 0F       		.uleb128 0xf
 1051 0454 06010000 		.4byte	.LVL40
 1052 0458 1D060000 		.4byte	0x61d
 1053 045c 67040000 		.4byte	0x467
 1054 0460 10       		.uleb128 0x10
 1055 0461 01       		.uleb128 0x1
 1056 0462 50       		.byte	0x50
 1057 0463 02       		.uleb128 0x2
 1058 0464 91       		.byte	0x91
 1059 0465 44       		.sleb128 -60
 1060 0466 00       		.byte	0
 1061 0467 0F       		.uleb128 0xf
 1062 0468 0E010000 		.4byte	.LVL43
 1063 046c 1D060000 		.4byte	0x61d
 1064 0470 7E040000 		.4byte	0x47e
 1065 0474 10       		.uleb128 0x10
 1066 0475 01       		.uleb128 0x1
 1067 0476 50       		.byte	0x50
 1068 0477 05       		.uleb128 0x5
 1069 0478 03       		.byte	0x3
 1070 0479 E4000000 		.4byte	.LC6
 1071 047d 00       		.byte	0
ARM GAS  C:\Users\Mattia40\AppData\Local\Temp\ccnH2pDd.s 			page 25


 1072 047e 0F       		.uleb128 0xf
 1073 047f 18010000 		.4byte	.LVL44
 1074 0483 49060000 		.4byte	0x649
 1075 0487 9D040000 		.4byte	0x49d
 1076 048b 10       		.uleb128 0x10
 1077 048c 01       		.uleb128 0x1
 1078 048d 50       		.byte	0x50
 1079 048e 01       		.uleb128 0x1
 1080 048f 48       		.byte	0x48
 1081 0490 10       		.uleb128 0x10
 1082 0491 01       		.uleb128 0x1
 1083 0492 51       		.byte	0x51
 1084 0493 02       		.uleb128 0x2
 1085 0494 08       		.byte	0x8
 1086 0495 23       		.byte	0x23
 1087 0496 10       		.uleb128 0x10
 1088 0497 01       		.uleb128 0x1
 1089 0498 52       		.byte	0x52
 1090 0499 02       		.uleb128 0x2
 1091 049a 91       		.byte	0x91
 1092 049b 40       		.sleb128 -64
 1093 049c 00       		.byte	0
 1094 049d 0F       		.uleb128 0xf
 1095 049e 26010000 		.4byte	.LVL46
 1096 04a2 12060000 		.4byte	0x612
 1097 04a6 BA040000 		.4byte	0x4ba
 1098 04aa 10       		.uleb128 0x10
 1099 04ab 01       		.uleb128 0x1
 1100 04ac 50       		.byte	0x50
 1101 04ad 02       		.uleb128 0x2
 1102 04ae 91       		.byte	0x91
 1103 04af 44       		.sleb128 -60
 1104 04b0 10       		.uleb128 0x10
 1105 04b1 01       		.uleb128 0x1
 1106 04b2 51       		.byte	0x51
 1107 04b3 05       		.uleb128 0x5
 1108 04b4 03       		.byte	0x3
 1109 04b5 E8010000 		.4byte	.LC11
 1110 04b9 00       		.byte	0
 1111 04ba 0F       		.uleb128 0xf
 1112 04bb 2C010000 		.4byte	.LVL47
 1113 04bf 1D060000 		.4byte	0x61d
 1114 04c3 CE040000 		.4byte	0x4ce
 1115 04c7 10       		.uleb128 0x10
 1116 04c8 01       		.uleb128 0x1
 1117 04c9 50       		.byte	0x50
 1118 04ca 02       		.uleb128 0x2
 1119 04cb 91       		.byte	0x91
 1120 04cc 44       		.sleb128 -60
 1121 04cd 00       		.byte	0
 1122 04ce 0F       		.uleb128 0xf
 1123 04cf 34010000 		.4byte	.LVL50
 1124 04d3 1D060000 		.4byte	0x61d
 1125 04d7 E5040000 		.4byte	0x4e5
 1126 04db 10       		.uleb128 0x10
 1127 04dc 01       		.uleb128 0x1
 1128 04dd 50       		.byte	0x50
ARM GAS  C:\Users\Mattia40\AppData\Local\Temp\ccnH2pDd.s 			page 26


 1129 04de 05       		.uleb128 0x5
 1130 04df 03       		.byte	0x3
 1131 04e0 08020000 		.4byte	.LC12
 1132 04e4 00       		.byte	0
 1133 04e5 0F       		.uleb128 0xf
 1134 04e6 44010000 		.4byte	.LVL52
 1135 04ea 54060000 		.4byte	0x654
 1136 04ee 04050000 		.4byte	0x504
 1137 04f2 10       		.uleb128 0x10
 1138 04f3 01       		.uleb128 0x1
 1139 04f4 50       		.byte	0x50
 1140 04f5 01       		.uleb128 0x1
 1141 04f6 48       		.byte	0x48
 1142 04f7 10       		.uleb128 0x10
 1143 04f8 01       		.uleb128 0x1
 1144 04f9 51       		.byte	0x51
 1145 04fa 02       		.uleb128 0x2
 1146 04fb 08       		.byte	0x8
 1147 04fc 23       		.byte	0x23
 1148 04fd 10       		.uleb128 0x10
 1149 04fe 01       		.uleb128 0x1
 1150 04ff 52       		.byte	0x52
 1151 0500 02       		.uleb128 0x2
 1152 0501 09       		.byte	0x9
 1153 0502 80       		.byte	0x80
 1154 0503 00       		.byte	0
 1155 0504 0F       		.uleb128 0xf
 1156 0505 4E010000 		.4byte	.LVL53
 1157 0509 49060000 		.4byte	0x649
 1158 050d 23050000 		.4byte	0x523
 1159 0511 10       		.uleb128 0x10
 1160 0512 01       		.uleb128 0x1
 1161 0513 50       		.byte	0x50
 1162 0514 01       		.uleb128 0x1
 1163 0515 48       		.byte	0x48
 1164 0516 10       		.uleb128 0x10
 1165 0517 01       		.uleb128 0x1
 1166 0518 51       		.byte	0x51
 1167 0519 02       		.uleb128 0x2
 1168 051a 08       		.byte	0x8
 1169 051b 23       		.byte	0x23
 1170 051c 10       		.uleb128 0x10
 1171 051d 01       		.uleb128 0x1
 1172 051e 52       		.byte	0x52
 1173 051f 02       		.uleb128 0x2
 1174 0520 74       		.byte	0x74
 1175 0521 00       		.sleb128 0
 1176 0522 00       		.byte	0
 1177 0523 0F       		.uleb128 0xf
 1178 0524 5C010000 		.4byte	.LVL55
 1179 0528 12060000 		.4byte	0x612
 1180 052c 40050000 		.4byte	0x540
 1181 0530 10       		.uleb128 0x10
 1182 0531 01       		.uleb128 0x1
 1183 0532 50       		.byte	0x50
 1184 0533 02       		.uleb128 0x2
 1185 0534 91       		.byte	0x91
ARM GAS  C:\Users\Mattia40\AppData\Local\Temp\ccnH2pDd.s 			page 27


 1186 0535 44       		.sleb128 -60
 1187 0536 10       		.uleb128 0x10
 1188 0537 01       		.uleb128 0x1
 1189 0538 51       		.byte	0x51
 1190 0539 05       		.uleb128 0x5
 1191 053a 03       		.byte	0x3
 1192 053b 44020000 		.4byte	.LC13
 1193 053f 00       		.byte	0
 1194 0540 0F       		.uleb128 0xf
 1195 0541 62010000 		.4byte	.LVL56
 1196 0545 1D060000 		.4byte	0x61d
 1197 0549 54050000 		.4byte	0x554
 1198 054d 10       		.uleb128 0x10
 1199 054e 01       		.uleb128 0x1
 1200 054f 50       		.byte	0x50
 1201 0550 02       		.uleb128 0x2
 1202 0551 91       		.byte	0x91
 1203 0552 44       		.sleb128 -60
 1204 0553 00       		.byte	0
 1205 0554 0F       		.uleb128 0xf
 1206 0555 6A010000 		.4byte	.LVL59
 1207 0559 1D060000 		.4byte	0x61d
 1208 055d 6B050000 		.4byte	0x56b
 1209 0561 10       		.uleb128 0x10
 1210 0562 01       		.uleb128 0x1
 1211 0563 50       		.byte	0x50
 1212 0564 05       		.uleb128 0x5
 1213 0565 03       		.byte	0x3
 1214 0566 08020000 		.4byte	.LC12
 1215 056a 00       		.byte	0
 1216 056b 0F       		.uleb128 0xf
 1217 056c 82010000 		.4byte	.LVL60
 1218 0570 49060000 		.4byte	0x649
 1219 0574 8A050000 		.4byte	0x58a
 1220 0578 10       		.uleb128 0x10
 1221 0579 01       		.uleb128 0x1
 1222 057a 50       		.byte	0x50
 1223 057b 01       		.uleb128 0x1
 1224 057c 48       		.byte	0x48
 1225 057d 10       		.uleb128 0x10
 1226 057e 01       		.uleb128 0x1
 1227 057f 51       		.byte	0x51
 1228 0580 02       		.uleb128 0x2
 1229 0581 08       		.byte	0x8
 1230 0582 27       		.byte	0x27
 1231 0583 10       		.uleb128 0x10
 1232 0584 01       		.uleb128 0x1
 1233 0585 52       		.byte	0x52
 1234 0586 02       		.uleb128 0x2
 1235 0587 91       		.byte	0x91
 1236 0588 42       		.sleb128 -62
 1237 0589 00       		.byte	0
 1238 058a 0F       		.uleb128 0xf
 1239 058b 98010000 		.4byte	.LVL61
 1240 058f 5F060000 		.4byte	0x65f
 1241 0593 AF050000 		.4byte	0x5af
 1242 0597 10       		.uleb128 0x10
ARM GAS  C:\Users\Mattia40\AppData\Local\Temp\ccnH2pDd.s 			page 28


 1243 0598 01       		.uleb128 0x1
 1244 0599 50       		.byte	0x50
 1245 059a 01       		.uleb128 0x1
 1246 059b 48       		.byte	0x48
 1247 059c 10       		.uleb128 0x10
 1248 059d 01       		.uleb128 0x1
 1249 059e 51       		.byte	0x51
 1250 059f 02       		.uleb128 0x2
 1251 05a0 08       		.byte	0x8
 1252 05a1 28       		.byte	0x28
 1253 05a2 10       		.uleb128 0x10
 1254 05a3 01       		.uleb128 0x1
 1255 05a4 52       		.byte	0x52
 1256 05a5 01       		.uleb128 0x1
 1257 05a6 35       		.byte	0x35
 1258 05a7 10       		.uleb128 0x10
 1259 05a8 01       		.uleb128 0x1
 1260 05a9 53       		.byte	0x53
 1261 05aa 03       		.uleb128 0x3
 1262 05ab 91       		.byte	0x91
 1263 05ac AC7F     		.sleb128 -84
 1264 05ae 00       		.byte	0
 1265 05af 11       		.uleb128 0x11
 1266 05b0 F8010000 		.4byte	.LVL70
 1267 05b4 6A060000 		.4byte	0x66a
 1268 05b8 10       		.uleb128 0x10
 1269 05b9 01       		.uleb128 0x1
 1270 05ba 50       		.byte	0x50
 1271 05bb 03       		.uleb128 0x3
 1272 05bc 91       		.byte	0x91
 1273 05bd B87F     		.sleb128 -72
 1274 05bf 10       		.uleb128 0x10
 1275 05c0 01       		.uleb128 0x1
 1276 05c1 51       		.byte	0x51
 1277 05c2 01       		.uleb128 0x1
 1278 05c3 38       		.byte	0x38
 1279 05c4 00       		.byte	0
 1280 05c5 00       		.byte	0
 1281 05c6 13       		.uleb128 0x13
 1282 05c7 C7000000 		.4byte	0xc7
 1283 05cb D6050000 		.4byte	0x5d6
 1284 05cf 14       		.uleb128 0x14
 1285 05d0 F9000000 		.4byte	0xf9
 1286 05d4 31       		.byte	0x31
 1287 05d5 00       		.byte	0
 1288 05d6 13       		.uleb128 0x13
 1289 05d7 8C000000 		.4byte	0x8c
 1290 05db E6050000 		.4byte	0x5e6
 1291 05df 14       		.uleb128 0x14
 1292 05e0 F9000000 		.4byte	0xf9
 1293 05e4 07       		.byte	0x7
 1294 05e5 00       		.byte	0
 1295 05e6 13       		.uleb128 0x13
 1296 05e7 8C000000 		.4byte	0x8c
 1297 05eb F6050000 		.4byte	0x5f6
 1298 05ef 14       		.uleb128 0x14
 1299 05f0 F9000000 		.4byte	0xf9
ARM GAS  C:\Users\Mattia40\AppData\Local\Temp\ccnH2pDd.s 			page 29


 1300 05f4 09       		.byte	0x9
 1301 05f5 00       		.byte	0
 1302 05f6 15       		.uleb128 0x15
 1303 05f7 C4020000 		.4byte	.LASF52
 1304 05fb 0A       		.byte	0xa
 1305 05fc 1207     		.2byte	0x712
 1306 05fe 02060000 		.4byte	0x602
 1307 0602 16       		.uleb128 0x16
 1308 0603 A2000000 		.4byte	0xa2
 1309 0607 17       		.uleb128 0x17
 1310 0608 2E000000 		.4byte	.LASF38
 1311 060c 2E000000 		.4byte	.LASF38
 1312 0610 06       		.byte	0x6
 1313 0611 5D       		.byte	0x5d
 1314 0612 17       		.uleb128 0x17
 1315 0613 84030000 		.4byte	.LASF39
 1316 0617 84030000 		.4byte	.LASF39
 1317 061b 07       		.byte	0x7
 1318 061c E7       		.byte	0xe7
 1319 061d 17       		.uleb128 0x17
 1320 061e 19000000 		.4byte	.LASF40
 1321 0622 19000000 		.4byte	.LASF40
 1322 0626 08       		.byte	0x8
 1323 0627 8B       		.byte	0x8b
 1324 0628 17       		.uleb128 0x17
 1325 0629 94030000 		.4byte	.LASF41
 1326 062d 94030000 		.4byte	.LASF41
 1327 0631 06       		.byte	0x6
 1328 0632 17       		.byte	0x17
 1329 0633 17       		.uleb128 0x17
 1330 0634 FD020000 		.4byte	.LASF42
 1331 0638 FD020000 		.4byte	.LASF42
 1332 063c 08       		.byte	0x8
 1333 063d 54       		.byte	0x54
 1334 063e 17       		.uleb128 0x17
 1335 063f 8C030000 		.4byte	.LASF43
 1336 0643 8C030000 		.4byte	.LASF43
 1337 0647 09       		.byte	0x9
 1338 0648 76       		.byte	0x76
 1339 0649 17       		.uleb128 0x17
 1340 064a 1A030000 		.4byte	.LASF44
 1341 064e 1A030000 		.4byte	.LASF44
 1342 0652 06       		.byte	0x6
 1343 0653 28       		.byte	0x28
 1344 0654 17       		.uleb128 0x17
 1345 0655 50020000 		.4byte	.LASF45
 1346 0659 50020000 		.4byte	.LASF45
 1347 065d 06       		.byte	0x6
 1348 065e 43       		.byte	0x43
 1349 065f 17       		.uleb128 0x17
 1350 0660 2F020000 		.4byte	.LASF46
 1351 0664 2F020000 		.4byte	.LASF46
 1352 0668 06       		.byte	0x6
 1353 0669 36       		.byte	0x36
 1354 066a 17       		.uleb128 0x17
 1355 066b 6A000000 		.4byte	.LASF47
 1356 066f 6A000000 		.4byte	.LASF47
ARM GAS  C:\Users\Mattia40\AppData\Local\Temp\ccnH2pDd.s 			page 30


 1357 0673 08       		.byte	0x8
 1358 0674 8C       		.byte	0x8c
 1359 0675 00       		.byte	0
 1360              		.section	.debug_abbrev,"",%progbits
 1361              	.Ldebug_abbrev0:
 1362 0000 01       		.uleb128 0x1
 1363 0001 11       		.uleb128 0x11
 1364 0002 01       		.byte	0x1
 1365 0003 25       		.uleb128 0x25
 1366 0004 0E       		.uleb128 0xe
 1367 0005 13       		.uleb128 0x13
 1368 0006 0B       		.uleb128 0xb
 1369 0007 03       		.uleb128 0x3
 1370 0008 0E       		.uleb128 0xe
 1371 0009 1B       		.uleb128 0x1b
 1372 000a 0E       		.uleb128 0xe
 1373 000b 55       		.uleb128 0x55
 1374 000c 17       		.uleb128 0x17
 1375 000d 11       		.uleb128 0x11
 1376 000e 01       		.uleb128 0x1
 1377 000f 10       		.uleb128 0x10
 1378 0010 17       		.uleb128 0x17
 1379 0011 00       		.byte	0
 1380 0012 00       		.byte	0
 1381 0013 02       		.uleb128 0x2
 1382 0014 24       		.uleb128 0x24
 1383 0015 00       		.byte	0
 1384 0016 0B       		.uleb128 0xb
 1385 0017 0B       		.uleb128 0xb
 1386 0018 3E       		.uleb128 0x3e
 1387 0019 0B       		.uleb128 0xb
 1388 001a 03       		.uleb128 0x3
 1389 001b 0E       		.uleb128 0xe
 1390 001c 00       		.byte	0
 1391 001d 00       		.byte	0
 1392 001e 03       		.uleb128 0x3
 1393 001f 16       		.uleb128 0x16
 1394 0020 00       		.byte	0
 1395 0021 03       		.uleb128 0x3
 1396 0022 0E       		.uleb128 0xe
 1397 0023 3A       		.uleb128 0x3a
 1398 0024 0B       		.uleb128 0xb
 1399 0025 3B       		.uleb128 0x3b
 1400 0026 0B       		.uleb128 0xb
 1401 0027 49       		.uleb128 0x49
 1402 0028 13       		.uleb128 0x13
 1403 0029 00       		.byte	0
 1404 002a 00       		.byte	0
 1405 002b 04       		.uleb128 0x4
 1406 002c 24       		.uleb128 0x24
 1407 002d 00       		.byte	0
 1408 002e 0B       		.uleb128 0xb
 1409 002f 0B       		.uleb128 0xb
 1410 0030 3E       		.uleb128 0x3e
 1411 0031 0B       		.uleb128 0xb
 1412 0032 03       		.uleb128 0x3
 1413 0033 08       		.uleb128 0x8
ARM GAS  C:\Users\Mattia40\AppData\Local\Temp\ccnH2pDd.s 			page 31


 1414 0034 00       		.byte	0
 1415 0035 00       		.byte	0
 1416 0036 05       		.uleb128 0x5
 1417 0037 16       		.uleb128 0x16
 1418 0038 00       		.byte	0
 1419 0039 03       		.uleb128 0x3
 1420 003a 0E       		.uleb128 0xe
 1421 003b 3A       		.uleb128 0x3a
 1422 003c 0B       		.uleb128 0xb
 1423 003d 3B       		.uleb128 0x3b
 1424 003e 05       		.uleb128 0x5
 1425 003f 49       		.uleb128 0x49
 1426 0040 13       		.uleb128 0x13
 1427 0041 00       		.byte	0
 1428 0042 00       		.byte	0
 1429 0043 06       		.uleb128 0x6
 1430 0044 04       		.uleb128 0x4
 1431 0045 01       		.byte	0x1
 1432 0046 0B       		.uleb128 0xb
 1433 0047 0B       		.uleb128 0xb
 1434 0048 49       		.uleb128 0x49
 1435 0049 13       		.uleb128 0x13
 1436 004a 3A       		.uleb128 0x3a
 1437 004b 0B       		.uleb128 0xb
 1438 004c 3B       		.uleb128 0x3b
 1439 004d 0B       		.uleb128 0xb
 1440 004e 01       		.uleb128 0x1
 1441 004f 13       		.uleb128 0x13
 1442 0050 00       		.byte	0
 1443 0051 00       		.byte	0
 1444 0052 07       		.uleb128 0x7
 1445 0053 28       		.uleb128 0x28
 1446 0054 00       		.byte	0
 1447 0055 03       		.uleb128 0x3
 1448 0056 0E       		.uleb128 0xe
 1449 0057 1C       		.uleb128 0x1c
 1450 0058 0B       		.uleb128 0xb
 1451 0059 00       		.byte	0
 1452 005a 00       		.byte	0
 1453 005b 08       		.uleb128 0x8
 1454 005c 2E       		.uleb128 0x2e
 1455 005d 01       		.byte	0x1
 1456 005e 3F       		.uleb128 0x3f
 1457 005f 19       		.uleb128 0x19
 1458 0060 03       		.uleb128 0x3
 1459 0061 0E       		.uleb128 0xe
 1460 0062 3A       		.uleb128 0x3a
 1461 0063 0B       		.uleb128 0xb
 1462 0064 3B       		.uleb128 0x3b
 1463 0065 0B       		.uleb128 0xb
 1464 0066 27       		.uleb128 0x27
 1465 0067 19       		.uleb128 0x19
 1466 0068 49       		.uleb128 0x49
 1467 0069 13       		.uleb128 0x13
 1468 006a 8701     		.uleb128 0x87
 1469 006c 19       		.uleb128 0x19
 1470 006d 11       		.uleb128 0x11
ARM GAS  C:\Users\Mattia40\AppData\Local\Temp\ccnH2pDd.s 			page 32


 1471 006e 01       		.uleb128 0x1
 1472 006f 12       		.uleb128 0x12
 1473 0070 06       		.uleb128 0x6
 1474 0071 40       		.uleb128 0x40
 1475 0072 18       		.uleb128 0x18
 1476 0073 9742     		.uleb128 0x2117
 1477 0075 19       		.uleb128 0x19
 1478 0076 01       		.uleb128 0x1
 1479 0077 13       		.uleb128 0x13
 1480 0078 00       		.byte	0
 1481 0079 00       		.byte	0
 1482 007a 09       		.uleb128 0x9
 1483 007b 34       		.uleb128 0x34
 1484 007c 00       		.byte	0
 1485 007d 03       		.uleb128 0x3
 1486 007e 0E       		.uleb128 0xe
 1487 007f 3A       		.uleb128 0x3a
 1488 0080 0B       		.uleb128 0xb
 1489 0081 3B       		.uleb128 0x3b
 1490 0082 0B       		.uleb128 0xb
 1491 0083 49       		.uleb128 0x49
 1492 0084 13       		.uleb128 0x13
 1493 0085 02       		.uleb128 0x2
 1494 0086 18       		.uleb128 0x18
 1495 0087 00       		.byte	0
 1496 0088 00       		.byte	0
 1497 0089 0A       		.uleb128 0xa
 1498 008a 34       		.uleb128 0x34
 1499 008b 00       		.byte	0
 1500 008c 03       		.uleb128 0x3
 1501 008d 0E       		.uleb128 0xe
 1502 008e 3A       		.uleb128 0x3a
 1503 008f 0B       		.uleb128 0xb
 1504 0090 3B       		.uleb128 0x3b
 1505 0091 0B       		.uleb128 0xb
 1506 0092 49       		.uleb128 0x49
 1507 0093 13       		.uleb128 0x13
 1508 0094 02       		.uleb128 0x2
 1509 0095 17       		.uleb128 0x17
 1510 0096 00       		.byte	0
 1511 0097 00       		.byte	0
 1512 0098 0B       		.uleb128 0xb
 1513 0099 34       		.uleb128 0x34
 1514 009a 00       		.byte	0
 1515 009b 03       		.uleb128 0x3
 1516 009c 0E       		.uleb128 0xe
 1517 009d 3A       		.uleb128 0x3a
 1518 009e 0B       		.uleb128 0xb
 1519 009f 3B       		.uleb128 0x3b
 1520 00a0 0B       		.uleb128 0xb
 1521 00a1 49       		.uleb128 0x49
 1522 00a2 13       		.uleb128 0x13
 1523 00a3 1C       		.uleb128 0x1c
 1524 00a4 0D       		.uleb128 0xd
 1525 00a5 00       		.byte	0
 1526 00a6 00       		.byte	0
 1527 00a7 0C       		.uleb128 0xc
ARM GAS  C:\Users\Mattia40\AppData\Local\Temp\ccnH2pDd.s 			page 33


 1528 00a8 34       		.uleb128 0x34
 1529 00a9 00       		.byte	0
 1530 00aa 03       		.uleb128 0x3
 1531 00ab 0E       		.uleb128 0xe
 1532 00ac 3A       		.uleb128 0x3a
 1533 00ad 0B       		.uleb128 0xb
 1534 00ae 3B       		.uleb128 0x3b
 1535 00af 0B       		.uleb128 0xb
 1536 00b0 49       		.uleb128 0x49
 1537 00b1 13       		.uleb128 0x13
 1538 00b2 1C       		.uleb128 0x1c
 1539 00b3 0B       		.uleb128 0xb
 1540 00b4 00       		.byte	0
 1541 00b5 00       		.byte	0
 1542 00b6 0D       		.uleb128 0xd
 1543 00b7 0B       		.uleb128 0xb
 1544 00b8 01       		.byte	0x1
 1545 00b9 11       		.uleb128 0x11
 1546 00ba 01       		.uleb128 0x1
 1547 00bb 12       		.uleb128 0x12
 1548 00bc 06       		.uleb128 0x6
 1549 00bd 01       		.uleb128 0x1
 1550 00be 13       		.uleb128 0x13
 1551 00bf 00       		.byte	0
 1552 00c0 00       		.byte	0
 1553 00c1 0E       		.uleb128 0xe
 1554 00c2 34       		.uleb128 0x34
 1555 00c3 00       		.byte	0
 1556 00c4 03       		.uleb128 0x3
 1557 00c5 08       		.uleb128 0x8
 1558 00c6 3A       		.uleb128 0x3a
 1559 00c7 0B       		.uleb128 0xb
 1560 00c8 3B       		.uleb128 0x3b
 1561 00c9 0B       		.uleb128 0xb
 1562 00ca 49       		.uleb128 0x49
 1563 00cb 13       		.uleb128 0x13
 1564 00cc 02       		.uleb128 0x2
 1565 00cd 17       		.uleb128 0x17
 1566 00ce 00       		.byte	0
 1567 00cf 00       		.byte	0
 1568 00d0 0F       		.uleb128 0xf
 1569 00d1 898201   		.uleb128 0x4109
 1570 00d4 01       		.byte	0x1
 1571 00d5 11       		.uleb128 0x11
 1572 00d6 01       		.uleb128 0x1
 1573 00d7 31       		.uleb128 0x31
 1574 00d8 13       		.uleb128 0x13
 1575 00d9 01       		.uleb128 0x1
 1576 00da 13       		.uleb128 0x13
 1577 00db 00       		.byte	0
 1578 00dc 00       		.byte	0
 1579 00dd 10       		.uleb128 0x10
 1580 00de 8A8201   		.uleb128 0x410a
 1581 00e1 00       		.byte	0
 1582 00e2 02       		.uleb128 0x2
 1583 00e3 18       		.uleb128 0x18
 1584 00e4 9142     		.uleb128 0x2111
ARM GAS  C:\Users\Mattia40\AppData\Local\Temp\ccnH2pDd.s 			page 34


 1585 00e6 18       		.uleb128 0x18
 1586 00e7 00       		.byte	0
 1587 00e8 00       		.byte	0
 1588 00e9 11       		.uleb128 0x11
 1589 00ea 898201   		.uleb128 0x4109
 1590 00ed 01       		.byte	0x1
 1591 00ee 11       		.uleb128 0x11
 1592 00ef 01       		.uleb128 0x1
 1593 00f0 31       		.uleb128 0x31
 1594 00f1 13       		.uleb128 0x13
 1595 00f2 00       		.byte	0
 1596 00f3 00       		.byte	0
 1597 00f4 12       		.uleb128 0x12
 1598 00f5 898201   		.uleb128 0x4109
 1599 00f8 00       		.byte	0
 1600 00f9 11       		.uleb128 0x11
 1601 00fa 01       		.uleb128 0x1
 1602 00fb 31       		.uleb128 0x31
 1603 00fc 13       		.uleb128 0x13
 1604 00fd 00       		.byte	0
 1605 00fe 00       		.byte	0
 1606 00ff 13       		.uleb128 0x13
 1607 0100 01       		.uleb128 0x1
 1608 0101 01       		.byte	0x1
 1609 0102 49       		.uleb128 0x49
 1610 0103 13       		.uleb128 0x13
 1611 0104 01       		.uleb128 0x1
 1612 0105 13       		.uleb128 0x13
 1613 0106 00       		.byte	0
 1614 0107 00       		.byte	0
 1615 0108 14       		.uleb128 0x14
 1616 0109 21       		.uleb128 0x21
 1617 010a 00       		.byte	0
 1618 010b 49       		.uleb128 0x49
 1619 010c 13       		.uleb128 0x13
 1620 010d 2F       		.uleb128 0x2f
 1621 010e 0B       		.uleb128 0xb
 1622 010f 00       		.byte	0
 1623 0110 00       		.byte	0
 1624 0111 15       		.uleb128 0x15
 1625 0112 34       		.uleb128 0x34
 1626 0113 00       		.byte	0
 1627 0114 03       		.uleb128 0x3
 1628 0115 0E       		.uleb128 0xe
 1629 0116 3A       		.uleb128 0x3a
 1630 0117 0B       		.uleb128 0xb
 1631 0118 3B       		.uleb128 0x3b
 1632 0119 05       		.uleb128 0x5
 1633 011a 49       		.uleb128 0x49
 1634 011b 13       		.uleb128 0x13
 1635 011c 3F       		.uleb128 0x3f
 1636 011d 19       		.uleb128 0x19
 1637 011e 3C       		.uleb128 0x3c
 1638 011f 19       		.uleb128 0x19
 1639 0120 00       		.byte	0
 1640 0121 00       		.byte	0
 1641 0122 16       		.uleb128 0x16
ARM GAS  C:\Users\Mattia40\AppData\Local\Temp\ccnH2pDd.s 			page 35


 1642 0123 35       		.uleb128 0x35
 1643 0124 00       		.byte	0
 1644 0125 49       		.uleb128 0x49
 1645 0126 13       		.uleb128 0x13
 1646 0127 00       		.byte	0
 1647 0128 00       		.byte	0
 1648 0129 17       		.uleb128 0x17
 1649 012a 2E       		.uleb128 0x2e
 1650 012b 00       		.byte	0
 1651 012c 3F       		.uleb128 0x3f
 1652 012d 19       		.uleb128 0x19
 1653 012e 3C       		.uleb128 0x3c
 1654 012f 19       		.uleb128 0x19
 1655 0130 6E       		.uleb128 0x6e
 1656 0131 0E       		.uleb128 0xe
 1657 0132 03       		.uleb128 0x3
 1658 0133 0E       		.uleb128 0xe
 1659 0134 3A       		.uleb128 0x3a
 1660 0135 0B       		.uleb128 0xb
 1661 0136 3B       		.uleb128 0x3b
 1662 0137 0B       		.uleb128 0xb
 1663 0138 00       		.byte	0
 1664 0139 00       		.byte	0
 1665 013a 00       		.byte	0
 1666              		.section	.debug_loc,"",%progbits
 1667              	.Ldebug_loc0:
 1668              	.LLST0:
 1669 0000 42000000 		.4byte	.LVL8
 1670 0004 4C000000 		.4byte	.LVL9
 1671 0008 0100     		.2byte	0x1
 1672 000a 50       		.byte	0x50
 1673 000b 58000000 		.4byte	.LVL12
 1674 000f 5A000000 		.4byte	.LVL13
 1675 0013 0100     		.2byte	0x1
 1676 0015 50       		.byte	0x50
 1677 0016 6A000000 		.4byte	.LVL15
 1678 001a 74000000 		.4byte	.LVL16
 1679 001e 0100     		.2byte	0x1
 1680 0020 50       		.byte	0x50
 1681 0021 80000000 		.4byte	.LVL19
 1682 0025 82000000 		.4byte	.LVL20
 1683 0029 0100     		.2byte	0x1
 1684 002b 50       		.byte	0x50
 1685 002c 92000000 		.4byte	.LVL22
 1686 0030 9C000000 		.4byte	.LVL23
 1687 0034 0100     		.2byte	0x1
 1688 0036 50       		.byte	0x50
 1689 0037 A8000000 		.4byte	.LVL26
 1690 003b AA000000 		.4byte	.LVL27
 1691 003f 0100     		.2byte	0x1
 1692 0041 50       		.byte	0x50
 1693 0042 CA000000 		.4byte	.LVL30
 1694 0046 D4000000 		.4byte	.LVL31
 1695 004a 0100     		.2byte	0x1
 1696 004c 50       		.byte	0x50
 1697 004d E0000000 		.4byte	.LVL34
 1698 0051 E2000000 		.4byte	.LVL35
ARM GAS  C:\Users\Mattia40\AppData\Local\Temp\ccnH2pDd.s 			page 36


 1699 0055 0100     		.2byte	0x1
 1700 0057 50       		.byte	0x50
 1701 0058 F2000000 		.4byte	.LVL37
 1702 005c FC000000 		.4byte	.LVL38
 1703 0060 0100     		.2byte	0x1
 1704 0062 50       		.byte	0x50
 1705 0063 08010000 		.4byte	.LVL41
 1706 0067 0A010000 		.4byte	.LVL42
 1707 006b 0100     		.2byte	0x1
 1708 006d 50       		.byte	0x50
 1709 006e 18010000 		.4byte	.LVL44
 1710 0072 22010000 		.4byte	.LVL45
 1711 0076 0100     		.2byte	0x1
 1712 0078 50       		.byte	0x50
 1713 0079 2E010000 		.4byte	.LVL48
 1714 007d 30010000 		.4byte	.LVL49
 1715 0081 0100     		.2byte	0x1
 1716 0083 50       		.byte	0x50
 1717 0084 4E010000 		.4byte	.LVL53
 1718 0088 58010000 		.4byte	.LVL54
 1719 008c 0100     		.2byte	0x1
 1720 008e 50       		.byte	0x50
 1721 008f 64010000 		.4byte	.LVL57
 1722 0093 66010000 		.4byte	.LVL58
 1723 0097 0100     		.2byte	0x1
 1724 0099 50       		.byte	0x50
 1725 009a 98010000 		.4byte	.LVL61
 1726 009e C4010000 		.4byte	.LVL64
 1727 00a2 0100     		.2byte	0x1
 1728 00a4 50       		.byte	0x50
 1729 00a5 00000000 		.4byte	0
 1730 00a9 00000000 		.4byte	0
 1731              	.LLST1:
 1732 00ad AC010000 		.4byte	.LVL62
 1733 00b1 D4010000 		.4byte	.LVL66
 1734 00b5 0100     		.2byte	0x1
 1735 00b7 51       		.byte	0x51
 1736 00b8 D4010000 		.4byte	.LVL66
 1737 00bc F7010000 		.4byte	.LVL70-1
 1738 00c0 1A00     		.2byte	0x1a
 1739 00c2 91       		.byte	0x91
 1740 00c3 AD7F     		.sleb128 -83
 1741 00c5 94       		.byte	0x94
 1742 00c6 01       		.byte	0x1
 1743 00c7 08       		.byte	0x8
 1744 00c8 FF       		.byte	0xff
 1745 00c9 1A       		.byte	0x1a
 1746 00ca 38       		.byte	0x38
 1747 00cb 24       		.byte	0x24
 1748 00cc 91       		.byte	0x91
 1749 00cd AC7F     		.sleb128 -84
 1750 00cf 94       		.byte	0x94
 1751 00d0 01       		.byte	0x1
 1752 00d1 08       		.byte	0x8
 1753 00d2 FF       		.byte	0xff
 1754 00d3 1A       		.byte	0x1a
 1755 00d4 21       		.byte	0x21
ARM GAS  C:\Users\Mattia40\AppData\Local\Temp\ccnH2pDd.s 			page 37


 1756 00d5 09       		.byte	0x9
 1757 00d6 F4       		.byte	0xf4
 1758 00d7 24       		.byte	0x24
 1759 00d8 09       		.byte	0x9
 1760 00d9 FA       		.byte	0xfa
 1761 00da 26       		.byte	0x26
 1762 00db 9F       		.byte	0x9f
 1763 00dc 00000000 		.4byte	0
 1764 00e0 00000000 		.4byte	0
 1765              	.LLST2:
 1766 00e4 BC010000 		.4byte	.LVL63
 1767 00e8 E0010000 		.4byte	.LVL67
 1768 00ec 0100     		.2byte	0x1
 1769 00ee 52       		.byte	0x52
 1770 00ef E0010000 		.4byte	.LVL67
 1771 00f3 F7010000 		.4byte	.LVL70-1
 1772 00f7 1A00     		.2byte	0x1a
 1773 00f9 91       		.byte	0x91
 1774 00fa AF7F     		.sleb128 -81
 1775 00fc 94       		.byte	0x94
 1776 00fd 01       		.byte	0x1
 1777 00fe 08       		.byte	0x8
 1778 00ff FF       		.byte	0xff
 1779 0100 1A       		.byte	0x1a
 1780 0101 38       		.byte	0x38
 1781 0102 24       		.byte	0x24
 1782 0103 91       		.byte	0x91
 1783 0104 AE7F     		.sleb128 -82
 1784 0106 94       		.byte	0x94
 1785 0107 01       		.byte	0x1
 1786 0108 08       		.byte	0x8
 1787 0109 FF       		.byte	0xff
 1788 010a 1A       		.byte	0x1a
 1789 010b 21       		.byte	0x21
 1790 010c 09       		.byte	0x9
 1791 010d F4       		.byte	0xf4
 1792 010e 24       		.byte	0x24
 1793 010f 09       		.byte	0x9
 1794 0110 FA       		.byte	0xfa
 1795 0111 26       		.byte	0x26
 1796 0112 9F       		.byte	0x9f
 1797 0113 00000000 		.4byte	0
 1798 0117 00000000 		.4byte	0
 1799              	.LLST3:
 1800 011b CC010000 		.4byte	.LVL65
 1801 011f EC010000 		.4byte	.LVL68
 1802 0123 0100     		.2byte	0x1
 1803 0125 53       		.byte	0x53
 1804 0126 EC010000 		.4byte	.LVL68
 1805 012a F4010000 		.4byte	.LVL69
 1806 012e 1400     		.2byte	0x14
 1807 0130 70       		.byte	0x70
 1808 0131 00       		.sleb128 0
 1809 0132 38       		.byte	0x38
 1810 0133 24       		.byte	0x24
 1811 0134 91       		.byte	0x91
 1812 0135 B07F     		.sleb128 -80
ARM GAS  C:\Users\Mattia40\AppData\Local\Temp\ccnH2pDd.s 			page 38


 1813 0137 94       		.byte	0x94
 1814 0138 01       		.byte	0x1
 1815 0139 08       		.byte	0x8
 1816 013a FF       		.byte	0xff
 1817 013b 1A       		.byte	0x1a
 1818 013c 21       		.byte	0x21
 1819 013d 09       		.byte	0x9
 1820 013e F4       		.byte	0xf4
 1821 013f 24       		.byte	0x24
 1822 0140 09       		.byte	0x9
 1823 0141 FA       		.byte	0xfa
 1824 0142 26       		.byte	0x26
 1825 0143 9F       		.byte	0x9f
 1826 0144 F4010000 		.4byte	.LVL69
 1827 0148 F7010000 		.4byte	.LVL70-1
 1828 014c 1A00     		.2byte	0x1a
 1829 014e 91       		.byte	0x91
 1830 014f B17F     		.sleb128 -79
 1831 0151 94       		.byte	0x94
 1832 0152 01       		.byte	0x1
 1833 0153 08       		.byte	0x8
 1834 0154 FF       		.byte	0xff
 1835 0155 1A       		.byte	0x1a
 1836 0156 38       		.byte	0x38
 1837 0157 24       		.byte	0x24
 1838 0158 91       		.byte	0x91
 1839 0159 B07F     		.sleb128 -80
 1840 015b 94       		.byte	0x94
 1841 015c 01       		.byte	0x1
 1842 015d 08       		.byte	0x8
 1843 015e FF       		.byte	0xff
 1844 015f 1A       		.byte	0x1a
 1845 0160 21       		.byte	0x21
 1846 0161 09       		.byte	0x9
 1847 0162 F4       		.byte	0xf4
 1848 0163 24       		.byte	0x24
 1849 0164 09       		.byte	0x9
 1850 0165 FA       		.byte	0xfa
 1851 0166 26       		.byte	0x26
 1852 0167 9F       		.byte	0x9f
 1853 0168 00000000 		.4byte	0
 1854 016c 00000000 		.4byte	0
 1855              	.LLST4:
 1856 0170 14000000 		.4byte	.LVL2
 1857 0174 18000000 		.4byte	.LVL3
 1858 0178 0200     		.2byte	0x2
 1859 017a 30       		.byte	0x30
 1860 017b 9F       		.byte	0x9f
 1861 017c 18000000 		.4byte	.LVL3
 1862 0180 38010000 		.4byte	.LVL51
 1863 0184 0100     		.2byte	0x1
 1864 0186 54       		.byte	0x54
 1865 0187 00000000 		.4byte	0
 1866 018b 00000000 		.4byte	0
 1867              		.section	.debug_aranges,"",%progbits
 1868 0000 1C000000 		.4byte	0x1c
 1869 0004 0200     		.2byte	0x2
ARM GAS  C:\Users\Mattia40\AppData\Local\Temp\ccnH2pDd.s 			page 39


 1870 0006 00000000 		.4byte	.Ldebug_info0
 1871 000a 04       		.byte	0x4
 1872 000b 00       		.byte	0
 1873 000c 0000     		.2byte	0
 1874 000e 0000     		.2byte	0
 1875 0010 00000000 		.4byte	.LFB64
 1876 0014 34020000 		.4byte	.LFE64-.LFB64
 1877 0018 00000000 		.4byte	0
 1878 001c 00000000 		.4byte	0
 1879              		.section	.debug_ranges,"",%progbits
 1880              	.Ldebug_ranges0:
 1881 0000 00000000 		.4byte	.LFB64
 1882 0004 34020000 		.4byte	.LFE64
 1883 0008 00000000 		.4byte	0
 1884 000c 00000000 		.4byte	0
 1885              		.section	.debug_line,"",%progbits
 1886              	.Ldebug_line0:
 1887 0000 66020000 		.section	.debug_str,"MS",%progbits,1
 1887      0200FD01 
 1887      00000201 
 1887      FB0E0D00 
 1887      01010101 
 1888              	.LASF24:
 1889 0000 6D657373 		.ascii	"message\000"
 1889      61676500 
 1890              	.LASF33:
 1891 0008 68656164 		.ascii	"header\000"
 1891      657200
 1892              	.LASF2:
 1893 000f 5F5F7569 		.ascii	"__uint8_t\000"
 1893      6E74385F 
 1893      7400
 1894              	.LASF40:
 1895 0019 55415254 		.ascii	"UART_Debug_PutString\000"
 1895      5F446562 
 1895      75675F50 
 1895      75745374 
 1895      72696E67 
 1896              	.LASF38:
 1897 002e 4932435F 		.ascii	"I2C_Peripheral_IsDeviceConnected\000"
 1897      50657269 
 1897      70686572 
 1897      616C5F49 
 1897      73446576 
 1898              	.LASF6:
 1899 004f 5F5F696E 		.ascii	"__int32_t\000"
 1899      7433325F 
 1899      7400
 1900              	.LASF36:
 1901 0059 58595A44 		.ascii	"XYZData\000"
 1901      61746100 
 1902              	.LASF7:
 1903 0061 6C6F6E67 		.ascii	"long int\000"
 1903      20696E74 
 1903      00
 1904              	.LASF47:
 1905 006a 55415254 		.ascii	"UART_Debug_PutArray\000"
ARM GAS  C:\Users\Mattia40\AppData\Local\Temp\ccnH2pDd.s 			page 40


 1905      5F446562 
 1905      75675F50 
 1905      75744172 
 1905      72617900 
 1906              	.LASF21:
 1907 007e 4572726F 		.ascii	"ErrorCode\000"
 1907      72436F64 
 1907      6500
 1908              	.LASF50:
 1909 0088 443A5C50 		.ascii	"D:\\POLITECNICO\\magistrale\\secondo\\secondo\\lab "
 1909      4F4C4954 
 1909      45434E49 
 1909      434F5C6D 
 1909      61676973 
 1910 00b6 62696F73 		.ascii	"biosensor\\HOMEWORK\\ASSIGNMENT_05\\AY1920_II_HW_05"
 1910      656E736F 
 1910      725C484F 
 1910      4D45574F 
 1910      524B5C41 
 1911 00e6 5F515541 		.ascii	"_QUARANTA_MATTIA\\AY1920_II_HW_05_QUARANTA_MATTIA\\"
 1911      52414E54 
 1911      415F4D41 
 1911      54544941 
 1911      5C415931 
 1912 0117 41593139 		.ascii	"AY1920_II_HW_05_PROJ_2.cydsn\000"
 1912      32305F49 
 1912      495F4857 
 1912      5F30355F 
 1912      50524F4A 
 1913              	.LASF37:
 1914 0134 72656769 		.ascii	"register_count\000"
 1914      73746572 
 1914      5F636F75 
 1914      6E7400
 1915              	.LASF14:
 1916 0143 696E7433 		.ascii	"int32_t\000"
 1916      325F7400 
 1917              	.LASF16:
 1918 014b 666C6F61 		.ascii	"float\000"
 1918      7400
 1919              	.LASF35:
 1920 0151 4F757441 		.ascii	"OutArray\000"
 1920      72726179 
 1920      00
 1921              	.LASF1:
 1922 015a 756E7369 		.ascii	"unsigned char\000"
 1922      676E6564 
 1922      20636861 
 1922      7200
 1923              	.LASF48:
 1924 0168 474E5520 		.ascii	"GNU C11 5.4.1 20160609 (release) [ARM/embedded-5-br"
 1924      43313120 
 1924      352E342E 
 1924      31203230 
 1924      31363036 
 1925 019b 616E6368 		.ascii	"anch revision 237715] -mcpu=cortex-m3 -mthumb -g -O"
 1925      20726576 
ARM GAS  C:\Users\Mattia40\AppData\Local\Temp\ccnH2pDd.s 			page 41


 1925      6973696F 
 1925      6E203233 
 1925      37373135 
 1926 01ce 67202D66 		.ascii	"g -ffunction-sections -ffat-lto-objects\000"
 1926      66756E63 
 1926      74696F6E 
 1926      2D736563 
 1926      74696F6E 
 1927              	.LASF15:
 1928 01f6 696E7431 		.ascii	"int16\000"
 1928      3600
 1929              	.LASF8:
 1930 01fc 6C6F6E67 		.ascii	"long unsigned int\000"
 1930      20756E73 
 1930      69676E65 
 1930      6420696E 
 1930      7400
 1931              	.LASF5:
 1932 020e 73686F72 		.ascii	"short unsigned int\000"
 1932      7420756E 
 1932      7369676E 
 1932      65642069 
 1932      6E7400
 1933              	.LASF34:
 1934 0221 666F6F74 		.ascii	"footer\000"
 1934      657200
 1935              	.LASF17:
 1936 0228 646F7562 		.ascii	"double\000"
 1936      6C6500
 1937              	.LASF46:
 1938 022f 4932435F 		.ascii	"I2C_Peripheral_ReadRegisterMulti\000"
 1938      50657269 
 1938      70686572 
 1938      616C5F52 
 1938      65616452 
 1939              	.LASF45:
 1940 0250 4932435F 		.ascii	"I2C_Peripheral_WriteRegister\000"
 1940      50657269 
 1940      70686572 
 1940      616C5F57 
 1940      72697465 
 1941              	.LASF51:
 1942 026d 6D61696E 		.ascii	"main\000"
 1942      00
 1943              	.LASF3:
 1944 0272 5F5F696E 		.ascii	"__int16_t\000"
 1944      7431365F 
 1944      7400
 1945              	.LASF28:
 1946 027c 6374726C 		.ascii	"ctrl_reg1\000"
 1946      5F726567 
 1946      3100
 1947              	.LASF29:
 1948 0286 6374726C 		.ascii	"ctrl_reg4\000"
 1948      5F726567 
 1948      3400
 1949              	.LASF11:
ARM GAS  C:\Users\Mattia40\AppData\Local\Temp\ccnH2pDd.s 			page 42


 1950 0290 756E7369 		.ascii	"unsigned int\000"
 1950      676E6564 
 1950      20696E74 
 1950      00
 1951              	.LASF10:
 1952 029d 6C6F6E67 		.ascii	"long long unsigned int\000"
 1952      206C6F6E 
 1952      6720756E 
 1952      7369676E 
 1952      65642069 
 1953              	.LASF12:
 1954 02b4 75696E74 		.ascii	"uint8_t\000"
 1954      385F7400 
 1955              	.LASF13:
 1956 02bc 696E7431 		.ascii	"int16_t\000"
 1956      365F7400 
 1957              	.LASF52:
 1958 02c4 49544D5F 		.ascii	"ITM_RxBuffer\000"
 1958      52784275 
 1958      66666572 
 1958      00
 1959              	.LASF30:
 1960 02d1 4F757458 		.ascii	"OutX\000"
 1960      00
 1961              	.LASF31:
 1962 02d6 4F757459 		.ascii	"OutY\000"
 1962      00
 1963              	.LASF32:
 1964 02db 4F75745A 		.ascii	"OutZ\000"
 1964      00
 1965              	.LASF23:
 1966 02e0 73697A65 		.ascii	"sizetype\000"
 1966      74797065 
 1966      00
 1967              	.LASF26:
 1968 02e9 6572726F 		.ascii	"error\000"
 1968      7200
 1969              	.LASF9:
 1970 02ef 6C6F6E67 		.ascii	"long long int\000"
 1970      206C6F6E 
 1970      6720696E 
 1970      7400
 1971              	.LASF42:
 1972 02fd 55415254 		.ascii	"UART_Debug_Start\000"
 1972      5F446562 
 1972      75675F53 
 1972      74617274 
 1972      00
 1973              	.LASF49:
 1974 030e 6D61696E 		.ascii	"main.c\000"
 1974      2E6300
 1975              	.LASF18:
 1976 0315 63686172 		.ascii	"char\000"
 1976      00
 1977              	.LASF44:
 1978 031a 4932435F 		.ascii	"I2C_Peripheral_ReadRegister\000"
 1978      50657269 
ARM GAS  C:\Users\Mattia40\AppData\Local\Temp\ccnH2pDd.s 			page 43


 1978      70686572 
 1978      616C5F52 
 1978      65616452 
 1979              	.LASF4:
 1980 0336 73686F72 		.ascii	"short int\000"
 1980      7420696E 
 1980      7400
 1981              	.LASF19:
 1982 0340 4E4F5F45 		.ascii	"NO_ERROR\000"
 1982      52524F52 
 1982      00
 1983              	.LASF20:
 1984 0349 4552524F 		.ascii	"ERROR\000"
 1984      5200
 1985              	.LASF27:
 1986 034f 73746174 		.ascii	"status_register\000"
 1986      75735F72 
 1986      65676973 
 1986      74657200 
 1987              	.LASF22:
 1988 035f 6C6F6E67 		.ascii	"long double\000"
 1988      20646F75 
 1988      626C6500 
 1989              	.LASF0:
 1990 036b 7369676E 		.ascii	"signed char\000"
 1990      65642063 
 1990      68617200 
 1991              	.LASF25:
 1992 0377 77686F5F 		.ascii	"who_am_i_reg\000"
 1992      616D5F69 
 1992      5F726567 
 1992      00
 1993              	.LASF39:
 1994 0384 73707269 		.ascii	"sprintf\000"
 1994      6E746600 
 1995              	.LASF43:
 1996 038c 43794465 		.ascii	"CyDelay\000"
 1996      6C617900 
 1997              	.LASF41:
 1998 0394 4932435F 		.ascii	"I2C_Peripheral_Start\000"
 1998      50657269 
 1998      70686572 
 1998      616C5F53 
 1998      74617274 
 1999              		.ident	"GCC: (GNU Tools for ARM Embedded Processors) 5.4.1 20160609 (release) [ARM/embedded-5-bran
