ARM GAS  C:\Users\Mattia40\AppData\Local\Temp\ccv5FXLC.s 			page 1


   1              		.syntax unified
   2              		.cpu cortex-m3
   3              		.fpu softvfp
   4              		.eabi_attribute 20, 1
   5              		.eabi_attribute 21, 1
   6              		.eabi_attribute 23, 3
   7              		.eabi_attribute 24, 1
   8              		.eabi_attribute 25, 1
   9              		.eabi_attribute 26, 1
  10              		.eabi_attribute 30, 1
  11              		.eabi_attribute 34, 1
  12              		.eabi_attribute 18, 4
  13              		.thumb
  14              		.syntax unified
  15              		.file	"main.c"
  16              		.text
  17              	.Ltext0:
  18              		.cfi_sections	.debug_frame
  19              		.section	.text.main,"ax",%progbits
  20              		.align	2
  21              		.global	main
  22              		.thumb
  23              		.thumb_func
  24              		.type	main, %function
  25              	main:
  26              	.LFB64:
  27              		.file 1 "main.c"
   1:main.c        **** /**
   2:main.c        **** * \brief Main source file for the I2C-Master project.
   3:main.c        **** *
   4:main.c        **** * In this project we set up a I2C master device with
   5:main.c        **** * to understand the I2C protocol and communicate with a
   6:main.c        **** * a I2C Slave device (LIS3DH Accelerometer).
   7:main.c        **** * 
   8:main.c        **** * In this case we are interested into reading the 
   9:main.c        **** * Temperature value.
  10:main.c        **** */
  11:main.c        **** 
  12:main.c        **** // Include required header files
  13:main.c        **** #include "I2C_Interface.h"
  14:main.c        **** #include "project.h"
  15:main.c        **** #include "stdio.h"
  16:main.c        **** #include "Defines.h"
  17:main.c        **** 
  18:main.c        **** 
  19:main.c        **** 
  20:main.c        **** int main(void)
  21:main.c        **** {
  28              		.loc 1 21 0
  29              		.cfi_startproc
  30              		@ args = 0, pretend = 0, frame = 72
  31              		@ frame_needed = 0, uses_anonymous_args = 0
  32 0000 10B5     		push	{r4, lr}
  33              		.cfi_def_cfa_offset 8
  34              		.cfi_offset 4, -8
  35              		.cfi_offset 14, -4
  36 0002 92B0     		sub	sp, sp, #72
ARM GAS  C:\Users\Mattia40\AppData\Local\Temp\ccv5FXLC.s 			page 2


  37              		.cfi_def_cfa_offset 80
  22:main.c        ****     CyGlobalIntEnable; /* Enable global interrupts. */
  38              		.loc 1 22 0
  39              		.syntax unified
  40              	@ 22 "main.c" 1
  41 0004 62B6     		CPSIE   i
  42              	@ 0 "" 2
  23:main.c        **** 
  24:main.c        ****     /* Place your initialization/startup code here (e.g. MyInst_Start()) */
  25:main.c        ****     I2C_Peripheral_Start();
  43              		.loc 1 25 0
  44              		.thumb
  45              		.syntax unified
  46 0006 FFF7FEFF 		bl	I2C_Peripheral_Start
  47              	.LVL0:
  26:main.c        ****     UART_Debug_Start();
  48              		.loc 1 26 0
  49 000a FFF7FEFF 		bl	UART_Debug_Start
  50              	.LVL1:
  27:main.c        ****     
  28:main.c        ****     CyDelay(5); //"The boot procedure is complete about 5 milliseconds after device power-up."
  51              		.loc 1 28 0
  52 000e 0520     		movs	r0, #5
  53 0010 FFF7FEFF 		bl	CyDelay
  54              	.LVL2:
  55              	.LBB2:
  29:main.c        ****     
  30:main.c        ****     // String to print out messages on the UART
  31:main.c        ****     char message[50];
  32:main.c        **** 
  33:main.c        ****     // Check which devices are present on the I2C bus
  34:main.c        ****     for (int i = 0 ; i < 128; i++)
  56              		.loc 1 34 0
  57 0014 0024     		movs	r4, #0
  58 0016 0CE0     		b	.L2
  59              	.LVL3:
  60              	.L4:
  35:main.c        ****     {
  36:main.c        ****         if (I2C_Peripheral_IsDeviceConnected(i))
  61              		.loc 1 36 0
  62 0018 E0B2     		uxtb	r0, r4
  63 001a FFF7FEFF 		bl	I2C_Peripheral_IsDeviceConnected
  64              	.LVL4:
  65 001e 38B1     		cbz	r0, .L3
  37:main.c        ****         {
  38:main.c        ****             // print out the address is hex format
  39:main.c        ****             sprintf(message, "Device 0x%02X is connected\r\n", i);
  66              		.loc 1 39 0
  67 0020 2246     		mov	r2, r4
  68 0022 7B49     		ldr	r1, .L26
  69 0024 05A8     		add	r0, sp, #20
  70 0026 FFF7FEFF 		bl	sprintf
  71              	.LVL5:
  40:main.c        ****             UART_Debug_PutString(message); 
  72              		.loc 1 40 0
  73 002a 05A8     		add	r0, sp, #20
  74 002c FFF7FEFF 		bl	UART_Debug_PutString
ARM GAS  C:\Users\Mattia40\AppData\Local\Temp\ccv5FXLC.s 			page 3


  75              	.LVL6:
  76              	.L3:
  34:main.c        ****     {
  77              		.loc 1 34 0 discriminator 2
  78 0030 0134     		adds	r4, r4, #1
  79              	.LVL7:
  80              	.L2:
  34:main.c        ****     {
  81              		.loc 1 34 0 is_stmt 0 discriminator 1
  82 0032 7F2C     		cmp	r4, #127
  83 0034 F0DD     		ble	.L4
  84              	.LBE2:
  41:main.c        ****         }
  42:main.c        ****         
  43:main.c        ****     }
  44:main.c        ****     
  45:main.c        ****     /******************************************/
  46:main.c        ****     /*            I2C Reading                 */
  47:main.c        ****     /******************************************/
  48:main.c        ****     
  49:main.c        ****     /* Read WHO AM I REGISTER register */
  50:main.c        ****     uint8_t who_am_i_reg;
  51:main.c        ****     ErrorCode error = I2C_Peripheral_ReadRegister(LIS3DH_DEVICE_ADDRESS,
  85              		.loc 1 51 0 is_stmt 1
  86 0036 0DF11302 		add	r2, sp, #19
  87 003a 0F21     		movs	r1, #15
  88 003c 1820     		movs	r0, #24
  89 003e FFF7FEFF 		bl	I2C_Peripheral_ReadRegister
  90              	.LVL8:
  52:main.c        ****                                                   LIS3DH_WHO_AM_I_REG_ADDR, 
  53:main.c        ****                                                   &who_am_i_reg);
  54:main.c        ****     if (error == NO_ERROR)
  91              		.loc 1 54 0
  92 0042 48B9     		cbnz	r0, .L5
  55:main.c        ****     {
  56:main.c        ****         sprintf(message, "WHO AM I REG: 0x%02X [Expected: 0x33]\r\n", who_am_i_reg);
  93              		.loc 1 56 0
  94 0044 9DF81320 		ldrb	r2, [sp, #19]	@ zero_extendqisi2
  95 0048 7249     		ldr	r1, .L26+4
  96 004a 05A8     		add	r0, sp, #20
  97              	.LVL9:
  98 004c FFF7FEFF 		bl	sprintf
  99              	.LVL10:
  57:main.c        ****         UART_Debug_PutString(message); 
 100              		.loc 1 57 0
 101 0050 05A8     		add	r0, sp, #20
 102 0052 FFF7FEFF 		bl	UART_Debug_PutString
 103              	.LVL11:
 104 0056 02E0     		b	.L6
 105              	.LVL12:
 106              	.L5:
  58:main.c        ****     }
  59:main.c        ****     else
  60:main.c        ****     {
  61:main.c        ****         UART_Debug_PutString("Error occurred during I2C comm\r\n");   
 107              		.loc 1 61 0
 108 0058 6F48     		ldr	r0, .L26+8
ARM GAS  C:\Users\Mattia40\AppData\Local\Temp\ccv5FXLC.s 			page 4


 109              	.LVL13:
 110 005a FFF7FEFF 		bl	UART_Debug_PutString
 111              	.LVL14:
 112              	.L6:
  62:main.c        ****     }
  63:main.c        ****     
  64:main.c        ****     /*      I2C Reading Status Register       */
  65:main.c        ****     
  66:main.c        ****     uint8_t status_register; 
  67:main.c        ****     error = I2C_Peripheral_ReadRegister(LIS3DH_DEVICE_ADDRESS,
 113              		.loc 1 67 0
 114 005e 0DF11202 		add	r2, sp, #18
 115 0062 2721     		movs	r1, #39
 116 0064 1820     		movs	r0, #24
 117 0066 FFF7FEFF 		bl	I2C_Peripheral_ReadRegister
 118              	.LVL15:
  68:main.c        ****                                         LIS3DH_STATUS_REG,
  69:main.c        ****                                         &status_register);
  70:main.c        ****     
  71:main.c        ****     if (error == NO_ERROR)
 119              		.loc 1 71 0
 120 006a 48B9     		cbnz	r0, .L7
  72:main.c        ****     {
  73:main.c        ****         sprintf(message, "STATUS REGISTER: 0x%02X\r\n", status_register);
 121              		.loc 1 73 0
 122 006c 9DF81220 		ldrb	r2, [sp, #18]	@ zero_extendqisi2
 123 0070 6A49     		ldr	r1, .L26+12
 124 0072 05A8     		add	r0, sp, #20
 125              	.LVL16:
 126 0074 FFF7FEFF 		bl	sprintf
 127              	.LVL17:
  74:main.c        ****         UART_Debug_PutString(message); 
 128              		.loc 1 74 0
 129 0078 05A8     		add	r0, sp, #20
 130 007a FFF7FEFF 		bl	UART_Debug_PutString
 131              	.LVL18:
 132 007e 02E0     		b	.L8
 133              	.LVL19:
 134              	.L7:
  75:main.c        ****     }
  76:main.c        ****     else
  77:main.c        ****     {
  78:main.c        ****         UART_Debug_PutString("Error occurred during I2C comm to read status register\r\n");   
 135              		.loc 1 78 0
 136 0080 6748     		ldr	r0, .L26+16
 137              	.LVL20:
 138 0082 FFF7FEFF 		bl	UART_Debug_PutString
 139              	.LVL21:
 140              	.L8:
  79:main.c        ****     }
  80:main.c        ****     
  81:main.c        ****     /******************************************/
  82:main.c        ****     /*        Read Control Register 1         */
  83:main.c        ****     /******************************************/
  84:main.c        ****     uint8_t ctrl_reg1; 
  85:main.c        ****     error = I2C_Peripheral_ReadRegister(LIS3DH_DEVICE_ADDRESS,
 141              		.loc 1 85 0
ARM GAS  C:\Users\Mattia40\AppData\Local\Temp\ccv5FXLC.s 			page 5


 142 0086 0DF11102 		add	r2, sp, #17
 143 008a 2021     		movs	r1, #32
 144 008c 1820     		movs	r0, #24
 145 008e FFF7FEFF 		bl	I2C_Peripheral_ReadRegister
 146              	.LVL22:
  86:main.c        ****                                         LIS3DH_CTRL_REG1,
  87:main.c        ****                                         &ctrl_reg1);
  88:main.c        ****     
  89:main.c        ****     if (error == NO_ERROR)
 147              		.loc 1 89 0
 148 0092 48B9     		cbnz	r0, .L9
  90:main.c        ****     {
  91:main.c        ****         sprintf(message, "CONTROL REGISTER 1: 0x%02X\r\n", ctrl_reg1);
 149              		.loc 1 91 0
 150 0094 9DF81120 		ldrb	r2, [sp, #17]	@ zero_extendqisi2
 151 0098 6249     		ldr	r1, .L26+20
 152 009a 05A8     		add	r0, sp, #20
 153              	.LVL23:
 154 009c FFF7FEFF 		bl	sprintf
 155              	.LVL24:
  92:main.c        ****         UART_Debug_PutString(message); 
 156              		.loc 1 92 0
 157 00a0 05A8     		add	r0, sp, #20
 158 00a2 FFF7FEFF 		bl	UART_Debug_PutString
 159              	.LVL25:
 160 00a6 02E0     		b	.L10
 161              	.LVL26:
 162              	.L9:
  93:main.c        ****     }
  94:main.c        ****     else
  95:main.c        ****     {
  96:main.c        ****         UART_Debug_PutString("Error occurred during I2C comm to read control register 1\r\n");   
 163              		.loc 1 96 0
 164 00a8 5F48     		ldr	r0, .L26+24
 165              	.LVL27:
 166 00aa FFF7FEFF 		bl	UART_Debug_PutString
 167              	.LVL28:
 168              	.L10:
  97:main.c        ****     }
  98:main.c        ****     
  99:main.c        ****     /******************************************/
 100:main.c        ****     /*            I2C Writing                 */
 101:main.c        ****     /******************************************/
 102:main.c        ****     
 103:main.c        ****         
 104:main.c        ****     UART_Debug_PutString("\r\nWriting new values..\r\n");
 169              		.loc 1 104 0
 170 00ae 5F48     		ldr	r0, .L26+28
 171 00b0 FFF7FEFF 		bl	UART_Debug_PutString
 172              	.LVL29:
 105:main.c        ****     
 106:main.c        ****     if (ctrl_reg1 != LIS3DH_NORMAL_MODE_CTRL_REG1)
 173              		.loc 1 106 0
 174 00b4 9DF81130 		ldrb	r3, [sp, #17]	@ zero_extendqisi2
 175 00b8 472B     		cmp	r3, #71
 176 00ba 14D0     		beq	.L11
 107:main.c        ****     {
ARM GAS  C:\Users\Mattia40\AppData\Local\Temp\ccv5FXLC.s 			page 6


 108:main.c        ****         ctrl_reg1 = LIS3DH_NORMAL_MODE_CTRL_REG1;
 177              		.loc 1 108 0
 178 00bc 4722     		movs	r2, #71
 179 00be 8DF81120 		strb	r2, [sp, #17]
 109:main.c        ****     
 110:main.c        ****         error = I2C_Peripheral_WriteRegister(LIS3DH_DEVICE_ADDRESS,
 180              		.loc 1 110 0
 181 00c2 2021     		movs	r1, #32
 182 00c4 1820     		movs	r0, #24
 183 00c6 FFF7FEFF 		bl	I2C_Peripheral_WriteRegister
 184              	.LVL30:
 111:main.c        ****                                              LIS3DH_CTRL_REG1,
 112:main.c        ****                                              ctrl_reg1);
 113:main.c        ****     
 114:main.c        ****         if (error == NO_ERROR)
 185              		.loc 1 114 0
 186 00ca 48B9     		cbnz	r0, .L12
 115:main.c        ****         {
 116:main.c        ****             sprintf(message, "CONTROL REGISTER 1 successfully written as: 0x%02X\r\n", ctrl_reg1);
 187              		.loc 1 116 0
 188 00cc 9DF81120 		ldrb	r2, [sp, #17]	@ zero_extendqisi2
 189 00d0 5749     		ldr	r1, .L26+32
 190 00d2 05A8     		add	r0, sp, #20
 191              	.LVL31:
 192 00d4 FFF7FEFF 		bl	sprintf
 193              	.LVL32:
 117:main.c        ****             UART_Debug_PutString(message); 
 194              		.loc 1 117 0
 195 00d8 05A8     		add	r0, sp, #20
 196 00da FFF7FEFF 		bl	UART_Debug_PutString
 197              	.LVL33:
 198 00de 02E0     		b	.L11
 199              	.LVL34:
 200              	.L12:
 118:main.c        ****         }
 119:main.c        ****         else
 120:main.c        ****         {
 121:main.c        ****             UART_Debug_PutString("Error occurred during I2C comm to set control register 1\r\n");  
 201              		.loc 1 121 0
 202 00e0 5448     		ldr	r0, .L26+36
 203              	.LVL35:
 204 00e2 FFF7FEFF 		bl	UART_Debug_PutString
 205              	.LVL36:
 206              	.L11:
 122:main.c        ****         }
 123:main.c        ****     }
 124:main.c        ****     
 125:main.c        ****     /******************************************/
 126:main.c        ****     /*     Read Control Register 1 again      */
 127:main.c        ****     /******************************************/
 128:main.c        **** 
 129:main.c        ****     error = I2C_Peripheral_ReadRegister(LIS3DH_DEVICE_ADDRESS,
 207              		.loc 1 129 0
 208 00e6 0DF11102 		add	r2, sp, #17
 209 00ea 2021     		movs	r1, #32
 210 00ec 1820     		movs	r0, #24
 211 00ee FFF7FEFF 		bl	I2C_Peripheral_ReadRegister
ARM GAS  C:\Users\Mattia40\AppData\Local\Temp\ccv5FXLC.s 			page 7


 212              	.LVL37:
 130:main.c        ****                                         LIS3DH_CTRL_REG1,
 131:main.c        ****                                         &ctrl_reg1);
 132:main.c        ****     
 133:main.c        ****     if (error == NO_ERROR)
 213              		.loc 1 133 0
 214 00f2 48B9     		cbnz	r0, .L13
 134:main.c        ****     {
 135:main.c        ****         sprintf(message, "CONTROL REGISTER 1 after overwrite operation: 0x%02X\r\n", ctrl_reg1);
 215              		.loc 1 135 0
 216 00f4 9DF81120 		ldrb	r2, [sp, #17]	@ zero_extendqisi2
 217 00f8 4F49     		ldr	r1, .L26+40
 218 00fa 05A8     		add	r0, sp, #20
 219              	.LVL38:
 220 00fc FFF7FEFF 		bl	sprintf
 221              	.LVL39:
 136:main.c        ****         UART_Debug_PutString(message); 
 222              		.loc 1 136 0
 223 0100 05A8     		add	r0, sp, #20
 224 0102 FFF7FEFF 		bl	UART_Debug_PutString
 225              	.LVL40:
 226 0106 02E0     		b	.L14
 227              	.LVL41:
 228              	.L13:
 137:main.c        ****     }
 138:main.c        ****     else
 139:main.c        ****     {
 140:main.c        ****         UART_Debug_PutString("Error occurred during I2C comm to read control register 1\r\n");   
 229              		.loc 1 140 0
 230 0108 4748     		ldr	r0, .L26+24
 231              	.LVL42:
 232 010a FFF7FEFF 		bl	UART_Debug_PutString
 233              	.LVL43:
 234              	.L14:
 141:main.c        ****     }
 142:main.c        ****     
 143:main.c        ****      /******************************************/
 144:main.c        ****      /* I2C Reading Temperature sensor CFG reg */
 145:main.c        ****      /******************************************/
 146:main.c        **** 
 147:main.c        ****     uint8_t tmp_cfg_reg;
 148:main.c        **** 
 149:main.c        ****     error = I2C_Peripheral_ReadRegister(LIS3DH_DEVICE_ADDRESS,
 235              		.loc 1 149 0
 236 010e 04AA     		add	r2, sp, #16
 237 0110 1F21     		movs	r1, #31
 238 0112 1820     		movs	r0, #24
 239 0114 FFF7FEFF 		bl	I2C_Peripheral_ReadRegister
 240              	.LVL44:
 150:main.c        ****                                         LIS3DH_TEMP_CFG_REG,
 151:main.c        ****                                         &tmp_cfg_reg);
 152:main.c        ****     
 153:main.c        ****     if (error == NO_ERROR)
 241              		.loc 1 153 0
 242 0118 48B9     		cbnz	r0, .L15
 154:main.c        ****     {
 155:main.c        ****         sprintf(message, "TEMPERATURE CONFIG REGISTER: 0x%02X\r\n", tmp_cfg_reg);
ARM GAS  C:\Users\Mattia40\AppData\Local\Temp\ccv5FXLC.s 			page 8


 243              		.loc 1 155 0
 244 011a 9DF81020 		ldrb	r2, [sp, #16]	@ zero_extendqisi2
 245 011e 4749     		ldr	r1, .L26+44
 246 0120 05A8     		add	r0, sp, #20
 247              	.LVL45:
 248 0122 FFF7FEFF 		bl	sprintf
 249              	.LVL46:
 156:main.c        ****         UART_Debug_PutString(message); 
 250              		.loc 1 156 0
 251 0126 05A8     		add	r0, sp, #20
 252 0128 FFF7FEFF 		bl	UART_Debug_PutString
 253              	.LVL47:
 254 012c 02E0     		b	.L16
 255              	.LVL48:
 256              	.L15:
 157:main.c        ****     }
 158:main.c        ****     else
 159:main.c        ****     {
 160:main.c        ****         UART_Debug_PutString("Error occurred during I2C comm to read temperature config register\r\
 257              		.loc 1 160 0
 258 012e 4448     		ldr	r0, .L26+48
 259              	.LVL49:
 260 0130 FFF7FEFF 		bl	UART_Debug_PutString
 261              	.LVL50:
 262              	.L16:
 161:main.c        ****     }
 162:main.c        ****     
 163:main.c        ****     
 164:main.c        ****     tmp_cfg_reg = LIS3DH_TEMP_CFG_REG_ACTIVE; // must be changed to the appropriate value
 263              		.loc 1 164 0
 264 0134 C022     		movs	r2, #192
 265 0136 12AC     		add	r4, sp, #72
 266              	.LVL51:
 267 0138 04F8382D 		strb	r2, [r4, #-56]!
 165:main.c        ****     
 166:main.c        ****     error = I2C_Peripheral_WriteRegister(LIS3DH_DEVICE_ADDRESS,
 268              		.loc 1 166 0
 269 013c 1F21     		movs	r1, #31
 270 013e 1820     		movs	r0, #24
 271 0140 FFF7FEFF 		bl	I2C_Peripheral_WriteRegister
 272              	.LVL52:
 167:main.c        ****                                          LIS3DH_TEMP_CFG_REG,
 168:main.c        ****                                          tmp_cfg_reg);
 169:main.c        ****     
 170:main.c        ****     error = I2C_Peripheral_ReadRegister(LIS3DH_DEVICE_ADDRESS,
 273              		.loc 1 170 0
 274 0144 2246     		mov	r2, r4
 275 0146 1F21     		movs	r1, #31
 276 0148 1820     		movs	r0, #24
 277 014a FFF7FEFF 		bl	I2C_Peripheral_ReadRegister
 278              	.LVL53:
 171:main.c        ****                                         LIS3DH_TEMP_CFG_REG,
 172:main.c        ****                                         &tmp_cfg_reg);
 173:main.c        ****     
 174:main.c        ****     
 175:main.c        ****     if (error == NO_ERROR)
 279              		.loc 1 175 0
ARM GAS  C:\Users\Mattia40\AppData\Local\Temp\ccv5FXLC.s 			page 9


 280 014e 48B9     		cbnz	r0, .L17
 176:main.c        ****     {
 177:main.c        ****         sprintf(message, "TEMPERATURE CONFIG REGISTER after being updated: 0x%02X\r\n", tmp_cfg_reg
 281              		.loc 1 177 0
 282 0150 9DF81020 		ldrb	r2, [sp, #16]	@ zero_extendqisi2
 283 0154 3B49     		ldr	r1, .L26+52
 284 0156 05A8     		add	r0, sp, #20
 285              	.LVL54:
 286 0158 FFF7FEFF 		bl	sprintf
 287              	.LVL55:
 178:main.c        ****         UART_Debug_PutString(message); 
 288              		.loc 1 178 0
 289 015c 05A8     		add	r0, sp, #20
 290 015e FFF7FEFF 		bl	UART_Debug_PutString
 291              	.LVL56:
 292 0162 02E0     		b	.L18
 293              	.LVL57:
 294              	.L17:
 179:main.c        ****     }
 180:main.c        ****     else
 181:main.c        ****     {
 182:main.c        ****         UART_Debug_PutString("Error occurred during I2C comm to read temperature config register\r\
 295              		.loc 1 182 0
 296 0164 3648     		ldr	r0, .L26+48
 297              	.LVL58:
 298 0166 FFF7FEFF 		bl	UART_Debug_PutString
 299              	.LVL59:
 300              	.L18:
 183:main.c        ****     }
 184:main.c        ****     
 185:main.c        ****     uint8_t ctrl_reg4;
 186:main.c        **** 
 187:main.c        ****     error = I2C_Peripheral_ReadRegister(LIS3DH_DEVICE_ADDRESS,
 301              		.loc 1 187 0
 302 016a 0DF10F02 		add	r2, sp, #15
 303 016e 2321     		movs	r1, #35
 304 0170 1820     		movs	r0, #24
 305 0172 FFF7FEFF 		bl	I2C_Peripheral_ReadRegister
 306              	.LVL60:
 188:main.c        ****                                         LIS3DH_CTRL_REG4,
 189:main.c        ****                                         &ctrl_reg4);
 190:main.c        ****     
 191:main.c        ****     if (error == NO_ERROR)
 307              		.loc 1 191 0
 308 0176 48B9     		cbnz	r0, .L19
 192:main.c        ****     {
 193:main.c        ****         sprintf(message, "CONTROL REGISTER 4: 0x%02X\r\n", ctrl_reg4);
 309              		.loc 1 193 0
 310 0178 9DF80F20 		ldrb	r2, [sp, #15]	@ zero_extendqisi2
 311 017c 3249     		ldr	r1, .L26+56
 312 017e 05A8     		add	r0, sp, #20
 313              	.LVL61:
 314 0180 FFF7FEFF 		bl	sprintf
 315              	.LVL62:
 194:main.c        ****         UART_Debug_PutString(message); 
 316              		.loc 1 194 0
 317 0184 05A8     		add	r0, sp, #20
ARM GAS  C:\Users\Mattia40\AppData\Local\Temp\ccv5FXLC.s 			page 10


 318 0186 FFF7FEFF 		bl	UART_Debug_PutString
 319              	.LVL63:
 320 018a 02E0     		b	.L20
 321              	.LVL64:
 322              	.L19:
 195:main.c        ****     }
 196:main.c        ****     else
 197:main.c        ****     {
 198:main.c        ****         UART_Debug_PutString("Error occurred during I2C comm to read control register4\r\n");   
 323              		.loc 1 198 0
 324 018c 2F48     		ldr	r0, .L26+60
 325              	.LVL65:
 326 018e FFF7FEFF 		bl	UART_Debug_PutString
 327              	.LVL66:
 328              	.L20:
 199:main.c        ****     }
 200:main.c        ****     
 201:main.c        ****     
 202:main.c        ****     ctrl_reg4 = LIS3DH_CTRL_REG4_BDU_ACTIVE; // must be changed to the appropriate value
 329              		.loc 1 202 0
 330 0192 8022     		movs	r2, #128
 331 0194 12AC     		add	r4, sp, #72
 332 0196 04F8392D 		strb	r2, [r4, #-57]!
 203:main.c        ****     
 204:main.c        ****     error = I2C_Peripheral_WriteRegister(LIS3DH_DEVICE_ADDRESS,
 333              		.loc 1 204 0
 334 019a 2321     		movs	r1, #35
 335 019c 1820     		movs	r0, #24
 336 019e FFF7FEFF 		bl	I2C_Peripheral_WriteRegister
 337              	.LVL67:
 205:main.c        ****                                          LIS3DH_CTRL_REG4,
 206:main.c        ****                                          ctrl_reg4);
 207:main.c        ****     
 208:main.c        ****     error = I2C_Peripheral_ReadRegister(LIS3DH_DEVICE_ADDRESS,
 338              		.loc 1 208 0
 339 01a2 2246     		mov	r2, r4
 340 01a4 2321     		movs	r1, #35
 341 01a6 1820     		movs	r0, #24
 342 01a8 FFF7FEFF 		bl	I2C_Peripheral_ReadRegister
 343              	.LVL68:
 209:main.c        ****                                         LIS3DH_CTRL_REG4,
 210:main.c        ****                                         &ctrl_reg4);
 211:main.c        ****     
 212:main.c        ****     
 213:main.c        ****     if (error == NO_ERROR)
 344              		.loc 1 213 0
 345 01ac 48B9     		cbnz	r0, .L21
 214:main.c        ****     {
 215:main.c        ****         sprintf(message, "CONTROL REGISTER 4 after being updated: 0x%02X\r\n", ctrl_reg4);
 346              		.loc 1 215 0
 347 01ae 9DF80F20 		ldrb	r2, [sp, #15]	@ zero_extendqisi2
 348 01b2 2749     		ldr	r1, .L26+64
 349 01b4 05A8     		add	r0, sp, #20
 350              	.LVL69:
 351 01b6 FFF7FEFF 		bl	sprintf
 352              	.LVL70:
 216:main.c        ****         UART_Debug_PutString(message); 
ARM GAS  C:\Users\Mattia40\AppData\Local\Temp\ccv5FXLC.s 			page 11


 353              		.loc 1 216 0
 354 01ba 05A8     		add	r0, sp, #20
 355 01bc FFF7FEFF 		bl	UART_Debug_PutString
 356              	.LVL71:
 357 01c0 02E0     		b	.L22
 358              	.LVL72:
 359              	.L21:
 217:main.c        ****     }
 218:main.c        ****     else
 219:main.c        ****     {
 220:main.c        ****         UART_Debug_PutString("Error occurred during I2C comm to read control register4\r\n");   
 360              		.loc 1 220 0
 361 01c2 2248     		ldr	r0, .L26+60
 362              	.LVL73:
 363 01c4 FFF7FEFF 		bl	UART_Debug_PutString
 364              	.LVL74:
 365              	.L22:
 221:main.c        ****     }
 222:main.c        ****   
 223:main.c        ****     int16_t OutTemp;//used to merge the two uint8_t value from the array TemperaturData
 224:main.c        ****     uint8_t header = 0xA0;//header for UART comunication
 225:main.c        ****     uint8_t footer = 0xC0;//tail for UART comunication
 226:main.c        ****     uint8_t OutArray[4]; //array to be sent through UART
 227:main.c        ****     uint8_t TemperatureData[2];//Array used to read data
 228:main.c        ****     uint8_t register_count=1;//it is 1--> we need to read two value, *(data) and *(data+1)
 229:main.c        ****     
 230:main.c        ****     
 231:main.c        ****     OutArray[0] = header;
 366              		.loc 1 231 0
 367 01c8 A023     		movs	r3, #160
 368 01ca 8DF80830 		strb	r3, [sp, #8]
 232:main.c        ****     OutArray[3] = footer;
 369              		.loc 1 232 0
 370 01ce C023     		movs	r3, #192
 371 01d0 8DF80B30 		strb	r3, [sp, #11]
 372              	.L23:
 233:main.c        ****     
 234:main.c        ****     for(;;)
 235:main.c        ****     {
 236:main.c        ****         CyDelay(100);
 373              		.loc 1 236 0
 374 01d4 6420     		movs	r0, #100
 375 01d6 FFF7FEFF 		bl	CyDelay
 376              	.LVL75:
 237:main.c        ****         //Use of multi-read function to read two consequent registers starting from ADC_3L
 238:main.c        ****         error = I2C_Peripheral_ReadRegisterMulti(LIS3DH_DEVICE_ADDRESS,
 377              		.loc 1 238 0
 378 01da 01AB     		add	r3, sp, #4
 379 01dc 0122     		movs	r2, #1
 380 01de 0C21     		movs	r1, #12
 381 01e0 1820     		movs	r0, #24
 382 01e2 FFF7FEFF 		bl	I2C_Peripheral_ReadRegisterMulti
 383              	.LVL76:
 239:main.c        ****                                         LIS3DH_OUT_ADC_3L,
 240:main.c        ****                                         register_count,
 241:main.c        ****                                         &TemperatureData[0]);
 242:main.c        ****         
ARM GAS  C:\Users\Mattia40\AppData\Local\Temp\ccv5FXLC.s 			page 12


 243:main.c        ****         if(error == NO_ERROR)
 384              		.loc 1 243 0
 385 01e6 0028     		cmp	r0, #0
 386 01e8 F4D1     		bne	.L23
 244:main.c        ****         {
 245:main.c        **** 
 246:main.c        ****             OutTemp = (int16)((TemperatureData[0] | (TemperatureData[1]<<8)))>>6;//merge data into 
 387              		.loc 1 246 0
 388 01ea 9DF80430 		ldrb	r3, [sp, #4]	@ zero_extendqisi2
 389 01ee 9DF80520 		ldrb	r2, [sp, #5]	@ zero_extendqisi2
 390 01f2 43EA0223 		orr	r3, r3, r2, lsl #8
 391 01f6 43F38913 		sbfx	r3, r3, #6, #10
 392              	.LVL77:
 247:main.c        ****             OutArray[1] = (uint8_t)(OutTemp & 0xFF);//copy of the LSB into the position 1 of the ar
 393              		.loc 1 247 0
 394 01fa 8DF80930 		strb	r3, [sp, #9]
 248:main.c        ****             OutArray[2] = (uint8_t)(OutTemp >> 8);//copy of the MSB into the position 2 of the arra
 395              		.loc 1 248 0
 396 01fe C3F30723 		ubfx	r3, r3, #8, #8
 397              	.LVL78:
 398 0202 8DF80A30 		strb	r3, [sp, #10]
 249:main.c        ****             UART_Debug_PutArray(OutArray, 4);//UART comunication
 399              		.loc 1 249 0
 400 0206 0421     		movs	r1, #4
 401 0208 02A8     		add	r0, sp, #8
 402              	.LVL79:
 403 020a FFF7FEFF 		bl	UART_Debug_PutArray
 404              	.LVL80:
 405 020e E1E7     		b	.L23
 406              	.L27:
 407              		.align	2
 408              	.L26:
 409 0210 00000000 		.word	.LC0
 410 0214 20000000 		.word	.LC1
 411 0218 48000000 		.word	.LC2
 412 021c 6C000000 		.word	.LC3
 413 0220 88000000 		.word	.LC4
 414 0224 C4000000 		.word	.LC5
 415 0228 E4000000 		.word	.LC6
 416 022c 20010000 		.word	.LC7
 417 0230 3C010000 		.word	.LC8
 418 0234 74010000 		.word	.LC9
 419 0238 B0010000 		.word	.LC10
 420 023c E8010000 		.word	.LC11
 421 0240 10020000 		.word	.LC12
 422 0244 58020000 		.word	.LC13
 423 0248 94020000 		.word	.LC14
 424 024c B4020000 		.word	.LC15
 425 0250 F0020000 		.word	.LC16
 426              		.cfi_endproc
 427              	.LFE64:
 428              		.size	main, .-main
 429              		.section	.rodata.str1.4,"aMS",%progbits,1
 430              		.align	2
 431              	.LC0:
 432 0000 44657669 		.ascii	"Device 0x%02X is connected\015\012\000"
 432      63652030 
ARM GAS  C:\Users\Mattia40\AppData\Local\Temp\ccv5FXLC.s 			page 13


 432      78253032 
 432      58206973 
 432      20636F6E 
 433 001d 000000   		.space	3
 434              	.LC1:
 435 0020 57484F20 		.ascii	"WHO AM I REG: 0x%02X [Expected: 0x33]\015\012\000"
 435      414D2049 
 435      20524547 
 435      3A203078 
 435      25303258 
 436              	.LC2:
 437 0048 4572726F 		.ascii	"Error occurred during I2C comm\015\012\000"
 437      72206F63 
 437      63757272 
 437      65642064 
 437      7572696E 
 438 0069 000000   		.space	3
 439              	.LC3:
 440 006c 53544154 		.ascii	"STATUS REGISTER: 0x%02X\015\012\000"
 440      55532052 
 440      45474953 
 440      5445523A 
 440      20307825 
 441 0086 0000     		.space	2
 442              	.LC4:
 443 0088 4572726F 		.ascii	"Error occurred during I2C comm to read status regis"
 443      72206F63 
 443      63757272 
 443      65642064 
 443      7572696E 
 444 00bb 7465720D 		.ascii	"ter\015\012\000"
 444      0A00
 445 00c1 000000   		.space	3
 446              	.LC5:
 447 00c4 434F4E54 		.ascii	"CONTROL REGISTER 1: 0x%02X\015\012\000"
 447      524F4C20 
 447      52454749 
 447      53544552 
 447      20313A20 
 448 00e1 000000   		.space	3
 449              	.LC6:
 450 00e4 4572726F 		.ascii	"Error occurred during I2C comm to read control regi"
 450      72206F63 
 450      63757272 
 450      65642064 
 450      7572696E 
 451 0117 73746572 		.ascii	"ster 1\015\012\000"
 451      20310D0A 
 451      00
 452              	.LC7:
 453 0120 0D0A5772 		.ascii	"\015\012Writing new values..\015\012\000"
 453      6974696E 
 453      67206E65 
 453      77207661 
 453      6C756573 
 454 0139 000000   		.space	3
 455              	.LC8:
ARM GAS  C:\Users\Mattia40\AppData\Local\Temp\ccv5FXLC.s 			page 14


 456 013c 434F4E54 		.ascii	"CONTROL REGISTER 1 successfully written as: 0x%02X\015"
 456      524F4C20 
 456      52454749 
 456      53544552 
 456      20312073 
 457 016f 0A00     		.ascii	"\012\000"
 458 0171 000000   		.space	3
 459              	.LC9:
 460 0174 4572726F 		.ascii	"Error occurred during I2C comm to set control regis"
 460      72206F63 
 460      63757272 
 460      65642064 
 460      7572696E 
 461 01a7 74657220 		.ascii	"ter 1\015\012\000"
 461      310D0A00 
 462 01af 00       		.space	1
 463              	.LC10:
 464 01b0 434F4E54 		.ascii	"CONTROL REGISTER 1 after overwrite operation: 0x%02"
 464      524F4C20 
 464      52454749 
 464      53544552 
 464      20312061 
 465 01e3 580D0A00 		.ascii	"X\015\012\000"
 466 01e7 00       		.space	1
 467              	.LC11:
 468 01e8 54454D50 		.ascii	"TEMPERATURE CONFIG REGISTER: 0x%02X\015\012\000"
 468      45524154 
 468      55524520 
 468      434F4E46 
 468      49472052 
 469 020e 0000     		.space	2
 470              	.LC12:
 471 0210 4572726F 		.ascii	"Error occurred during I2C comm to read temperature "
 471      72206F63 
 471      63757272 
 471      65642064 
 471      7572696E 
 472 0243 636F6E66 		.ascii	"config register\015\012\000"
 472      69672072 
 472      65676973 
 472      7465720D 
 472      0A00
 473 0255 000000   		.space	3
 474              	.LC13:
 475 0258 54454D50 		.ascii	"TEMPERATURE CONFIG REGISTER after being updated: 0x"
 475      45524154 
 475      55524520 
 475      434F4E46 
 475      49472052 
 476 028b 25303258 		.ascii	"%02X\015\012\000"
 476      0D0A00
 477 0292 0000     		.space	2
 478              	.LC14:
 479 0294 434F4E54 		.ascii	"CONTROL REGISTER 4: 0x%02X\015\012\000"
 479      524F4C20 
 479      52454749 
 479      53544552 
ARM GAS  C:\Users\Mattia40\AppData\Local\Temp\ccv5FXLC.s 			page 15


 479      20343A20 
 480 02b1 000000   		.space	3
 481              	.LC15:
 482 02b4 4572726F 		.ascii	"Error occurred during I2C comm to read control regi"
 482      72206F63 
 482      63757272 
 482      65642064 
 482      7572696E 
 483 02e7 73746572 		.ascii	"ster4\015\012\000"
 483      340D0A00 
 484 02ef 00       		.space	1
 485              	.LC16:
 486 02f0 434F4E54 		.ascii	"CONTROL REGISTER 4 after being updated: 0x%02X\015\012"
 486      524F4C20 
 486      52454749 
 486      53544552 
 486      20342061 
 487 0320 00       		.ascii	"\000"
 488              		.text
 489              	.Letext0:
 490              		.file 2 "c:\\program files (x86)\\cypress\\psoc creator\\4.3\\psoc creator\\import\\gnu\\arm\\5.4.
 491              		.file 3 "c:\\program files (x86)\\cypress\\psoc creator\\4.3\\psoc creator\\import\\gnu\\arm\\5.4.
 492              		.file 4 "Generated_Source\\PSoC5/cytypes.h"
 493              		.file 5 "ErrorCodes.h"
 494              		.file 6 "I2C_Interface.h"
 495              		.file 7 "c:\\program files (x86)\\cypress\\psoc creator\\4.3\\psoc creator\\import\\gnu\\arm\\5.4.
 496              		.file 8 "Generated_Source\\PSoC5/UART_Debug.h"
 497              		.file 9 "Generated_Source\\PSoC5/CyLib.h"
 498              		.file 10 "Generated_Source\\PSoC5/core_cm3.h"
 499              		.section	.debug_info,"",%progbits
 500              	.Ldebug_info0:
 501 0000 42070000 		.4byte	0x742
 502 0004 0400     		.2byte	0x4
 503 0006 00000000 		.4byte	.Ldebug_abbrev0
 504 000a 04       		.byte	0x4
 505 000b 01       		.uleb128 0x1
 506 000c BC000000 		.4byte	.LASF47
 507 0010 0C       		.byte	0xc
 508 0011 D3020000 		.4byte	.LASF48
 509 0015 DA010000 		.4byte	.LASF49
 510 0019 00000000 		.4byte	.Ldebug_ranges0+0
 511 001d 00000000 		.4byte	0
 512 0021 00000000 		.4byte	.Ldebug_line0
 513 0025 02       		.uleb128 0x2
 514 0026 01       		.byte	0x1
 515 0027 06       		.byte	0x6
 516 0028 20030000 		.4byte	.LASF0
 517 002c 03       		.uleb128 0x3
 518 002d 0F000000 		.4byte	.LASF2
 519 0031 02       		.byte	0x2
 520 0032 1D       		.byte	0x1d
 521 0033 37000000 		.4byte	0x37
 522 0037 02       		.uleb128 0x2
 523 0038 01       		.byte	0x1
 524 0039 08       		.byte	0x8
 525 003a AE000000 		.4byte	.LASF1
 526 003e 03       		.uleb128 0x3
ARM GAS  C:\Users\Mattia40\AppData\Local\Temp\ccv5FXLC.s 			page 16


 527 003f C6010000 		.4byte	.LASF3
 528 0043 02       		.byte	0x2
 529 0044 29       		.byte	0x29
 530 0045 49000000 		.4byte	0x49
 531 0049 02       		.uleb128 0x2
 532 004a 02       		.byte	0x2
 533 004b 05       		.byte	0x5
 534 004c FB020000 		.4byte	.LASF4
 535 0050 02       		.uleb128 0x2
 536 0051 02       		.byte	0x2
 537 0052 07       		.byte	0x7
 538 0053 62010000 		.4byte	.LASF5
 539 0057 03       		.uleb128 0x3
 540 0058 4F000000 		.4byte	.LASF6
 541 005c 02       		.byte	0x2
 542 005d 3F       		.byte	0x3f
 543 005e 62000000 		.4byte	0x62
 544 0062 02       		.uleb128 0x2
 545 0063 04       		.byte	0x4
 546 0064 05       		.byte	0x5
 547 0065 59000000 		.4byte	.LASF7
 548 0069 02       		.uleb128 0x2
 549 006a 04       		.byte	0x4
 550 006b 07       		.byte	0x7
 551 006c 50010000 		.4byte	.LASF8
 552 0070 02       		.uleb128 0x2
 553 0071 08       		.byte	0x8
 554 0072 05       		.byte	0x5
 555 0073 B4020000 		.4byte	.LASF9
 556 0077 02       		.uleb128 0x2
 557 0078 08       		.byte	0x8
 558 0079 07       		.byte	0x7
 559 007a 45020000 		.4byte	.LASF10
 560 007e 04       		.uleb128 0x4
 561 007f 04       		.byte	0x4
 562 0080 05       		.byte	0x5
 563 0081 696E7400 		.ascii	"int\000"
 564 0085 02       		.uleb128 0x2
 565 0086 04       		.byte	0x4
 566 0087 07       		.byte	0x7
 567 0088 38020000 		.4byte	.LASF11
 568 008c 03       		.uleb128 0x3
 569 008d 5C020000 		.4byte	.LASF12
 570 0091 03       		.byte	0x3
 571 0092 18       		.byte	0x18
 572 0093 2C000000 		.4byte	0x2c
 573 0097 03       		.uleb128 0x3
 574 0098 6C020000 		.4byte	.LASF13
 575 009c 03       		.byte	0x3
 576 009d 20       		.byte	0x20
 577 009e 3E000000 		.4byte	0x3e
 578 00a2 03       		.uleb128 0x3
 579 00a3 9D020000 		.4byte	.LASF14
 580 00a7 03       		.byte	0x3
 581 00a8 2C       		.byte	0x2c
 582 00a9 57000000 		.4byte	0x57
 583 00ad 05       		.uleb128 0x5
ARM GAS  C:\Users\Mattia40\AppData\Local\Temp\ccv5FXLC.s 			page 17


 584 00ae 4A010000 		.4byte	.LASF15
 585 00b2 04       		.byte	0x4
 586 00b3 E801     		.2byte	0x1e8
 587 00b5 49000000 		.4byte	0x49
 588 00b9 02       		.uleb128 0x2
 589 00ba 04       		.byte	0x4
 590 00bb 04       		.byte	0x4
 591 00bc 9F000000 		.4byte	.LASF16
 592 00c0 02       		.uleb128 0x2
 593 00c1 08       		.byte	0x8
 594 00c2 04       		.byte	0x4
 595 00c3 7C010000 		.4byte	.LASF17
 596 00c7 02       		.uleb128 0x2
 597 00c8 01       		.byte	0x1
 598 00c9 08       		.byte	0x8
 599 00ca DA020000 		.4byte	.LASF18
 600 00ce 06       		.uleb128 0x6
 601 00cf 01       		.byte	0x1
 602 00d0 37000000 		.4byte	0x37
 603 00d4 05       		.byte	0x5
 604 00d5 15       		.byte	0x15
 605 00d6 E7000000 		.4byte	0xe7
 606 00da 07       		.uleb128 0x7
 607 00db 05030000 		.4byte	.LASF19
 608 00df 00       		.byte	0
 609 00e0 07       		.uleb128 0x7
 610 00e1 0E030000 		.4byte	.LASF20
 611 00e5 01       		.byte	0x1
 612 00e6 00       		.byte	0
 613 00e7 03       		.uleb128 0x3
 614 00e8 76000000 		.4byte	.LASF21
 615 00ec 05       		.byte	0x5
 616 00ed 18       		.byte	0x18
 617 00ee CE000000 		.4byte	0xce
 618 00f2 02       		.uleb128 0x2
 619 00f3 08       		.byte	0x8
 620 00f4 04       		.byte	0x4
 621 00f5 14030000 		.4byte	.LASF22
 622 00f9 02       		.uleb128 0x2
 623 00fa 04       		.byte	0x4
 624 00fb 07       		.byte	0x7
 625 00fc A5020000 		.4byte	.LASF23
 626 0100 08       		.uleb128 0x8
 627 0101 C1010000 		.4byte	.LASF50
 628 0105 01       		.byte	0x1
 629 0106 14       		.byte	0x14
 630 0107 7E000000 		.4byte	0x7e
 631 010b 00000000 		.4byte	.LFB64
 632 010f 54020000 		.4byte	.LFE64-.LFB64
 633 0113 01       		.uleb128 0x1
 634 0114 9C       		.byte	0x9c
 635 0115 96060000 		.4byte	0x696
 636 0119 09       		.uleb128 0x9
 637 011a 00000000 		.4byte	.LASF24
 638 011e 01       		.byte	0x1
 639 011f 1F       		.byte	0x1f
 640 0120 96060000 		.4byte	0x696
ARM GAS  C:\Users\Mattia40\AppData\Local\Temp\ccv5FXLC.s 			page 18


 641 0124 02       		.uleb128 0x2
 642 0125 91       		.byte	0x91
 643 0126 44       		.sleb128 -60
 644 0127 09       		.uleb128 0x9
 645 0128 2C030000 		.4byte	.LASF25
 646 012c 01       		.byte	0x1
 647 012d 32       		.byte	0x32
 648 012e 8C000000 		.4byte	0x8c
 649 0132 02       		.uleb128 0x2
 650 0133 91       		.byte	0x91
 651 0134 43       		.sleb128 -61
 652 0135 0A       		.uleb128 0xa
 653 0136 AE020000 		.4byte	.LASF26
 654 013a 01       		.byte	0x1
 655 013b 33       		.byte	0x33
 656 013c E7000000 		.4byte	0xe7
 657 0140 00000000 		.4byte	.LLST0
 658 0144 09       		.uleb128 0x9
 659 0145 8D020000 		.4byte	.LASF27
 660 0149 01       		.byte	0x1
 661 014a 42       		.byte	0x42
 662 014b 8C000000 		.4byte	0x8c
 663 014f 02       		.uleb128 0x2
 664 0150 91       		.byte	0x91
 665 0151 42       		.sleb128 -62
 666 0152 09       		.uleb128 0x9
 667 0153 D0010000 		.4byte	.LASF28
 668 0157 01       		.byte	0x1
 669 0158 54       		.byte	0x54
 670 0159 8C000000 		.4byte	0x8c
 671 015d 02       		.uleb128 0x2
 672 015e 91       		.byte	0x91
 673 015f 41       		.sleb128 -63
 674 0160 09       		.uleb128 0x9
 675 0161 81020000 		.4byte	.LASF29
 676 0165 01       		.byte	0x1
 677 0166 93       		.byte	0x93
 678 0167 8C000000 		.4byte	0x8c
 679 016b 02       		.uleb128 0x2
 680 016c 91       		.byte	0x91
 681 016d 40       		.sleb128 -64
 682 016e 09       		.uleb128 0x9
 683 016f 2E020000 		.4byte	.LASF30
 684 0173 01       		.byte	0x1
 685 0174 B9       		.byte	0xb9
 686 0175 8C000000 		.4byte	0x8c
 687 0179 03       		.uleb128 0x3
 688 017a 91       		.byte	0x91
 689 017b BF7F     		.sleb128 -65
 690 017d 0A       		.uleb128 0xa
 691 017e 64020000 		.4byte	.LASF31
 692 0182 01       		.byte	0x1
 693 0183 DF       		.byte	0xdf
 694 0184 97000000 		.4byte	0x97
 695 0188 D9000000 		.4byte	.LLST1
 696 018c 0B       		.uleb128 0xb
 697 018d 08000000 		.4byte	.LASF32
ARM GAS  C:\Users\Mattia40\AppData\Local\Temp\ccv5FXLC.s 			page 19


 698 0191 01       		.byte	0x1
 699 0192 E0       		.byte	0xe0
 700 0193 8C000000 		.4byte	0x8c
 701 0197 A07F     		.sleb128 -96
 702 0199 0B       		.uleb128 0xb
 703 019a 75010000 		.4byte	.LASF33
 704 019e 01       		.byte	0x1
 705 019f E1       		.byte	0xe1
 706 01a0 8C000000 		.4byte	0x8c
 707 01a4 40       		.sleb128 -64
 708 01a5 09       		.uleb128 0x9
 709 01a6 A5000000 		.4byte	.LASF34
 710 01aa 01       		.byte	0x1
 711 01ab E2       		.byte	0xe2
 712 01ac A6060000 		.4byte	0x6a6
 713 01b0 03       		.uleb128 0x3
 714 01b1 91       		.byte	0x91
 715 01b2 B87F     		.sleb128 -72
 716 01b4 09       		.uleb128 0x9
 717 01b5 8F000000 		.4byte	.LASF35
 718 01b9 01       		.byte	0x1
 719 01ba E3       		.byte	0xe3
 720 01bb B6060000 		.4byte	0x6b6
 721 01bf 03       		.uleb128 0x3
 722 01c0 91       		.byte	0x91
 723 01c1 B47F     		.sleb128 -76
 724 01c3 0C       		.uleb128 0xc
 725 01c4 80000000 		.4byte	.LASF36
 726 01c8 01       		.byte	0x1
 727 01c9 E4       		.byte	0xe4
 728 01ca 8C000000 		.4byte	0x8c
 729 01ce 01       		.byte	0x1
 730 01cf 0D       		.uleb128 0xd
 731 01d0 14000000 		.4byte	.LBB2
 732 01d4 22000000 		.4byte	.LBE2-.LBB2
 733 01d8 31020000 		.4byte	0x231
 734 01dc 0E       		.uleb128 0xe
 735 01dd 6900     		.ascii	"i\000"
 736 01df 01       		.byte	0x1
 737 01e0 22       		.byte	0x22
 738 01e1 7E000000 		.4byte	0x7e
 739 01e5 0A010000 		.4byte	.LLST2
 740 01e9 0F       		.uleb128 0xf
 741 01ea 1E000000 		.4byte	.LVL4
 742 01ee D7060000 		.4byte	0x6d7
 743 01f2 FD010000 		.4byte	0x1fd
 744 01f6 10       		.uleb128 0x10
 745 01f7 01       		.uleb128 0x1
 746 01f8 50       		.byte	0x50
 747 01f9 02       		.uleb128 0x2
 748 01fa 74       		.byte	0x74
 749 01fb 00       		.sleb128 0
 750 01fc 00       		.byte	0
 751 01fd 0F       		.uleb128 0xf
 752 01fe 2A000000 		.4byte	.LVL5
 753 0202 E2060000 		.4byte	0x6e2
 754 0206 20020000 		.4byte	0x220
ARM GAS  C:\Users\Mattia40\AppData\Local\Temp\ccv5FXLC.s 			page 20


 755 020a 10       		.uleb128 0x10
 756 020b 01       		.uleb128 0x1
 757 020c 50       		.byte	0x50
 758 020d 02       		.uleb128 0x2
 759 020e 91       		.byte	0x91
 760 020f 44       		.sleb128 -60
 761 0210 10       		.uleb128 0x10
 762 0211 01       		.uleb128 0x1
 763 0212 51       		.byte	0x51
 764 0213 05       		.uleb128 0x5
 765 0214 03       		.byte	0x3
 766 0215 00000000 		.4byte	.LC0
 767 0219 10       		.uleb128 0x10
 768 021a 01       		.uleb128 0x1
 769 021b 52       		.byte	0x52
 770 021c 02       		.uleb128 0x2
 771 021d 74       		.byte	0x74
 772 021e 00       		.sleb128 0
 773 021f 00       		.byte	0
 774 0220 11       		.uleb128 0x11
 775 0221 30000000 		.4byte	.LVL6
 776 0225 ED060000 		.4byte	0x6ed
 777 0229 10       		.uleb128 0x10
 778 022a 01       		.uleb128 0x1
 779 022b 50       		.byte	0x50
 780 022c 02       		.uleb128 0x2
 781 022d 91       		.byte	0x91
 782 022e 44       		.sleb128 -60
 783 022f 00       		.byte	0
 784 0230 00       		.byte	0
 785 0231 12       		.uleb128 0x12
 786 0232 0A000000 		.4byte	.LVL0
 787 0236 F8060000 		.4byte	0x6f8
 788 023a 12       		.uleb128 0x12
 789 023b 0E000000 		.4byte	.LVL1
 790 023f 03070000 		.4byte	0x703
 791 0243 0F       		.uleb128 0xf
 792 0244 14000000 		.4byte	.LVL2
 793 0248 0E070000 		.4byte	0x70e
 794 024c 56020000 		.4byte	0x256
 795 0250 10       		.uleb128 0x10
 796 0251 01       		.uleb128 0x1
 797 0252 50       		.byte	0x50
 798 0253 01       		.uleb128 0x1
 799 0254 35       		.byte	0x35
 800 0255 00       		.byte	0
 801 0256 0F       		.uleb128 0xf
 802 0257 42000000 		.4byte	.LVL8
 803 025b 19070000 		.4byte	0x719
 804 025f 74020000 		.4byte	0x274
 805 0263 10       		.uleb128 0x10
 806 0264 01       		.uleb128 0x1
 807 0265 50       		.byte	0x50
 808 0266 01       		.uleb128 0x1
 809 0267 48       		.byte	0x48
 810 0268 10       		.uleb128 0x10
 811 0269 01       		.uleb128 0x1
ARM GAS  C:\Users\Mattia40\AppData\Local\Temp\ccv5FXLC.s 			page 21


 812 026a 51       		.byte	0x51
 813 026b 01       		.uleb128 0x1
 814 026c 3F       		.byte	0x3f
 815 026d 10       		.uleb128 0x10
 816 026e 01       		.uleb128 0x1
 817 026f 52       		.byte	0x52
 818 0270 02       		.uleb128 0x2
 819 0271 91       		.byte	0x91
 820 0272 43       		.sleb128 -61
 821 0273 00       		.byte	0
 822 0274 0F       		.uleb128 0xf
 823 0275 50000000 		.4byte	.LVL10
 824 0279 E2060000 		.4byte	0x6e2
 825 027d 91020000 		.4byte	0x291
 826 0281 10       		.uleb128 0x10
 827 0282 01       		.uleb128 0x1
 828 0283 50       		.byte	0x50
 829 0284 02       		.uleb128 0x2
 830 0285 91       		.byte	0x91
 831 0286 44       		.sleb128 -60
 832 0287 10       		.uleb128 0x10
 833 0288 01       		.uleb128 0x1
 834 0289 51       		.byte	0x51
 835 028a 05       		.uleb128 0x5
 836 028b 03       		.byte	0x3
 837 028c 20000000 		.4byte	.LC1
 838 0290 00       		.byte	0
 839 0291 0F       		.uleb128 0xf
 840 0292 56000000 		.4byte	.LVL11
 841 0296 ED060000 		.4byte	0x6ed
 842 029a A5020000 		.4byte	0x2a5
 843 029e 10       		.uleb128 0x10
 844 029f 01       		.uleb128 0x1
 845 02a0 50       		.byte	0x50
 846 02a1 02       		.uleb128 0x2
 847 02a2 91       		.byte	0x91
 848 02a3 44       		.sleb128 -60
 849 02a4 00       		.byte	0
 850 02a5 0F       		.uleb128 0xf
 851 02a6 5E000000 		.4byte	.LVL14
 852 02aa ED060000 		.4byte	0x6ed
 853 02ae BC020000 		.4byte	0x2bc
 854 02b2 10       		.uleb128 0x10
 855 02b3 01       		.uleb128 0x1
 856 02b4 50       		.byte	0x50
 857 02b5 05       		.uleb128 0x5
 858 02b6 03       		.byte	0x3
 859 02b7 48000000 		.4byte	.LC2
 860 02bb 00       		.byte	0
 861 02bc 0F       		.uleb128 0xf
 862 02bd 6A000000 		.4byte	.LVL15
 863 02c1 19070000 		.4byte	0x719
 864 02c5 DB020000 		.4byte	0x2db
 865 02c9 10       		.uleb128 0x10
 866 02ca 01       		.uleb128 0x1
 867 02cb 50       		.byte	0x50
 868 02cc 01       		.uleb128 0x1
ARM GAS  C:\Users\Mattia40\AppData\Local\Temp\ccv5FXLC.s 			page 22


 869 02cd 48       		.byte	0x48
 870 02ce 10       		.uleb128 0x10
 871 02cf 01       		.uleb128 0x1
 872 02d0 51       		.byte	0x51
 873 02d1 02       		.uleb128 0x2
 874 02d2 08       		.byte	0x8
 875 02d3 27       		.byte	0x27
 876 02d4 10       		.uleb128 0x10
 877 02d5 01       		.uleb128 0x1
 878 02d6 52       		.byte	0x52
 879 02d7 02       		.uleb128 0x2
 880 02d8 91       		.byte	0x91
 881 02d9 42       		.sleb128 -62
 882 02da 00       		.byte	0
 883 02db 0F       		.uleb128 0xf
 884 02dc 78000000 		.4byte	.LVL17
 885 02e0 E2060000 		.4byte	0x6e2
 886 02e4 F8020000 		.4byte	0x2f8
 887 02e8 10       		.uleb128 0x10
 888 02e9 01       		.uleb128 0x1
 889 02ea 50       		.byte	0x50
 890 02eb 02       		.uleb128 0x2
 891 02ec 91       		.byte	0x91
 892 02ed 44       		.sleb128 -60
 893 02ee 10       		.uleb128 0x10
 894 02ef 01       		.uleb128 0x1
 895 02f0 51       		.byte	0x51
 896 02f1 05       		.uleb128 0x5
 897 02f2 03       		.byte	0x3
 898 02f3 6C000000 		.4byte	.LC3
 899 02f7 00       		.byte	0
 900 02f8 0F       		.uleb128 0xf
 901 02f9 7E000000 		.4byte	.LVL18
 902 02fd ED060000 		.4byte	0x6ed
 903 0301 0C030000 		.4byte	0x30c
 904 0305 10       		.uleb128 0x10
 905 0306 01       		.uleb128 0x1
 906 0307 50       		.byte	0x50
 907 0308 02       		.uleb128 0x2
 908 0309 91       		.byte	0x91
 909 030a 44       		.sleb128 -60
 910 030b 00       		.byte	0
 911 030c 0F       		.uleb128 0xf
 912 030d 86000000 		.4byte	.LVL21
 913 0311 ED060000 		.4byte	0x6ed
 914 0315 23030000 		.4byte	0x323
 915 0319 10       		.uleb128 0x10
 916 031a 01       		.uleb128 0x1
 917 031b 50       		.byte	0x50
 918 031c 05       		.uleb128 0x5
 919 031d 03       		.byte	0x3
 920 031e 88000000 		.4byte	.LC4
 921 0322 00       		.byte	0
 922 0323 0F       		.uleb128 0xf
 923 0324 92000000 		.4byte	.LVL22
 924 0328 19070000 		.4byte	0x719
 925 032c 42030000 		.4byte	0x342
ARM GAS  C:\Users\Mattia40\AppData\Local\Temp\ccv5FXLC.s 			page 23


 926 0330 10       		.uleb128 0x10
 927 0331 01       		.uleb128 0x1
 928 0332 50       		.byte	0x50
 929 0333 01       		.uleb128 0x1
 930 0334 48       		.byte	0x48
 931 0335 10       		.uleb128 0x10
 932 0336 01       		.uleb128 0x1
 933 0337 51       		.byte	0x51
 934 0338 02       		.uleb128 0x2
 935 0339 08       		.byte	0x8
 936 033a 20       		.byte	0x20
 937 033b 10       		.uleb128 0x10
 938 033c 01       		.uleb128 0x1
 939 033d 52       		.byte	0x52
 940 033e 02       		.uleb128 0x2
 941 033f 91       		.byte	0x91
 942 0340 41       		.sleb128 -63
 943 0341 00       		.byte	0
 944 0342 0F       		.uleb128 0xf
 945 0343 A0000000 		.4byte	.LVL24
 946 0347 E2060000 		.4byte	0x6e2
 947 034b 5F030000 		.4byte	0x35f
 948 034f 10       		.uleb128 0x10
 949 0350 01       		.uleb128 0x1
 950 0351 50       		.byte	0x50
 951 0352 02       		.uleb128 0x2
 952 0353 91       		.byte	0x91
 953 0354 44       		.sleb128 -60
 954 0355 10       		.uleb128 0x10
 955 0356 01       		.uleb128 0x1
 956 0357 51       		.byte	0x51
 957 0358 05       		.uleb128 0x5
 958 0359 03       		.byte	0x3
 959 035a C4000000 		.4byte	.LC5
 960 035e 00       		.byte	0
 961 035f 0F       		.uleb128 0xf
 962 0360 A6000000 		.4byte	.LVL25
 963 0364 ED060000 		.4byte	0x6ed
 964 0368 73030000 		.4byte	0x373
 965 036c 10       		.uleb128 0x10
 966 036d 01       		.uleb128 0x1
 967 036e 50       		.byte	0x50
 968 036f 02       		.uleb128 0x2
 969 0370 91       		.byte	0x91
 970 0371 44       		.sleb128 -60
 971 0372 00       		.byte	0
 972 0373 0F       		.uleb128 0xf
 973 0374 AE000000 		.4byte	.LVL28
 974 0378 ED060000 		.4byte	0x6ed
 975 037c 8A030000 		.4byte	0x38a
 976 0380 10       		.uleb128 0x10
 977 0381 01       		.uleb128 0x1
 978 0382 50       		.byte	0x50
 979 0383 05       		.uleb128 0x5
 980 0384 03       		.byte	0x3
 981 0385 E4000000 		.4byte	.LC6
 982 0389 00       		.byte	0
ARM GAS  C:\Users\Mattia40\AppData\Local\Temp\ccv5FXLC.s 			page 24


 983 038a 0F       		.uleb128 0xf
 984 038b B4000000 		.4byte	.LVL29
 985 038f ED060000 		.4byte	0x6ed
 986 0393 A1030000 		.4byte	0x3a1
 987 0397 10       		.uleb128 0x10
 988 0398 01       		.uleb128 0x1
 989 0399 50       		.byte	0x50
 990 039a 05       		.uleb128 0x5
 991 039b 03       		.byte	0x3
 992 039c 20010000 		.4byte	.LC7
 993 03a0 00       		.byte	0
 994 03a1 0F       		.uleb128 0xf
 995 03a2 CA000000 		.4byte	.LVL30
 996 03a6 24070000 		.4byte	0x724
 997 03aa C0030000 		.4byte	0x3c0
 998 03ae 10       		.uleb128 0x10
 999 03af 01       		.uleb128 0x1
 1000 03b0 50       		.byte	0x50
 1001 03b1 01       		.uleb128 0x1
 1002 03b2 48       		.byte	0x48
 1003 03b3 10       		.uleb128 0x10
 1004 03b4 01       		.uleb128 0x1
 1005 03b5 51       		.byte	0x51
 1006 03b6 02       		.uleb128 0x2
 1007 03b7 08       		.byte	0x8
 1008 03b8 20       		.byte	0x20
 1009 03b9 10       		.uleb128 0x10
 1010 03ba 01       		.uleb128 0x1
 1011 03bb 52       		.byte	0x52
 1012 03bc 02       		.uleb128 0x2
 1013 03bd 08       		.byte	0x8
 1014 03be 47       		.byte	0x47
 1015 03bf 00       		.byte	0
 1016 03c0 0F       		.uleb128 0xf
 1017 03c1 D8000000 		.4byte	.LVL32
 1018 03c5 E2060000 		.4byte	0x6e2
 1019 03c9 DD030000 		.4byte	0x3dd
 1020 03cd 10       		.uleb128 0x10
 1021 03ce 01       		.uleb128 0x1
 1022 03cf 50       		.byte	0x50
 1023 03d0 02       		.uleb128 0x2
 1024 03d1 91       		.byte	0x91
 1025 03d2 44       		.sleb128 -60
 1026 03d3 10       		.uleb128 0x10
 1027 03d4 01       		.uleb128 0x1
 1028 03d5 51       		.byte	0x51
 1029 03d6 05       		.uleb128 0x5
 1030 03d7 03       		.byte	0x3
 1031 03d8 3C010000 		.4byte	.LC8
 1032 03dc 00       		.byte	0
 1033 03dd 0F       		.uleb128 0xf
 1034 03de DE000000 		.4byte	.LVL33
 1035 03e2 ED060000 		.4byte	0x6ed
 1036 03e6 F1030000 		.4byte	0x3f1
 1037 03ea 10       		.uleb128 0x10
 1038 03eb 01       		.uleb128 0x1
 1039 03ec 50       		.byte	0x50
ARM GAS  C:\Users\Mattia40\AppData\Local\Temp\ccv5FXLC.s 			page 25


 1040 03ed 02       		.uleb128 0x2
 1041 03ee 91       		.byte	0x91
 1042 03ef 44       		.sleb128 -60
 1043 03f0 00       		.byte	0
 1044 03f1 0F       		.uleb128 0xf
 1045 03f2 E6000000 		.4byte	.LVL36
 1046 03f6 ED060000 		.4byte	0x6ed
 1047 03fa 08040000 		.4byte	0x408
 1048 03fe 10       		.uleb128 0x10
 1049 03ff 01       		.uleb128 0x1
 1050 0400 50       		.byte	0x50
 1051 0401 05       		.uleb128 0x5
 1052 0402 03       		.byte	0x3
 1053 0403 74010000 		.4byte	.LC9
 1054 0407 00       		.byte	0
 1055 0408 0F       		.uleb128 0xf
 1056 0409 F2000000 		.4byte	.LVL37
 1057 040d 19070000 		.4byte	0x719
 1058 0411 27040000 		.4byte	0x427
 1059 0415 10       		.uleb128 0x10
 1060 0416 01       		.uleb128 0x1
 1061 0417 50       		.byte	0x50
 1062 0418 01       		.uleb128 0x1
 1063 0419 48       		.byte	0x48
 1064 041a 10       		.uleb128 0x10
 1065 041b 01       		.uleb128 0x1
 1066 041c 51       		.byte	0x51
 1067 041d 02       		.uleb128 0x2
 1068 041e 08       		.byte	0x8
 1069 041f 20       		.byte	0x20
 1070 0420 10       		.uleb128 0x10
 1071 0421 01       		.uleb128 0x1
 1072 0422 52       		.byte	0x52
 1073 0423 02       		.uleb128 0x2
 1074 0424 91       		.byte	0x91
 1075 0425 41       		.sleb128 -63
 1076 0426 00       		.byte	0
 1077 0427 0F       		.uleb128 0xf
 1078 0428 00010000 		.4byte	.LVL39
 1079 042c E2060000 		.4byte	0x6e2
 1080 0430 44040000 		.4byte	0x444
 1081 0434 10       		.uleb128 0x10
 1082 0435 01       		.uleb128 0x1
 1083 0436 50       		.byte	0x50
 1084 0437 02       		.uleb128 0x2
 1085 0438 91       		.byte	0x91
 1086 0439 44       		.sleb128 -60
 1087 043a 10       		.uleb128 0x10
 1088 043b 01       		.uleb128 0x1
 1089 043c 51       		.byte	0x51
 1090 043d 05       		.uleb128 0x5
 1091 043e 03       		.byte	0x3
 1092 043f B0010000 		.4byte	.LC10
 1093 0443 00       		.byte	0
 1094 0444 0F       		.uleb128 0xf
 1095 0445 06010000 		.4byte	.LVL40
 1096 0449 ED060000 		.4byte	0x6ed
ARM GAS  C:\Users\Mattia40\AppData\Local\Temp\ccv5FXLC.s 			page 26


 1097 044d 58040000 		.4byte	0x458
 1098 0451 10       		.uleb128 0x10
 1099 0452 01       		.uleb128 0x1
 1100 0453 50       		.byte	0x50
 1101 0454 02       		.uleb128 0x2
 1102 0455 91       		.byte	0x91
 1103 0456 44       		.sleb128 -60
 1104 0457 00       		.byte	0
 1105 0458 0F       		.uleb128 0xf
 1106 0459 0E010000 		.4byte	.LVL43
 1107 045d ED060000 		.4byte	0x6ed
 1108 0461 6F040000 		.4byte	0x46f
 1109 0465 10       		.uleb128 0x10
 1110 0466 01       		.uleb128 0x1
 1111 0467 50       		.byte	0x50
 1112 0468 05       		.uleb128 0x5
 1113 0469 03       		.byte	0x3
 1114 046a E4000000 		.4byte	.LC6
 1115 046e 00       		.byte	0
 1116 046f 0F       		.uleb128 0xf
 1117 0470 18010000 		.4byte	.LVL44
 1118 0474 19070000 		.4byte	0x719
 1119 0478 8D040000 		.4byte	0x48d
 1120 047c 10       		.uleb128 0x10
 1121 047d 01       		.uleb128 0x1
 1122 047e 50       		.byte	0x50
 1123 047f 01       		.uleb128 0x1
 1124 0480 48       		.byte	0x48
 1125 0481 10       		.uleb128 0x10
 1126 0482 01       		.uleb128 0x1
 1127 0483 51       		.byte	0x51
 1128 0484 01       		.uleb128 0x1
 1129 0485 4F       		.byte	0x4f
 1130 0486 10       		.uleb128 0x10
 1131 0487 01       		.uleb128 0x1
 1132 0488 52       		.byte	0x52
 1133 0489 02       		.uleb128 0x2
 1134 048a 91       		.byte	0x91
 1135 048b 40       		.sleb128 -64
 1136 048c 00       		.byte	0
 1137 048d 0F       		.uleb128 0xf
 1138 048e 26010000 		.4byte	.LVL46
 1139 0492 E2060000 		.4byte	0x6e2
 1140 0496 AA040000 		.4byte	0x4aa
 1141 049a 10       		.uleb128 0x10
 1142 049b 01       		.uleb128 0x1
 1143 049c 50       		.byte	0x50
 1144 049d 02       		.uleb128 0x2
 1145 049e 91       		.byte	0x91
 1146 049f 44       		.sleb128 -60
 1147 04a0 10       		.uleb128 0x10
 1148 04a1 01       		.uleb128 0x1
 1149 04a2 51       		.byte	0x51
 1150 04a3 05       		.uleb128 0x5
 1151 04a4 03       		.byte	0x3
 1152 04a5 E8010000 		.4byte	.LC11
 1153 04a9 00       		.byte	0
ARM GAS  C:\Users\Mattia40\AppData\Local\Temp\ccv5FXLC.s 			page 27


 1154 04aa 0F       		.uleb128 0xf
 1155 04ab 2C010000 		.4byte	.LVL47
 1156 04af ED060000 		.4byte	0x6ed
 1157 04b3 BE040000 		.4byte	0x4be
 1158 04b7 10       		.uleb128 0x10
 1159 04b8 01       		.uleb128 0x1
 1160 04b9 50       		.byte	0x50
 1161 04ba 02       		.uleb128 0x2
 1162 04bb 91       		.byte	0x91
 1163 04bc 44       		.sleb128 -60
 1164 04bd 00       		.byte	0
 1165 04be 0F       		.uleb128 0xf
 1166 04bf 34010000 		.4byte	.LVL50
 1167 04c3 ED060000 		.4byte	0x6ed
 1168 04c7 D5040000 		.4byte	0x4d5
 1169 04cb 10       		.uleb128 0x10
 1170 04cc 01       		.uleb128 0x1
 1171 04cd 50       		.byte	0x50
 1172 04ce 05       		.uleb128 0x5
 1173 04cf 03       		.byte	0x3
 1174 04d0 10020000 		.4byte	.LC12
 1175 04d4 00       		.byte	0
 1176 04d5 0F       		.uleb128 0xf
 1177 04d6 44010000 		.4byte	.LVL52
 1178 04da 24070000 		.4byte	0x724
 1179 04de F3040000 		.4byte	0x4f3
 1180 04e2 10       		.uleb128 0x10
 1181 04e3 01       		.uleb128 0x1
 1182 04e4 50       		.byte	0x50
 1183 04e5 01       		.uleb128 0x1
 1184 04e6 48       		.byte	0x48
 1185 04e7 10       		.uleb128 0x10
 1186 04e8 01       		.uleb128 0x1
 1187 04e9 51       		.byte	0x51
 1188 04ea 01       		.uleb128 0x1
 1189 04eb 4F       		.byte	0x4f
 1190 04ec 10       		.uleb128 0x10
 1191 04ed 01       		.uleb128 0x1
 1192 04ee 52       		.byte	0x52
 1193 04ef 02       		.uleb128 0x2
 1194 04f0 09       		.byte	0x9
 1195 04f1 C0       		.byte	0xc0
 1196 04f2 00       		.byte	0
 1197 04f3 0F       		.uleb128 0xf
 1198 04f4 4E010000 		.4byte	.LVL53
 1199 04f8 19070000 		.4byte	0x719
 1200 04fc 11050000 		.4byte	0x511
 1201 0500 10       		.uleb128 0x10
 1202 0501 01       		.uleb128 0x1
 1203 0502 50       		.byte	0x50
 1204 0503 01       		.uleb128 0x1
 1205 0504 48       		.byte	0x48
 1206 0505 10       		.uleb128 0x10
 1207 0506 01       		.uleb128 0x1
 1208 0507 51       		.byte	0x51
 1209 0508 01       		.uleb128 0x1
 1210 0509 4F       		.byte	0x4f
ARM GAS  C:\Users\Mattia40\AppData\Local\Temp\ccv5FXLC.s 			page 28


 1211 050a 10       		.uleb128 0x10
 1212 050b 01       		.uleb128 0x1
 1213 050c 52       		.byte	0x52
 1214 050d 02       		.uleb128 0x2
 1215 050e 74       		.byte	0x74
 1216 050f 00       		.sleb128 0
 1217 0510 00       		.byte	0
 1218 0511 0F       		.uleb128 0xf
 1219 0512 5C010000 		.4byte	.LVL55
 1220 0516 E2060000 		.4byte	0x6e2
 1221 051a 2E050000 		.4byte	0x52e
 1222 051e 10       		.uleb128 0x10
 1223 051f 01       		.uleb128 0x1
 1224 0520 50       		.byte	0x50
 1225 0521 02       		.uleb128 0x2
 1226 0522 91       		.byte	0x91
 1227 0523 44       		.sleb128 -60
 1228 0524 10       		.uleb128 0x10
 1229 0525 01       		.uleb128 0x1
 1230 0526 51       		.byte	0x51
 1231 0527 05       		.uleb128 0x5
 1232 0528 03       		.byte	0x3
 1233 0529 58020000 		.4byte	.LC13
 1234 052d 00       		.byte	0
 1235 052e 0F       		.uleb128 0xf
 1236 052f 62010000 		.4byte	.LVL56
 1237 0533 ED060000 		.4byte	0x6ed
 1238 0537 42050000 		.4byte	0x542
 1239 053b 10       		.uleb128 0x10
 1240 053c 01       		.uleb128 0x1
 1241 053d 50       		.byte	0x50
 1242 053e 02       		.uleb128 0x2
 1243 053f 91       		.byte	0x91
 1244 0540 44       		.sleb128 -60
 1245 0541 00       		.byte	0
 1246 0542 0F       		.uleb128 0xf
 1247 0543 6A010000 		.4byte	.LVL59
 1248 0547 ED060000 		.4byte	0x6ed
 1249 054b 59050000 		.4byte	0x559
 1250 054f 10       		.uleb128 0x10
 1251 0550 01       		.uleb128 0x1
 1252 0551 50       		.byte	0x50
 1253 0552 05       		.uleb128 0x5
 1254 0553 03       		.byte	0x3
 1255 0554 10020000 		.4byte	.LC12
 1256 0558 00       		.byte	0
 1257 0559 0F       		.uleb128 0xf
 1258 055a 76010000 		.4byte	.LVL60
 1259 055e 19070000 		.4byte	0x719
 1260 0562 79050000 		.4byte	0x579
 1261 0566 10       		.uleb128 0x10
 1262 0567 01       		.uleb128 0x1
 1263 0568 50       		.byte	0x50
 1264 0569 01       		.uleb128 0x1
 1265 056a 48       		.byte	0x48
 1266 056b 10       		.uleb128 0x10
 1267 056c 01       		.uleb128 0x1
ARM GAS  C:\Users\Mattia40\AppData\Local\Temp\ccv5FXLC.s 			page 29


 1268 056d 51       		.byte	0x51
 1269 056e 02       		.uleb128 0x2
 1270 056f 08       		.byte	0x8
 1271 0570 23       		.byte	0x23
 1272 0571 10       		.uleb128 0x10
 1273 0572 01       		.uleb128 0x1
 1274 0573 52       		.byte	0x52
 1275 0574 03       		.uleb128 0x3
 1276 0575 91       		.byte	0x91
 1277 0576 BF7F     		.sleb128 -65
 1278 0578 00       		.byte	0
 1279 0579 0F       		.uleb128 0xf
 1280 057a 84010000 		.4byte	.LVL62
 1281 057e E2060000 		.4byte	0x6e2
 1282 0582 96050000 		.4byte	0x596
 1283 0586 10       		.uleb128 0x10
 1284 0587 01       		.uleb128 0x1
 1285 0588 50       		.byte	0x50
 1286 0589 02       		.uleb128 0x2
 1287 058a 91       		.byte	0x91
 1288 058b 44       		.sleb128 -60
 1289 058c 10       		.uleb128 0x10
 1290 058d 01       		.uleb128 0x1
 1291 058e 51       		.byte	0x51
 1292 058f 05       		.uleb128 0x5
 1293 0590 03       		.byte	0x3
 1294 0591 94020000 		.4byte	.LC14
 1295 0595 00       		.byte	0
 1296 0596 0F       		.uleb128 0xf
 1297 0597 8A010000 		.4byte	.LVL63
 1298 059b ED060000 		.4byte	0x6ed
 1299 059f AA050000 		.4byte	0x5aa
 1300 05a3 10       		.uleb128 0x10
 1301 05a4 01       		.uleb128 0x1
 1302 05a5 50       		.byte	0x50
 1303 05a6 02       		.uleb128 0x2
 1304 05a7 91       		.byte	0x91
 1305 05a8 44       		.sleb128 -60
 1306 05a9 00       		.byte	0
 1307 05aa 0F       		.uleb128 0xf
 1308 05ab 92010000 		.4byte	.LVL66
 1309 05af ED060000 		.4byte	0x6ed
 1310 05b3 C1050000 		.4byte	0x5c1
 1311 05b7 10       		.uleb128 0x10
 1312 05b8 01       		.uleb128 0x1
 1313 05b9 50       		.byte	0x50
 1314 05ba 05       		.uleb128 0x5
 1315 05bb 03       		.byte	0x3
 1316 05bc B4020000 		.4byte	.LC15
 1317 05c0 00       		.byte	0
 1318 05c1 0F       		.uleb128 0xf
 1319 05c2 A2010000 		.4byte	.LVL67
 1320 05c6 24070000 		.4byte	0x724
 1321 05ca E0050000 		.4byte	0x5e0
 1322 05ce 10       		.uleb128 0x10
 1323 05cf 01       		.uleb128 0x1
 1324 05d0 50       		.byte	0x50
ARM GAS  C:\Users\Mattia40\AppData\Local\Temp\ccv5FXLC.s 			page 30


 1325 05d1 01       		.uleb128 0x1
 1326 05d2 48       		.byte	0x48
 1327 05d3 10       		.uleb128 0x10
 1328 05d4 01       		.uleb128 0x1
 1329 05d5 51       		.byte	0x51
 1330 05d6 02       		.uleb128 0x2
 1331 05d7 08       		.byte	0x8
 1332 05d8 23       		.byte	0x23
 1333 05d9 10       		.uleb128 0x10
 1334 05da 01       		.uleb128 0x1
 1335 05db 52       		.byte	0x52
 1336 05dc 02       		.uleb128 0x2
 1337 05dd 09       		.byte	0x9
 1338 05de 80       		.byte	0x80
 1339 05df 00       		.byte	0
 1340 05e0 0F       		.uleb128 0xf
 1341 05e1 AC010000 		.4byte	.LVL68
 1342 05e5 19070000 		.4byte	0x719
 1343 05e9 FF050000 		.4byte	0x5ff
 1344 05ed 10       		.uleb128 0x10
 1345 05ee 01       		.uleb128 0x1
 1346 05ef 50       		.byte	0x50
 1347 05f0 01       		.uleb128 0x1
 1348 05f1 48       		.byte	0x48
 1349 05f2 10       		.uleb128 0x10
 1350 05f3 01       		.uleb128 0x1
 1351 05f4 51       		.byte	0x51
 1352 05f5 02       		.uleb128 0x2
 1353 05f6 08       		.byte	0x8
 1354 05f7 23       		.byte	0x23
 1355 05f8 10       		.uleb128 0x10
 1356 05f9 01       		.uleb128 0x1
 1357 05fa 52       		.byte	0x52
 1358 05fb 02       		.uleb128 0x2
 1359 05fc 74       		.byte	0x74
 1360 05fd 00       		.sleb128 0
 1361 05fe 00       		.byte	0
 1362 05ff 0F       		.uleb128 0xf
 1363 0600 BA010000 		.4byte	.LVL70
 1364 0604 E2060000 		.4byte	0x6e2
 1365 0608 1C060000 		.4byte	0x61c
 1366 060c 10       		.uleb128 0x10
 1367 060d 01       		.uleb128 0x1
 1368 060e 50       		.byte	0x50
 1369 060f 02       		.uleb128 0x2
 1370 0610 91       		.byte	0x91
 1371 0611 44       		.sleb128 -60
 1372 0612 10       		.uleb128 0x10
 1373 0613 01       		.uleb128 0x1
 1374 0614 51       		.byte	0x51
 1375 0615 05       		.uleb128 0x5
 1376 0616 03       		.byte	0x3
 1377 0617 F0020000 		.4byte	.LC16
 1378 061b 00       		.byte	0
 1379 061c 0F       		.uleb128 0xf
 1380 061d C0010000 		.4byte	.LVL71
 1381 0621 ED060000 		.4byte	0x6ed
ARM GAS  C:\Users\Mattia40\AppData\Local\Temp\ccv5FXLC.s 			page 31


 1382 0625 30060000 		.4byte	0x630
 1383 0629 10       		.uleb128 0x10
 1384 062a 01       		.uleb128 0x1
 1385 062b 50       		.byte	0x50
 1386 062c 02       		.uleb128 0x2
 1387 062d 91       		.byte	0x91
 1388 062e 44       		.sleb128 -60
 1389 062f 00       		.byte	0
 1390 0630 0F       		.uleb128 0xf
 1391 0631 C8010000 		.4byte	.LVL74
 1392 0635 ED060000 		.4byte	0x6ed
 1393 0639 47060000 		.4byte	0x647
 1394 063d 10       		.uleb128 0x10
 1395 063e 01       		.uleb128 0x1
 1396 063f 50       		.byte	0x50
 1397 0640 05       		.uleb128 0x5
 1398 0641 03       		.byte	0x3
 1399 0642 B4020000 		.4byte	.LC15
 1400 0646 00       		.byte	0
 1401 0647 0F       		.uleb128 0xf
 1402 0648 DA010000 		.4byte	.LVL75
 1403 064c 0E070000 		.4byte	0x70e
 1404 0650 5B060000 		.4byte	0x65b
 1405 0654 10       		.uleb128 0x10
 1406 0655 01       		.uleb128 0x1
 1407 0656 50       		.byte	0x50
 1408 0657 02       		.uleb128 0x2
 1409 0658 08       		.byte	0x8
 1410 0659 64       		.byte	0x64
 1411 065a 00       		.byte	0
 1412 065b 0F       		.uleb128 0xf
 1413 065c E6010000 		.4byte	.LVL76
 1414 0660 2F070000 		.4byte	0x72f
 1415 0664 7F060000 		.4byte	0x67f
 1416 0668 10       		.uleb128 0x10
 1417 0669 01       		.uleb128 0x1
 1418 066a 50       		.byte	0x50
 1419 066b 01       		.uleb128 0x1
 1420 066c 48       		.byte	0x48
 1421 066d 10       		.uleb128 0x10
 1422 066e 01       		.uleb128 0x1
 1423 066f 51       		.byte	0x51
 1424 0670 01       		.uleb128 0x1
 1425 0671 3C       		.byte	0x3c
 1426 0672 10       		.uleb128 0x10
 1427 0673 01       		.uleb128 0x1
 1428 0674 52       		.byte	0x52
 1429 0675 01       		.uleb128 0x1
 1430 0676 31       		.byte	0x31
 1431 0677 10       		.uleb128 0x10
 1432 0678 01       		.uleb128 0x1
 1433 0679 53       		.byte	0x53
 1434 067a 03       		.uleb128 0x3
 1435 067b 91       		.byte	0x91
 1436 067c B47F     		.sleb128 -76
 1437 067e 00       		.byte	0
 1438 067f 11       		.uleb128 0x11
ARM GAS  C:\Users\Mattia40\AppData\Local\Temp\ccv5FXLC.s 			page 32


 1439 0680 0E020000 		.4byte	.LVL80
 1440 0684 3A070000 		.4byte	0x73a
 1441 0688 10       		.uleb128 0x10
 1442 0689 01       		.uleb128 0x1
 1443 068a 50       		.byte	0x50
 1444 068b 03       		.uleb128 0x3
 1445 068c 91       		.byte	0x91
 1446 068d B87F     		.sleb128 -72
 1447 068f 10       		.uleb128 0x10
 1448 0690 01       		.uleb128 0x1
 1449 0691 51       		.byte	0x51
 1450 0692 01       		.uleb128 0x1
 1451 0693 34       		.byte	0x34
 1452 0694 00       		.byte	0
 1453 0695 00       		.byte	0
 1454 0696 13       		.uleb128 0x13
 1455 0697 C7000000 		.4byte	0xc7
 1456 069b A6060000 		.4byte	0x6a6
 1457 069f 14       		.uleb128 0x14
 1458 06a0 F9000000 		.4byte	0xf9
 1459 06a4 31       		.byte	0x31
 1460 06a5 00       		.byte	0
 1461 06a6 13       		.uleb128 0x13
 1462 06a7 8C000000 		.4byte	0x8c
 1463 06ab B6060000 		.4byte	0x6b6
 1464 06af 14       		.uleb128 0x14
 1465 06b0 F9000000 		.4byte	0xf9
 1466 06b4 03       		.byte	0x3
 1467 06b5 00       		.byte	0
 1468 06b6 13       		.uleb128 0x13
 1469 06b7 8C000000 		.4byte	0x8c
 1470 06bb C6060000 		.4byte	0x6c6
 1471 06bf 14       		.uleb128 0x14
 1472 06c0 F9000000 		.4byte	0xf9
 1473 06c4 01       		.byte	0x1
 1474 06c5 00       		.byte	0
 1475 06c6 15       		.uleb128 0x15
 1476 06c7 74020000 		.4byte	.LASF51
 1477 06cb 0A       		.byte	0xa
 1478 06cc 1207     		.2byte	0x712
 1479 06ce D2060000 		.4byte	0x6d2
 1480 06d2 16       		.uleb128 0x16
 1481 06d3 A2000000 		.4byte	0xa2
 1482 06d7 17       		.uleb128 0x17
 1483 06d8 2E000000 		.4byte	.LASF37
 1484 06dc 2E000000 		.4byte	.LASF37
 1485 06e0 06       		.byte	0x6
 1486 06e1 5D       		.byte	0x5d
 1487 06e2 17       		.uleb128 0x17
 1488 06e3 39030000 		.4byte	.LASF38
 1489 06e7 39030000 		.4byte	.LASF38
 1490 06eb 07       		.byte	0x7
 1491 06ec E7       		.byte	0xe7
 1492 06ed 17       		.uleb128 0x17
 1493 06ee 19000000 		.4byte	.LASF39
 1494 06f2 19000000 		.4byte	.LASF39
 1495 06f6 08       		.byte	0x8
ARM GAS  C:\Users\Mattia40\AppData\Local\Temp\ccv5FXLC.s 			page 33


 1496 06f7 8B       		.byte	0x8b
 1497 06f8 17       		.uleb128 0x17
 1498 06f9 49030000 		.4byte	.LASF40
 1499 06fd 49030000 		.4byte	.LASF40
 1500 0701 06       		.byte	0x6
 1501 0702 17       		.byte	0x17
 1502 0703 17       		.uleb128 0x17
 1503 0704 C2020000 		.4byte	.LASF41
 1504 0708 C2020000 		.4byte	.LASF41
 1505 070c 08       		.byte	0x8
 1506 070d 54       		.byte	0x54
 1507 070e 17       		.uleb128 0x17
 1508 070f 41030000 		.4byte	.LASF42
 1509 0713 41030000 		.4byte	.LASF42
 1510 0717 09       		.byte	0x9
 1511 0718 76       		.byte	0x76
 1512 0719 17       		.uleb128 0x17
 1513 071a DF020000 		.4byte	.LASF43
 1514 071e DF020000 		.4byte	.LASF43
 1515 0722 06       		.byte	0x6
 1516 0723 28       		.byte	0x28
 1517 0724 17       		.uleb128 0x17
 1518 0725 A4010000 		.4byte	.LASF44
 1519 0729 A4010000 		.4byte	.LASF44
 1520 072d 06       		.byte	0x6
 1521 072e 43       		.byte	0x43
 1522 072f 17       		.uleb128 0x17
 1523 0730 83010000 		.4byte	.LASF45
 1524 0734 83010000 		.4byte	.LASF45
 1525 0738 06       		.byte	0x6
 1526 0739 36       		.byte	0x36
 1527 073a 17       		.uleb128 0x17
 1528 073b 62000000 		.4byte	.LASF46
 1529 073f 62000000 		.4byte	.LASF46
 1530 0743 08       		.byte	0x8
 1531 0744 8C       		.byte	0x8c
 1532 0745 00       		.byte	0
 1533              		.section	.debug_abbrev,"",%progbits
 1534              	.Ldebug_abbrev0:
 1535 0000 01       		.uleb128 0x1
 1536 0001 11       		.uleb128 0x11
 1537 0002 01       		.byte	0x1
 1538 0003 25       		.uleb128 0x25
 1539 0004 0E       		.uleb128 0xe
 1540 0005 13       		.uleb128 0x13
 1541 0006 0B       		.uleb128 0xb
 1542 0007 03       		.uleb128 0x3
 1543 0008 0E       		.uleb128 0xe
 1544 0009 1B       		.uleb128 0x1b
 1545 000a 0E       		.uleb128 0xe
 1546 000b 55       		.uleb128 0x55
 1547 000c 17       		.uleb128 0x17
 1548 000d 11       		.uleb128 0x11
 1549 000e 01       		.uleb128 0x1
 1550 000f 10       		.uleb128 0x10
 1551 0010 17       		.uleb128 0x17
 1552 0011 00       		.byte	0
ARM GAS  C:\Users\Mattia40\AppData\Local\Temp\ccv5FXLC.s 			page 34


 1553 0012 00       		.byte	0
 1554 0013 02       		.uleb128 0x2
 1555 0014 24       		.uleb128 0x24
 1556 0015 00       		.byte	0
 1557 0016 0B       		.uleb128 0xb
 1558 0017 0B       		.uleb128 0xb
 1559 0018 3E       		.uleb128 0x3e
 1560 0019 0B       		.uleb128 0xb
 1561 001a 03       		.uleb128 0x3
 1562 001b 0E       		.uleb128 0xe
 1563 001c 00       		.byte	0
 1564 001d 00       		.byte	0
 1565 001e 03       		.uleb128 0x3
 1566 001f 16       		.uleb128 0x16
 1567 0020 00       		.byte	0
 1568 0021 03       		.uleb128 0x3
 1569 0022 0E       		.uleb128 0xe
 1570 0023 3A       		.uleb128 0x3a
 1571 0024 0B       		.uleb128 0xb
 1572 0025 3B       		.uleb128 0x3b
 1573 0026 0B       		.uleb128 0xb
 1574 0027 49       		.uleb128 0x49
 1575 0028 13       		.uleb128 0x13
 1576 0029 00       		.byte	0
 1577 002a 00       		.byte	0
 1578 002b 04       		.uleb128 0x4
 1579 002c 24       		.uleb128 0x24
 1580 002d 00       		.byte	0
 1581 002e 0B       		.uleb128 0xb
 1582 002f 0B       		.uleb128 0xb
 1583 0030 3E       		.uleb128 0x3e
 1584 0031 0B       		.uleb128 0xb
 1585 0032 03       		.uleb128 0x3
 1586 0033 08       		.uleb128 0x8
 1587 0034 00       		.byte	0
 1588 0035 00       		.byte	0
 1589 0036 05       		.uleb128 0x5
 1590 0037 16       		.uleb128 0x16
 1591 0038 00       		.byte	0
 1592 0039 03       		.uleb128 0x3
 1593 003a 0E       		.uleb128 0xe
 1594 003b 3A       		.uleb128 0x3a
 1595 003c 0B       		.uleb128 0xb
 1596 003d 3B       		.uleb128 0x3b
 1597 003e 05       		.uleb128 0x5
 1598 003f 49       		.uleb128 0x49
 1599 0040 13       		.uleb128 0x13
 1600 0041 00       		.byte	0
 1601 0042 00       		.byte	0
 1602 0043 06       		.uleb128 0x6
 1603 0044 04       		.uleb128 0x4
 1604 0045 01       		.byte	0x1
 1605 0046 0B       		.uleb128 0xb
 1606 0047 0B       		.uleb128 0xb
 1607 0048 49       		.uleb128 0x49
 1608 0049 13       		.uleb128 0x13
 1609 004a 3A       		.uleb128 0x3a
ARM GAS  C:\Users\Mattia40\AppData\Local\Temp\ccv5FXLC.s 			page 35


 1610 004b 0B       		.uleb128 0xb
 1611 004c 3B       		.uleb128 0x3b
 1612 004d 0B       		.uleb128 0xb
 1613 004e 01       		.uleb128 0x1
 1614 004f 13       		.uleb128 0x13
 1615 0050 00       		.byte	0
 1616 0051 00       		.byte	0
 1617 0052 07       		.uleb128 0x7
 1618 0053 28       		.uleb128 0x28
 1619 0054 00       		.byte	0
 1620 0055 03       		.uleb128 0x3
 1621 0056 0E       		.uleb128 0xe
 1622 0057 1C       		.uleb128 0x1c
 1623 0058 0B       		.uleb128 0xb
 1624 0059 00       		.byte	0
 1625 005a 00       		.byte	0
 1626 005b 08       		.uleb128 0x8
 1627 005c 2E       		.uleb128 0x2e
 1628 005d 01       		.byte	0x1
 1629 005e 3F       		.uleb128 0x3f
 1630 005f 19       		.uleb128 0x19
 1631 0060 03       		.uleb128 0x3
 1632 0061 0E       		.uleb128 0xe
 1633 0062 3A       		.uleb128 0x3a
 1634 0063 0B       		.uleb128 0xb
 1635 0064 3B       		.uleb128 0x3b
 1636 0065 0B       		.uleb128 0xb
 1637 0066 27       		.uleb128 0x27
 1638 0067 19       		.uleb128 0x19
 1639 0068 49       		.uleb128 0x49
 1640 0069 13       		.uleb128 0x13
 1641 006a 8701     		.uleb128 0x87
 1642 006c 19       		.uleb128 0x19
 1643 006d 11       		.uleb128 0x11
 1644 006e 01       		.uleb128 0x1
 1645 006f 12       		.uleb128 0x12
 1646 0070 06       		.uleb128 0x6
 1647 0071 40       		.uleb128 0x40
 1648 0072 18       		.uleb128 0x18
 1649 0073 9742     		.uleb128 0x2117
 1650 0075 19       		.uleb128 0x19
 1651 0076 01       		.uleb128 0x1
 1652 0077 13       		.uleb128 0x13
 1653 0078 00       		.byte	0
 1654 0079 00       		.byte	0
 1655 007a 09       		.uleb128 0x9
 1656 007b 34       		.uleb128 0x34
 1657 007c 00       		.byte	0
 1658 007d 03       		.uleb128 0x3
 1659 007e 0E       		.uleb128 0xe
 1660 007f 3A       		.uleb128 0x3a
 1661 0080 0B       		.uleb128 0xb
 1662 0081 3B       		.uleb128 0x3b
 1663 0082 0B       		.uleb128 0xb
 1664 0083 49       		.uleb128 0x49
 1665 0084 13       		.uleb128 0x13
 1666 0085 02       		.uleb128 0x2
ARM GAS  C:\Users\Mattia40\AppData\Local\Temp\ccv5FXLC.s 			page 36


 1667 0086 18       		.uleb128 0x18
 1668 0087 00       		.byte	0
 1669 0088 00       		.byte	0
 1670 0089 0A       		.uleb128 0xa
 1671 008a 34       		.uleb128 0x34
 1672 008b 00       		.byte	0
 1673 008c 03       		.uleb128 0x3
 1674 008d 0E       		.uleb128 0xe
 1675 008e 3A       		.uleb128 0x3a
 1676 008f 0B       		.uleb128 0xb
 1677 0090 3B       		.uleb128 0x3b
 1678 0091 0B       		.uleb128 0xb
 1679 0092 49       		.uleb128 0x49
 1680 0093 13       		.uleb128 0x13
 1681 0094 02       		.uleb128 0x2
 1682 0095 17       		.uleb128 0x17
 1683 0096 00       		.byte	0
 1684 0097 00       		.byte	0
 1685 0098 0B       		.uleb128 0xb
 1686 0099 34       		.uleb128 0x34
 1687 009a 00       		.byte	0
 1688 009b 03       		.uleb128 0x3
 1689 009c 0E       		.uleb128 0xe
 1690 009d 3A       		.uleb128 0x3a
 1691 009e 0B       		.uleb128 0xb
 1692 009f 3B       		.uleb128 0x3b
 1693 00a0 0B       		.uleb128 0xb
 1694 00a1 49       		.uleb128 0x49
 1695 00a2 13       		.uleb128 0x13
 1696 00a3 1C       		.uleb128 0x1c
 1697 00a4 0D       		.uleb128 0xd
 1698 00a5 00       		.byte	0
 1699 00a6 00       		.byte	0
 1700 00a7 0C       		.uleb128 0xc
 1701 00a8 34       		.uleb128 0x34
 1702 00a9 00       		.byte	0
 1703 00aa 03       		.uleb128 0x3
 1704 00ab 0E       		.uleb128 0xe
 1705 00ac 3A       		.uleb128 0x3a
 1706 00ad 0B       		.uleb128 0xb
 1707 00ae 3B       		.uleb128 0x3b
 1708 00af 0B       		.uleb128 0xb
 1709 00b0 49       		.uleb128 0x49
 1710 00b1 13       		.uleb128 0x13
 1711 00b2 1C       		.uleb128 0x1c
 1712 00b3 0B       		.uleb128 0xb
 1713 00b4 00       		.byte	0
 1714 00b5 00       		.byte	0
 1715 00b6 0D       		.uleb128 0xd
 1716 00b7 0B       		.uleb128 0xb
 1717 00b8 01       		.byte	0x1
 1718 00b9 11       		.uleb128 0x11
 1719 00ba 01       		.uleb128 0x1
 1720 00bb 12       		.uleb128 0x12
 1721 00bc 06       		.uleb128 0x6
 1722 00bd 01       		.uleb128 0x1
 1723 00be 13       		.uleb128 0x13
ARM GAS  C:\Users\Mattia40\AppData\Local\Temp\ccv5FXLC.s 			page 37


 1724 00bf 00       		.byte	0
 1725 00c0 00       		.byte	0
 1726 00c1 0E       		.uleb128 0xe
 1727 00c2 34       		.uleb128 0x34
 1728 00c3 00       		.byte	0
 1729 00c4 03       		.uleb128 0x3
 1730 00c5 08       		.uleb128 0x8
 1731 00c6 3A       		.uleb128 0x3a
 1732 00c7 0B       		.uleb128 0xb
 1733 00c8 3B       		.uleb128 0x3b
 1734 00c9 0B       		.uleb128 0xb
 1735 00ca 49       		.uleb128 0x49
 1736 00cb 13       		.uleb128 0x13
 1737 00cc 02       		.uleb128 0x2
 1738 00cd 17       		.uleb128 0x17
 1739 00ce 00       		.byte	0
 1740 00cf 00       		.byte	0
 1741 00d0 0F       		.uleb128 0xf
 1742 00d1 898201   		.uleb128 0x4109
 1743 00d4 01       		.byte	0x1
 1744 00d5 11       		.uleb128 0x11
 1745 00d6 01       		.uleb128 0x1
 1746 00d7 31       		.uleb128 0x31
 1747 00d8 13       		.uleb128 0x13
 1748 00d9 01       		.uleb128 0x1
 1749 00da 13       		.uleb128 0x13
 1750 00db 00       		.byte	0
 1751 00dc 00       		.byte	0
 1752 00dd 10       		.uleb128 0x10
 1753 00de 8A8201   		.uleb128 0x410a
 1754 00e1 00       		.byte	0
 1755 00e2 02       		.uleb128 0x2
 1756 00e3 18       		.uleb128 0x18
 1757 00e4 9142     		.uleb128 0x2111
 1758 00e6 18       		.uleb128 0x18
 1759 00e7 00       		.byte	0
 1760 00e8 00       		.byte	0
 1761 00e9 11       		.uleb128 0x11
 1762 00ea 898201   		.uleb128 0x4109
 1763 00ed 01       		.byte	0x1
 1764 00ee 11       		.uleb128 0x11
 1765 00ef 01       		.uleb128 0x1
 1766 00f0 31       		.uleb128 0x31
 1767 00f1 13       		.uleb128 0x13
 1768 00f2 00       		.byte	0
 1769 00f3 00       		.byte	0
 1770 00f4 12       		.uleb128 0x12
 1771 00f5 898201   		.uleb128 0x4109
 1772 00f8 00       		.byte	0
 1773 00f9 11       		.uleb128 0x11
 1774 00fa 01       		.uleb128 0x1
 1775 00fb 31       		.uleb128 0x31
 1776 00fc 13       		.uleb128 0x13
 1777 00fd 00       		.byte	0
 1778 00fe 00       		.byte	0
 1779 00ff 13       		.uleb128 0x13
 1780 0100 01       		.uleb128 0x1
ARM GAS  C:\Users\Mattia40\AppData\Local\Temp\ccv5FXLC.s 			page 38


 1781 0101 01       		.byte	0x1
 1782 0102 49       		.uleb128 0x49
 1783 0103 13       		.uleb128 0x13
 1784 0104 01       		.uleb128 0x1
 1785 0105 13       		.uleb128 0x13
 1786 0106 00       		.byte	0
 1787 0107 00       		.byte	0
 1788 0108 14       		.uleb128 0x14
 1789 0109 21       		.uleb128 0x21
 1790 010a 00       		.byte	0
 1791 010b 49       		.uleb128 0x49
 1792 010c 13       		.uleb128 0x13
 1793 010d 2F       		.uleb128 0x2f
 1794 010e 0B       		.uleb128 0xb
 1795 010f 00       		.byte	0
 1796 0110 00       		.byte	0
 1797 0111 15       		.uleb128 0x15
 1798 0112 34       		.uleb128 0x34
 1799 0113 00       		.byte	0
 1800 0114 03       		.uleb128 0x3
 1801 0115 0E       		.uleb128 0xe
 1802 0116 3A       		.uleb128 0x3a
 1803 0117 0B       		.uleb128 0xb
 1804 0118 3B       		.uleb128 0x3b
 1805 0119 05       		.uleb128 0x5
 1806 011a 49       		.uleb128 0x49
 1807 011b 13       		.uleb128 0x13
 1808 011c 3F       		.uleb128 0x3f
 1809 011d 19       		.uleb128 0x19
 1810 011e 3C       		.uleb128 0x3c
 1811 011f 19       		.uleb128 0x19
 1812 0120 00       		.byte	0
 1813 0121 00       		.byte	0
 1814 0122 16       		.uleb128 0x16
 1815 0123 35       		.uleb128 0x35
 1816 0124 00       		.byte	0
 1817 0125 49       		.uleb128 0x49
 1818 0126 13       		.uleb128 0x13
 1819 0127 00       		.byte	0
 1820 0128 00       		.byte	0
 1821 0129 17       		.uleb128 0x17
 1822 012a 2E       		.uleb128 0x2e
 1823 012b 00       		.byte	0
 1824 012c 3F       		.uleb128 0x3f
 1825 012d 19       		.uleb128 0x19
 1826 012e 3C       		.uleb128 0x3c
 1827 012f 19       		.uleb128 0x19
 1828 0130 6E       		.uleb128 0x6e
 1829 0131 0E       		.uleb128 0xe
 1830 0132 03       		.uleb128 0x3
 1831 0133 0E       		.uleb128 0xe
 1832 0134 3A       		.uleb128 0x3a
 1833 0135 0B       		.uleb128 0xb
 1834 0136 3B       		.uleb128 0x3b
 1835 0137 0B       		.uleb128 0xb
 1836 0138 00       		.byte	0
 1837 0139 00       		.byte	0
ARM GAS  C:\Users\Mattia40\AppData\Local\Temp\ccv5FXLC.s 			page 39


 1838 013a 00       		.byte	0
 1839              		.section	.debug_loc,"",%progbits
 1840              	.Ldebug_loc0:
 1841              	.LLST0:
 1842 0000 42000000 		.4byte	.LVL8
 1843 0004 4C000000 		.4byte	.LVL9
 1844 0008 0100     		.2byte	0x1
 1845 000a 50       		.byte	0x50
 1846 000b 58000000 		.4byte	.LVL12
 1847 000f 5A000000 		.4byte	.LVL13
 1848 0013 0100     		.2byte	0x1
 1849 0015 50       		.byte	0x50
 1850 0016 6A000000 		.4byte	.LVL15
 1851 001a 74000000 		.4byte	.LVL16
 1852 001e 0100     		.2byte	0x1
 1853 0020 50       		.byte	0x50
 1854 0021 80000000 		.4byte	.LVL19
 1855 0025 82000000 		.4byte	.LVL20
 1856 0029 0100     		.2byte	0x1
 1857 002b 50       		.byte	0x50
 1858 002c 92000000 		.4byte	.LVL22
 1859 0030 9C000000 		.4byte	.LVL23
 1860 0034 0100     		.2byte	0x1
 1861 0036 50       		.byte	0x50
 1862 0037 A8000000 		.4byte	.LVL26
 1863 003b AA000000 		.4byte	.LVL27
 1864 003f 0100     		.2byte	0x1
 1865 0041 50       		.byte	0x50
 1866 0042 CA000000 		.4byte	.LVL30
 1867 0046 D4000000 		.4byte	.LVL31
 1868 004a 0100     		.2byte	0x1
 1869 004c 50       		.byte	0x50
 1870 004d E0000000 		.4byte	.LVL34
 1871 0051 E2000000 		.4byte	.LVL35
 1872 0055 0100     		.2byte	0x1
 1873 0057 50       		.byte	0x50
 1874 0058 F2000000 		.4byte	.LVL37
 1875 005c FC000000 		.4byte	.LVL38
 1876 0060 0100     		.2byte	0x1
 1877 0062 50       		.byte	0x50
 1878 0063 08010000 		.4byte	.LVL41
 1879 0067 0A010000 		.4byte	.LVL42
 1880 006b 0100     		.2byte	0x1
 1881 006d 50       		.byte	0x50
 1882 006e 18010000 		.4byte	.LVL44
 1883 0072 22010000 		.4byte	.LVL45
 1884 0076 0100     		.2byte	0x1
 1885 0078 50       		.byte	0x50
 1886 0079 2E010000 		.4byte	.LVL48
 1887 007d 30010000 		.4byte	.LVL49
 1888 0081 0100     		.2byte	0x1
 1889 0083 50       		.byte	0x50
 1890 0084 4E010000 		.4byte	.LVL53
 1891 0088 58010000 		.4byte	.LVL54
 1892 008c 0100     		.2byte	0x1
 1893 008e 50       		.byte	0x50
 1894 008f 64010000 		.4byte	.LVL57
ARM GAS  C:\Users\Mattia40\AppData\Local\Temp\ccv5FXLC.s 			page 40


 1895 0093 66010000 		.4byte	.LVL58
 1896 0097 0100     		.2byte	0x1
 1897 0099 50       		.byte	0x50
 1898 009a 76010000 		.4byte	.LVL60
 1899 009e 80010000 		.4byte	.LVL61
 1900 00a2 0100     		.2byte	0x1
 1901 00a4 50       		.byte	0x50
 1902 00a5 8C010000 		.4byte	.LVL64
 1903 00a9 8E010000 		.4byte	.LVL65
 1904 00ad 0100     		.2byte	0x1
 1905 00af 50       		.byte	0x50
 1906 00b0 AC010000 		.4byte	.LVL68
 1907 00b4 B6010000 		.4byte	.LVL69
 1908 00b8 0100     		.2byte	0x1
 1909 00ba 50       		.byte	0x50
 1910 00bb C2010000 		.4byte	.LVL72
 1911 00bf C4010000 		.4byte	.LVL73
 1912 00c3 0100     		.2byte	0x1
 1913 00c5 50       		.byte	0x50
 1914 00c6 E6010000 		.4byte	.LVL76
 1915 00ca 0A020000 		.4byte	.LVL79
 1916 00ce 0100     		.2byte	0x1
 1917 00d0 50       		.byte	0x50
 1918 00d1 00000000 		.4byte	0
 1919 00d5 00000000 		.4byte	0
 1920              	.LLST1:
 1921 00d9 FA010000 		.4byte	.LVL77
 1922 00dd 02020000 		.4byte	.LVL78
 1923 00e1 0100     		.2byte	0x1
 1924 00e3 53       		.byte	0x53
 1925 00e4 02020000 		.4byte	.LVL78
 1926 00e8 0D020000 		.4byte	.LVL80-1
 1927 00ec 1400     		.2byte	0x14
 1928 00ee 72       		.byte	0x72
 1929 00ef 00       		.sleb128 0
 1930 00f0 38       		.byte	0x38
 1931 00f1 24       		.byte	0x24
 1932 00f2 91       		.byte	0x91
 1933 00f3 B47F     		.sleb128 -76
 1934 00f5 94       		.byte	0x94
 1935 00f6 01       		.byte	0x1
 1936 00f7 08       		.byte	0x8
 1937 00f8 FF       		.byte	0xff
 1938 00f9 1A       		.byte	0x1a
 1939 00fa 21       		.byte	0x21
 1940 00fb 09       		.byte	0x9
 1941 00fc F4       		.byte	0xf4
 1942 00fd 24       		.byte	0x24
 1943 00fe 09       		.byte	0x9
 1944 00ff FA       		.byte	0xfa
 1945 0100 26       		.byte	0x26
 1946 0101 9F       		.byte	0x9f
 1947 0102 00000000 		.4byte	0
 1948 0106 00000000 		.4byte	0
 1949              	.LLST2:
 1950 010a 14000000 		.4byte	.LVL2
 1951 010e 18000000 		.4byte	.LVL3
ARM GAS  C:\Users\Mattia40\AppData\Local\Temp\ccv5FXLC.s 			page 41


 1952 0112 0200     		.2byte	0x2
 1953 0114 30       		.byte	0x30
 1954 0115 9F       		.byte	0x9f
 1955 0116 18000000 		.4byte	.LVL3
 1956 011a 38010000 		.4byte	.LVL51
 1957 011e 0100     		.2byte	0x1
 1958 0120 54       		.byte	0x54
 1959 0121 00000000 		.4byte	0
 1960 0125 00000000 		.4byte	0
 1961              		.section	.debug_aranges,"",%progbits
 1962 0000 1C000000 		.4byte	0x1c
 1963 0004 0200     		.2byte	0x2
 1964 0006 00000000 		.4byte	.Ldebug_info0
 1965 000a 04       		.byte	0x4
 1966 000b 00       		.byte	0
 1967 000c 0000     		.2byte	0
 1968 000e 0000     		.2byte	0
 1969 0010 00000000 		.4byte	.LFB64
 1970 0014 54020000 		.4byte	.LFE64-.LFB64
 1971 0018 00000000 		.4byte	0
 1972 001c 00000000 		.4byte	0
 1973              		.section	.debug_ranges,"",%progbits
 1974              	.Ldebug_ranges0:
 1975 0000 00000000 		.4byte	.LFB64
 1976 0004 54020000 		.4byte	.LFE64
 1977 0008 00000000 		.4byte	0
 1978 000c 00000000 		.4byte	0
 1979              		.section	.debug_line,"",%progbits
 1980              	.Ldebug_line0:
 1981 0000 6B020000 		.section	.debug_str,"MS",%progbits,1
 1981      0200FD01 
 1981      00000201 
 1981      FB0E0D00 
 1981      01010101 
 1982              	.LASF24:
 1983 0000 6D657373 		.ascii	"message\000"
 1983      61676500 
 1984              	.LASF32:
 1985 0008 68656164 		.ascii	"header\000"
 1985      657200
 1986              	.LASF2:
 1987 000f 5F5F7569 		.ascii	"__uint8_t\000"
 1987      6E74385F 
 1987      7400
 1988              	.LASF39:
 1989 0019 55415254 		.ascii	"UART_Debug_PutString\000"
 1989      5F446562 
 1989      75675F50 
 1989      75745374 
 1989      72696E67 
 1990              	.LASF37:
 1991 002e 4932435F 		.ascii	"I2C_Peripheral_IsDeviceConnected\000"
 1991      50657269 
 1991      70686572 
 1991      616C5F49 
 1991      73446576 
 1992              	.LASF6:
ARM GAS  C:\Users\Mattia40\AppData\Local\Temp\ccv5FXLC.s 			page 42


 1993 004f 5F5F696E 		.ascii	"__int32_t\000"
 1993      7433325F 
 1993      7400
 1994              	.LASF7:
 1995 0059 6C6F6E67 		.ascii	"long int\000"
 1995      20696E74 
 1995      00
 1996              	.LASF46:
 1997 0062 55415254 		.ascii	"UART_Debug_PutArray\000"
 1997      5F446562 
 1997      75675F50 
 1997      75744172 
 1997      72617900 
 1998              	.LASF21:
 1999 0076 4572726F 		.ascii	"ErrorCode\000"
 1999      72436F64 
 1999      6500
 2000              	.LASF36:
 2001 0080 72656769 		.ascii	"register_count\000"
 2001      73746572 
 2001      5F636F75 
 2001      6E7400
 2002              	.LASF35:
 2003 008f 54656D70 		.ascii	"TemperatureData\000"
 2003      65726174 
 2003      75726544 
 2003      61746100 
 2004              	.LASF16:
 2005 009f 666C6F61 		.ascii	"float\000"
 2005      7400
 2006              	.LASF34:
 2007 00a5 4F757441 		.ascii	"OutArray\000"
 2007      72726179 
 2007      00
 2008              	.LASF1:
 2009 00ae 756E7369 		.ascii	"unsigned char\000"
 2009      676E6564 
 2009      20636861 
 2009      7200
 2010              	.LASF47:
 2011 00bc 474E5520 		.ascii	"GNU C11 5.4.1 20160609 (release) [ARM/embedded-5-br"
 2011      43313120 
 2011      352E342E 
 2011      31203230 
 2011      31363036 
 2012 00ef 616E6368 		.ascii	"anch revision 237715] -mcpu=cortex-m3 -mthumb -g -O"
 2012      20726576 
 2012      6973696F 
 2012      6E203233 
 2012      37373135 
 2013 0122 67202D66 		.ascii	"g -ffunction-sections -ffat-lto-objects\000"
 2013      66756E63 
 2013      74696F6E 
 2013      2D736563 
 2013      74696F6E 
 2014              	.LASF15:
 2015 014a 696E7431 		.ascii	"int16\000"
ARM GAS  C:\Users\Mattia40\AppData\Local\Temp\ccv5FXLC.s 			page 43


 2015      3600
 2016              	.LASF8:
 2017 0150 6C6F6E67 		.ascii	"long unsigned int\000"
 2017      20756E73 
 2017      69676E65 
 2017      6420696E 
 2017      7400
 2018              	.LASF5:
 2019 0162 73686F72 		.ascii	"short unsigned int\000"
 2019      7420756E 
 2019      7369676E 
 2019      65642069 
 2019      6E7400
 2020              	.LASF33:
 2021 0175 666F6F74 		.ascii	"footer\000"
 2021      657200
 2022              	.LASF17:
 2023 017c 646F7562 		.ascii	"double\000"
 2023      6C6500
 2024              	.LASF45:
 2025 0183 4932435F 		.ascii	"I2C_Peripheral_ReadRegisterMulti\000"
 2025      50657269 
 2025      70686572 
 2025      616C5F52 
 2025      65616452 
 2026              	.LASF44:
 2027 01a4 4932435F 		.ascii	"I2C_Peripheral_WriteRegister\000"
 2027      50657269 
 2027      70686572 
 2027      616C5F57 
 2027      72697465 
 2028              	.LASF50:
 2029 01c1 6D61696E 		.ascii	"main\000"
 2029      00
 2030              	.LASF3:
 2031 01c6 5F5F696E 		.ascii	"__int16_t\000"
 2031      7431365F 
 2031      7400
 2032              	.LASF28:
 2033 01d0 6374726C 		.ascii	"ctrl_reg1\000"
 2033      5F726567 
 2033      3100
 2034              	.LASF49:
 2035 01da 433A5C55 		.ascii	"C:\\Users\\Mattia40\\Desktop\\git\\PSoC_03_Complete"
 2035      73657273 
 2035      5C4D6174 
 2035      74696134 
 2035      305C4465 
 2036 0208 5C50536F 		.ascii	"\\PSoC_03\\AY1920_II_HW_05_PROJ_1.cydsn\000"
 2036      435F3033 
 2036      5C415931 
 2036      3932305F 
 2036      49495F48 
 2037              	.LASF30:
 2038 022e 6374726C 		.ascii	"ctrl_reg4\000"
 2038      5F726567 
 2038      3400
ARM GAS  C:\Users\Mattia40\AppData\Local\Temp\ccv5FXLC.s 			page 44


 2039              	.LASF11:
 2040 0238 756E7369 		.ascii	"unsigned int\000"
 2040      676E6564 
 2040      20696E74 
 2040      00
 2041              	.LASF10:
 2042 0245 6C6F6E67 		.ascii	"long long unsigned int\000"
 2042      206C6F6E 
 2042      6720756E 
 2042      7369676E 
 2042      65642069 
 2043              	.LASF12:
 2044 025c 75696E74 		.ascii	"uint8_t\000"
 2044      385F7400 
 2045              	.LASF31:
 2046 0264 4F757454 		.ascii	"OutTemp\000"
 2046      656D7000 
 2047              	.LASF13:
 2048 026c 696E7431 		.ascii	"int16_t\000"
 2048      365F7400 
 2049              	.LASF51:
 2050 0274 49544D5F 		.ascii	"ITM_RxBuffer\000"
 2050      52784275 
 2050      66666572 
 2050      00
 2051              	.LASF29:
 2052 0281 746D705F 		.ascii	"tmp_cfg_reg\000"
 2052      6366675F 
 2052      72656700 
 2053              	.LASF27:
 2054 028d 73746174 		.ascii	"status_register\000"
 2054      75735F72 
 2054      65676973 
 2054      74657200 
 2055              	.LASF14:
 2056 029d 696E7433 		.ascii	"int32_t\000"
 2056      325F7400 
 2057              	.LASF23:
 2058 02a5 73697A65 		.ascii	"sizetype\000"
 2058      74797065 
 2058      00
 2059              	.LASF26:
 2060 02ae 6572726F 		.ascii	"error\000"
 2060      7200
 2061              	.LASF9:
 2062 02b4 6C6F6E67 		.ascii	"long long int\000"
 2062      206C6F6E 
 2062      6720696E 
 2062      7400
 2063              	.LASF41:
 2064 02c2 55415254 		.ascii	"UART_Debug_Start\000"
 2064      5F446562 
 2064      75675F53 
 2064      74617274 
 2064      00
 2065              	.LASF48:
 2066 02d3 6D61696E 		.ascii	"main.c\000"
ARM GAS  C:\Users\Mattia40\AppData\Local\Temp\ccv5FXLC.s 			page 45


 2066      2E6300
 2067              	.LASF18:
 2068 02da 63686172 		.ascii	"char\000"
 2068      00
 2069              	.LASF43:
 2070 02df 4932435F 		.ascii	"I2C_Peripheral_ReadRegister\000"
 2070      50657269 
 2070      70686572 
 2070      616C5F52 
 2070      65616452 
 2071              	.LASF4:
 2072 02fb 73686F72 		.ascii	"short int\000"
 2072      7420696E 
 2072      7400
 2073              	.LASF19:
 2074 0305 4E4F5F45 		.ascii	"NO_ERROR\000"
 2074      52524F52 
 2074      00
 2075              	.LASF20:
 2076 030e 4552524F 		.ascii	"ERROR\000"
 2076      5200
 2077              	.LASF22:
 2078 0314 6C6F6E67 		.ascii	"long double\000"
 2078      20646F75 
 2078      626C6500 
 2079              	.LASF0:
 2080 0320 7369676E 		.ascii	"signed char\000"
 2080      65642063 
 2080      68617200 
 2081              	.LASF25:
 2082 032c 77686F5F 		.ascii	"who_am_i_reg\000"
 2082      616D5F69 
 2082      5F726567 
 2082      00
 2083              	.LASF38:
 2084 0339 73707269 		.ascii	"sprintf\000"
 2084      6E746600 
 2085              	.LASF42:
 2086 0341 43794465 		.ascii	"CyDelay\000"
 2086      6C617900 
 2087              	.LASF40:
 2088 0349 4932435F 		.ascii	"I2C_Peripheral_Start\000"
 2088      50657269 
 2088      70686572 
 2088      616C5F53 
 2088      74617274 
 2089              		.ident	"GCC: (GNU Tools for ARM Embedded Processors) 5.4.1 20160609 (release) [ARM/embedded-5-bran
